2025-11-03 01:53:38,027 [INFO] Device: CUDA
2025-11-03 01:53:38,029 [INFO] token_dim=5, num_buses=30, num_views=2
2025-11-03 01:53:38,724 [INFO] Using GRADIENT ACCUMULATION with 2 steps
2025-11-03 01:53:38,724 [INFO] --- Starting Pre-training ---
2025-11-03 01:53:39,114 [INFO] Epoch 001/1500 | Train: 2.191411e+00 | Val MSE: 2.020719e+00 | Val MAE: 1.162122e+00
2025-11-03 01:53:39,770 [INFO] Epoch 011/1500 | Train: 1.778815e+00 | Val MSE: 1.479034e+00 | Val MAE: 1.016296e+00
2025-11-03 01:53:40,250 [INFO] Epoch 021/1500 | Train: 7.851261e-01 | Val MSE: 5.901574e-01 | Val MAE: 6.059770e-01
2025-11-03 01:53:40,714 [INFO] Epoch 031/1500 | Train: 6.418766e-01 | Val MSE: 5.155007e-01 | Val MAE: 5.617032e-01
2025-11-03 01:53:41,204 [INFO] Epoch 041/1500 | Train: 6.157203e-01 | Val MSE: 5.316236e-01 | Val MAE: 5.593894e-01
2025-11-03 01:53:41,616 [INFO] Epoch 051/1500 | Train: 5.685240e-01 | Val MSE: 4.559906e-01 | Val MAE: 5.059520e-01
2025-11-03 01:53:42,169 [INFO] Epoch 061/1500 | Train: 5.475111e-01 | Val MSE: 4.815068e-01 | Val MAE: 5.301779e-01
2025-11-03 01:53:42,666 [INFO] Epoch 071/1500 | Train: 5.404639e-01 | Val MSE: 4.285552e-01 | Val MAE: 5.030399e-01
2025-11-03 01:53:43,282 [INFO] Epoch 081/1500 | Train: 5.268714e-01 | Val MSE: 4.411916e-01 | Val MAE: 5.039526e-01
2025-11-03 01:53:43,872 [INFO] Epoch 091/1500 | Train: 5.214815e-01 | Val MSE: 4.219118e-01 | Val MAE: 4.946283e-01
2025-11-03 01:53:44,517 [INFO] Epoch 101/1500 | Train: 5.149822e-01 | Val MSE: 4.143079e-01 | Val MAE: 4.931712e-01
2025-11-03 01:53:45,160 [INFO] Epoch 111/1500 | Train: 5.024056e-01 | Val MSE: 4.292005e-01 | Val MAE: 5.009376e-01
2025-11-03 01:53:45,836 [INFO] Epoch 121/1500 | Train: 5.053786e-01 | Val MSE: 4.080728e-01 | Val MAE: 4.873502e-01
2025-11-03 01:53:46,416 [INFO] Epoch 131/1500 | Train: 4.947302e-01 | Val MSE: 4.176403e-01 | Val MAE: 4.928276e-01
2025-11-03 01:53:47,096 [INFO] Epoch 141/1500 | Train: 4.841097e-01 | Val MSE: 4.107290e-01 | Val MAE: 4.803980e-01
2025-11-03 01:53:47,802 [INFO] Epoch 151/1500 | Train: 4.917320e-01 | Val MSE: 3.997347e-01 | Val MAE: 4.812433e-01
2025-11-03 01:53:48,414 [INFO] Epoch 161/1500 | Train: 4.798219e-01 | Val MSE: 4.029261e-01 | Val MAE: 4.813714e-01
2025-11-03 01:53:48,885 [INFO] Epoch 171/1500 | Train: 4.842390e-01 | Val MSE: 4.109543e-01 | Val MAE: 4.826606e-01
2025-11-03 01:53:49,293 [INFO] Epoch 181/1500 | Train: 4.710242e-01 | Val MSE: 4.151191e-01 | Val MAE: 4.925465e-01
2025-11-03 01:53:49,702 [INFO] Epoch 191/1500 | Train: 4.692177e-01 | Val MSE: 4.026700e-01 | Val MAE: 4.780081e-01
2025-11-03 01:53:50,163 [INFO] Epoch 201/1500 | Train: 4.790872e-01 | Val MSE: 3.989999e-01 | Val MAE: 4.737985e-01
2025-11-03 01:53:50,571 [INFO] Epoch 211/1500 | Train: 4.808132e-01 | Val MSE: 4.032708e-01 | Val MAE: 4.735333e-01
2025-11-03 01:53:50,896 [INFO] Early stopping at epoch 219
2025-11-03 01:53:50,896 [INFO] Total training time: 0m 12.17s
2025-11-03 01:53:51,241 [INFO] Loss curve saved to results_ieee30/n_2_m_200/pretraining_loss_curve.png
2025-11-03 01:53:51,241 [INFO] --- Starting Post-Training Analysis ---
2025-11-03 01:53:52,029 [INFO] Analysis plots saved to results_ieee30/n_2_m_200/analysis_plots
2025-11-03 01:53:52,030 [INFO] Metrics saved to results_ieee30/n_2_m_200/metrics.json
