2025-11-03 03:04:58,681 [INFO] Device: CUDA
2025-11-03 03:04:58,681 [INFO] Auto-adjusted batch size: 256 -> 32 (for N=20)
2025-11-03 03:04:58,696 [INFO] token_dim=5, num_buses=30, num_views=20
2025-11-03 03:04:59,279 [INFO] Using SEQUENTIAL view processing (memory-efficient)
2025-11-03 03:04:59,279 [INFO] --- Starting Pre-training ---
2025-11-03 03:05:05,162 [INFO] Epoch 001/1500 | Train: 8.812040e-01 | Val MSE: 5.974865e-01 | Val MAE: 5.934874e-01
2025-11-03 03:06:01,111 [INFO] Epoch 011/1500 | Train: 2.864924e-01 | Val MSE: 2.612498e-01 | Val MAE: 3.434408e-01
2025-11-03 03:07:01,320 [INFO] Epoch 021/1500 | Train: 1.385499e-01 | Val MSE: 1.181222e-01 | Val MAE: 2.105622e-01
2025-11-03 03:07:57,386 [INFO] Epoch 031/1500 | Train: 9.584211e-02 | Val MSE: 7.621690e-02 | Val MAE: 1.643434e-01
2025-11-03 03:08:54,443 [INFO] Epoch 041/1500 | Train: 7.090456e-02 | Val MSE: 4.817205e-02 | Val MAE: 1.224513e-01
2025-11-03 03:09:51,278 [INFO] Epoch 051/1500 | Train: 5.663443e-02 | Val MSE: 3.668703e-02 | Val MAE: 1.030920e-01
2025-11-03 03:10:47,404 [INFO] Epoch 061/1500 | Train: 4.887228e-02 | Val MSE: 3.123817e-02 | Val MAE: 9.626568e-02
2025-11-03 03:11:57,070 [INFO] Epoch 071/1500 | Train: 4.370347e-02 | Val MSE: 3.042343e-02 | Val MAE: 1.007340e-01
2025-11-03 03:14:03,789 [INFO] Epoch 081/1500 | Train: 4.000190e-02 | Val MSE: 2.669086e-02 | Val MAE: 8.833395e-02
2025-11-03 03:16:39,528 [INFO] Epoch 091/1500 | Train: 3.613408e-02 | Val MSE: 2.169007e-02 | Val MAE: 7.821653e-02
2025-11-03 03:19:21,305 [INFO] Epoch 101/1500 | Train: 3.423134e-02 | Val MSE: 2.301534e-02 | Val MAE: 8.289416e-02
2025-11-03 03:21:57,962 [INFO] Epoch 111/1500 | Train: 3.236938e-02 | Val MSE: 2.091466e-02 | Val MAE: 7.342465e-02
2025-11-03 03:24:30,984 [INFO] Epoch 121/1500 | Train: 3.080159e-02 | Val MSE: 1.555951e-02 | Val MAE: 6.580416e-02
2025-11-03 03:26:41,899 [INFO] Epoch 131/1500 | Train: 2.877905e-02 | Val MSE: 1.607325e-02 | Val MAE: 7.359950e-02
2025-11-03 03:28:23,036 [INFO] Epoch 141/1500 | Train: 2.612798e-02 | Val MSE: 1.380360e-02 | Val MAE: 5.920655e-02
2025-11-03 03:29:47,924 [INFO] Epoch 151/1500 | Train: 2.518459e-02 | Val MSE: 1.388759e-02 | Val MAE: 5.978732e-02
2025-11-03 03:31:13,401 [INFO] Epoch 161/1500 | Train: 2.454481e-02 | Val MSE: 1.470013e-02 | Val MAE: 6.033656e-02
2025-11-03 03:32:29,569 [INFO] Epoch 171/1500 | Train: 2.423361e-02 | Val MSE: 1.265620e-02 | Val MAE: 5.655786e-02
2025-11-03 03:33:25,393 [INFO] Epoch 181/1500 | Train: 2.342573e-02 | Val MSE: 1.319881e-02 | Val MAE: 5.680626e-02
2025-11-03 03:34:21,224 [INFO] Epoch 191/1500 | Train: 2.191513e-02 | Val MSE: 1.114347e-02 | Val MAE: 5.216969e-02
2025-11-03 03:35:17,378 [INFO] Epoch 201/1500 | Train: 2.195464e-02 | Val MSE: 1.124882e-02 | Val MAE: 5.227901e-02
2025-11-03 03:36:34,749 [INFO] Epoch 211/1500 | Train: 2.179237e-02 | Val MSE: 1.029620e-02 | Val MAE: 5.094097e-02
2025-11-03 03:37:59,664 [INFO] Epoch 221/1500 | Train: 2.092839e-02 | Val MSE: 9.810300e-03 | Val MAE: 4.891360e-02
2025-11-03 03:39:48,702 [INFO] Epoch 231/1500 | Train: 2.019778e-02 | Val MSE: 1.025779e-02 | Val MAE: 4.977935e-02
2025-11-03 03:41:36,754 [INFO] Epoch 241/1500 | Train: 2.019313e-02 | Val MSE: 1.056824e-02 | Val MAE: 4.962849e-02
2025-11-03 03:43:58,185 [INFO] Epoch 251/1500 | Train: 2.016651e-02 | Val MSE: 9.897847e-03 | Val MAE: 4.894404e-02
2025-11-03 03:46:51,877 [INFO] Epoch 261/1500 | Train: 2.019561e-02 | Val MSE: 9.046281e-03 | Val MAE: 4.755500e-02
2025-11-03 03:48:38,750 [INFO] Early stopping at epoch 268
2025-11-03 03:48:38,750 [INFO] Total training time: 43m 39.47s
2025-11-03 03:48:39,135 [INFO] Loss curve saved to results_ieee30/n_20_m_2000/pretraining_loss_curve.png
2025-11-03 03:48:39,135 [INFO] --- Starting Post-Training Analysis ---
2025-11-03 03:48:40,991 [INFO] Analysis plots saved to results_ieee30/n_20_m_2000/analysis_plots
2025-11-03 03:48:40,992 [INFO] Metrics saved to results_ieee30/n_20_m_2000/metrics.json
