[RUN] n=5 m=200 at 2025-11-03T02:16:17.889748
[RUN][CMD] /home/psquare_quantum/Desktop/ssl/bin/python check_new_fixed.py --num_views 5 --data_path data/m_200.npz --outdir results_ieee30/n_5_m_200 --seed 42 --epochs 1500 --batch_size 256 --mask_ratio 0.75 --embed_dim 128 --num_layers 6 --lr 0.0001 --weight_decay 1e-05 --patience 25 --auto_adjust_batch
2025-11-03 02:16:18,971 [INFO] Device: CUDA
2025-11-03 02:16:18,971 [INFO] Auto-adjusted batch size: 256 -> 128 (for N=5)
2025-11-03 02:16:18,973 [INFO] token_dim=5, num_buses=30, num_views=5
/home/psquare_quantum/Desktop/ssl/lib/python3.10/site-packages/torch/nn/modules/transformer.py:392: UserWarning: enable_nested_tensor is True, but self.use_nested_tensor is False because encoder_layer.norm_first was True
  warnings.warn(
2025-11-03 02:16:19,841 [INFO] Using GRADIENT ACCUMULATION with 2 steps
2025-11-03 02:16:19,841 [INFO] --- Starting Pre-training ---
2025-11-03 02:16:20,554 [INFO] Epoch 001/1500 | Train: 2.148134e+00 | Val MSE: 1.553117e+00 | Val MAE: 1.016410e+00
2025-11-03 02:16:23,669 [INFO] Epoch 011/1500 | Train: 9.403557e-01 | Val MSE: 9.812687e-01 | Val MAE: 8.044074e-01
2025-11-03 02:16:26,821 [INFO] Epoch 021/1500 | Train: 6.339521e-01 | Val MSE: 5.479564e-01 | Val MAE: 5.677849e-01
2025-11-03 02:16:29,865 [INFO] Epoch 031/1500 | Train: 6.137520e-01 | Val MSE: 5.296934e-01 | Val MAE: 5.594426e-01
2025-11-03 02:16:33,056 [INFO] Epoch 041/1500 | Train: 6.006651e-01 | Val MSE: 4.473483e-01 | Val MAE: 5.104535e-01
2025-11-03 02:16:36,047 [INFO] Epoch 051/1500 | Train: 5.503949e-01 | Val MSE: 4.862198e-01 | Val MAE: 5.332459e-01
2025-11-03 02:16:39,086 [INFO] Epoch 061/1500 | Train: 5.173801e-01 | Val MSE: 4.184946e-01 | Val MAE: 4.914632e-01
2025-11-03 02:16:42,245 [INFO] Epoch 071/1500 | Train: 4.984858e-01 | Val MSE: 4.089828e-01 | Val MAE: 4.854952e-01
2025-11-03 02:16:45,449 [INFO] Epoch 081/1500 | Train: 4.666826e-01 | Val MSE: 3.903853e-01 | Val MAE: 4.558173e-01
2025-11-03 02:16:48,598 [INFO] Epoch 091/1500 | Train: 4.570465e-01 | Val MSE: 3.448089e-01 | Val MAE: 4.291412e-01
2025-11-03 02:16:51,690 [INFO] Epoch 101/1500 | Train: 4.175526e-01 | Val MSE: 3.373821e-01 | Val MAE: 4.158962e-01
2025-11-03 02:16:54,869 [INFO] Epoch 111/1500 | Train: 3.993088e-01 | Val MSE: 3.233523e-01 | Val MAE: 4.064667e-01
2025-11-03 02:16:58,002 [INFO] Epoch 121/1500 | Train: 3.902422e-01 | Val MSE: 3.201232e-01 | Val MAE: 4.032897e-01
2025-11-03 02:17:01,095 [INFO] Epoch 131/1500 | Train: 3.870473e-01 | Val MSE: 3.293853e-01 | Val MAE: 4.004770e-01
2025-11-03 02:17:04,246 [INFO] Epoch 141/1500 | Train: 3.868317e-01 | Val MSE: 3.050565e-01 | Val MAE: 3.941152e-01
2025-11-03 02:17:07,385 [INFO] Epoch 151/1500 | Train: 3.958211e-01 | Val MSE: 3.079694e-01 | Val MAE: 3.933188e-01
2025-11-03 02:17:11,204 [INFO] Epoch 161/1500 | Train: 3.598028e-01 | Val MSE: 3.108695e-01 | Val MAE: 3.912047e-01
2025-11-03 02:17:14,793 [INFO] Epoch 171/1500 | Train: 3.574587e-01 | Val MSE: 3.077915e-01 | Val MAE: 3.863464e-01
2025-11-03 02:17:18,413 [INFO] Epoch 181/1500 | Train: 3.566921e-01 | Val MSE: 2.927647e-01 | Val MAE: 3.755832e-01
2025-11-03 02:17:18,796 [INFO] Early stopping at epoch 182
2025-11-03 02:17:18,796 [INFO] Total training time: 0m 58.96s
2025-11-03 02:17:19,184 [INFO] Loss curve saved to results_ieee30/n_5_m_200/pretraining_loss_curve.png
2025-11-03 02:17:19,185 [INFO] --- Starting Post-Training Analysis ---
/home/psquare_quantum/Desktop/ssl/lib/python3.10/site-packages/torch/nn/modules/transformer.py:392: UserWarning: enable_nested_tensor is True, but self.use_nested_tensor is False because encoder_layer.norm_first was True
  warnings.warn(
2025-11-03 02:17:21,371 [INFO] Analysis plots saved to results_ieee30/n_5_m_200/analysis_plots
2025-11-03 02:17:21,372 [INFO] Metrics saved to results_ieee30/n_5_m_200/metrics.json

[RUN] rc=0, elapsed=63.96s
