2025-11-03 02:18:53,835 [INFO] Device: CUDA
2025-11-03 02:18:53,835 [INFO] Auto-adjusted batch size: 256 -> 80 (for N=8)
2025-11-03 02:18:53,850 [INFO] token_dim=5, num_buses=30, num_views=8
2025-11-03 02:18:54,439 [INFO] Using SEQUENTIAL view processing (memory-efficient)
2025-11-03 02:18:54,439 [INFO] --- Starting Pre-training ---
2025-11-03 02:18:56,400 [INFO] Epoch 001/1500 | Train: 9.938659e-01 | Val MSE: 7.455768e-01 | Val MAE: 6.714737e-01
2025-11-03 02:19:12,945 [INFO] Epoch 011/1500 | Train: 4.257744e-01 | Val MSE: 4.435282e-01 | Val MAE: 4.779878e-01
2025-11-03 02:19:29,725 [INFO] Epoch 021/1500 | Train: 3.044403e-01 | Val MSE: 2.947035e-01 | Val MAE: 3.711343e-01
2025-11-03 02:19:46,392 [INFO] Epoch 031/1500 | Train: 2.037139e-01 | Val MSE: 1.773110e-01 | Val MAE: 2.746706e-01
2025-11-03 02:20:02,869 [INFO] Epoch 041/1500 | Train: 1.452174e-01 | Val MSE: 1.299275e-01 | Val MAE: 2.236125e-01
2025-11-03 02:20:19,369 [INFO] Epoch 051/1500 | Train: 1.203861e-01 | Val MSE: 1.012381e-01 | Val MAE: 1.873957e-01
2025-11-03 02:20:35,744 [INFO] Epoch 061/1500 | Train: 9.663047e-02 | Val MSE: 7.538245e-02 | Val MAE: 1.592263e-01
2025-11-03 02:20:52,132 [INFO] Epoch 071/1500 | Train: 8.498920e-02 | Val MSE: 6.587410e-02 | Val MAE: 1.387116e-01
2025-11-03 02:21:08,277 [INFO] Epoch 081/1500 | Train: 7.534487e-02 | Val MSE: 5.471822e-02 | Val MAE: 1.302132e-01
2025-11-03 02:21:24,597 [INFO] Epoch 091/1500 | Train: 6.876049e-02 | Val MSE: 5.074011e-02 | Val MAE: 1.245741e-01
2025-11-03 02:21:40,746 [INFO] Epoch 101/1500 | Train: 6.098800e-02 | Val MSE: 4.232223e-02 | Val MAE: 1.104228e-01
2025-11-03 02:21:57,144 [INFO] Epoch 111/1500 | Train: 5.820235e-02 | Val MSE: 4.142373e-02 | Val MAE: 1.102764e-01
2025-11-03 02:22:13,403 [INFO] Epoch 121/1500 | Train: 5.360108e-02 | Val MSE: 3.396273e-02 | Val MAE: 9.963051e-02
2025-11-03 02:22:29,681 [INFO] Epoch 131/1500 | Train: 5.104641e-02 | Val MSE: 3.199523e-02 | Val MAE: 9.974437e-02
2025-11-03 02:22:45,878 [INFO] Epoch 141/1500 | Train: 4.855261e-02 | Val MSE: 3.380996e-02 | Val MAE: 9.721038e-02
2025-11-03 02:23:02,032 [INFO] Epoch 151/1500 | Train: 4.499423e-02 | Val MSE: 3.195267e-02 | Val MAE: 9.303004e-02
2025-11-03 02:23:18,327 [INFO] Epoch 161/1500 | Train: 4.349928e-02 | Val MSE: 2.890386e-02 | Val MAE: 8.943378e-02
2025-11-03 02:23:34,672 [INFO] Epoch 171/1500 | Train: 4.253494e-02 | Val MSE: 2.627434e-02 | Val MAE: 8.858444e-02
2025-11-03 02:23:51,066 [INFO] Epoch 181/1500 | Train: 3.845761e-02 | Val MSE: 2.586990e-02 | Val MAE: 8.242610e-02
2025-11-03 02:24:07,245 [INFO] Epoch 191/1500 | Train: 3.773471e-02 | Val MSE: 2.077316e-02 | Val MAE: 7.806945e-02
2025-11-03 02:24:23,678 [INFO] Epoch 201/1500 | Train: 3.621927e-02 | Val MSE: 2.033103e-02 | Val MAE: 7.765004e-02
2025-11-03 02:24:39,819 [INFO] Epoch 211/1500 | Train: 3.667601e-02 | Val MSE: 2.269026e-02 | Val MAE: 7.678126e-02
2025-11-03 02:24:56,156 [INFO] Epoch 221/1500 | Train: 3.548111e-02 | Val MSE: 1.917772e-02 | Val MAE: 7.485949e-02
2025-11-03 02:25:12,380 [INFO] Epoch 231/1500 | Train: 3.540520e-02 | Val MSE: 2.149148e-02 | Val MAE: 7.981035e-02
2025-11-03 02:25:28,436 [INFO] Epoch 241/1500 | Train: 3.359617e-02 | Val MSE: 2.124447e-02 | Val MAE: 7.291589e-02
2025-11-03 02:25:44,632 [INFO] Epoch 251/1500 | Train: 3.219627e-02 | Val MSE: 1.802595e-02 | Val MAE: 6.989599e-02
2025-11-03 02:25:44,632 [INFO] Early stopping at epoch 251
2025-11-03 02:25:44,632 [INFO] Total training time: 6m 50.19s
2025-11-03 02:25:44,965 [INFO] Loss curve saved to results_ieee30/n_8_m_2000/pretraining_loss_curve.png
2025-11-03 02:25:44,965 [INFO] --- Starting Post-Training Analysis ---
2025-11-03 02:25:45,937 [INFO] Analysis plots saved to results_ieee30/n_8_m_2000/analysis_plots
2025-11-03 02:25:45,938 [INFO] Metrics saved to results_ieee30/n_8_m_2000/metrics.json
