2025-11-06 03:53:27,182 [INFO] Device: CUDA
2025-11-06 03:53:27,182 [INFO] Auto-adjusted batch size: 128 -> 12 (for N=50)
2025-11-06 03:53:27,283 [INFO] token_dim=5, num_buses=30, num_views=50
2025-11-06 03:53:27,950 [INFO] Using SEQUENTIAL view processing (memory-efficient)
2025-11-06 03:53:27,950 [INFO] --- Starting Pre-training ---
2025-11-06 03:57:34,018 [INFO] Epoch 001/1500 | Train: 3.858880e-01 | Val MSE: 1.533644e-01 | Val MAE: 2.519724e-01
2025-11-06 04:38:10,926 [INFO] Epoch 011/1500 | Train: 2.494286e-02 | Val MSE: 1.304274e-02 | Val MAE: 5.899001e-02
2025-11-06 05:18:41,548 [INFO] Epoch 021/1500 | Train: 1.682319e-02 | Val MSE: 8.399263e-03 | Val MAE: 4.768012e-02
2025-11-06 05:59:07,445 [INFO] Epoch 031/1500 | Train: 1.344304e-02 | Val MSE: 5.517674e-03 | Val MAE: 3.594648e-02
2025-11-06 06:39:38,393 [INFO] Epoch 041/1500 | Train: 1.155223e-02 | Val MSE: 5.697686e-03 | Val MAE: 3.358410e-02
2025-11-06 07:20:12,807 [INFO] Epoch 051/1500 | Train: 1.025968e-02 | Val MSE: 4.328190e-03 | Val MAE: 3.143450e-02
2025-11-06 08:00:44,011 [INFO] Epoch 061/1500 | Train: 9.248132e-03 | Val MSE: 4.089654e-03 | Val MAE: 3.062300e-02
2025-11-06 08:41:20,845 [INFO] Epoch 071/1500 | Train: 7.267886e-03 | Val MSE: 2.686012e-03 | Val MAE: 2.303044e-02
2025-11-06 09:21:48,932 [INFO] Epoch 081/1500 | Train: 6.940606e-03 | Val MSE: 2.497500e-03 | Val MAE: 2.219378e-02
2025-11-06 10:02:16,154 [INFO] Epoch 091/1500 | Train: 6.614464e-03 | Val MSE: 2.635448e-03 | Val MAE: 2.257346e-02
2025-11-06 10:42:44,217 [INFO] Epoch 101/1500 | Train: 5.776143e-03 | Val MSE: 1.947400e-03 | Val MAE: 1.932880e-02
2025-11-06 11:23:16,817 [INFO] Epoch 111/1500 | Train: 5.561199e-03 | Val MSE: 1.793916e-03 | Val MAE: 1.859787e-02
2025-11-06 12:03:50,576 [INFO] Epoch 121/1500 | Train: 5.363730e-03 | Val MSE: 1.847445e-03 | Val MAE: 1.867187e-02
2025-11-06 12:44:20,655 [INFO] Epoch 131/1500 | Train: 5.226494e-03 | Val MSE: 1.822957e-03 | Val MAE: 1.871366e-02
2025-11-06 13:24:51,846 [INFO] Epoch 141/1500 | Train: 4.891087e-03 | Val MSE: 1.582635e-03 | Val MAE: 1.742621e-02
2025-11-06 14:05:26,228 [INFO] Epoch 151/1500 | Train: 4.761144e-03 | Val MSE: 1.455591e-03 | Val MAE: 1.679021e-02
2025-11-06 14:45:57,012 [INFO] Epoch 161/1500 | Train: 4.724851e-03 | Val MSE: 1.346651e-03 | Val MAE: 1.638534e-02
2025-11-06 15:26:26,326 [INFO] Epoch 171/1500 | Train: 4.554974e-03 | Val MSE: 1.270711e-03 | Val MAE: 1.555733e-02
2025-11-06 16:06:54,811 [INFO] Epoch 181/1500 | Train: 4.484908e-03 | Val MSE: 1.292462e-03 | Val MAE: 1.596924e-02
2025-11-06 16:47:29,890 [INFO] Epoch 191/1500 | Train: 4.385189e-03 | Val MSE: 1.184903e-03 | Val MAE: 1.495742e-02
2025-11-06 17:28:03,344 [INFO] Epoch 201/1500 | Train: 4.362959e-03 | Val MSE: 1.166842e-03 | Val MAE: 1.494426e-02
2025-11-06 18:08:42,602 [INFO] Epoch 211/1500 | Train: 4.295565e-03 | Val MSE: 1.074153e-03 | Val MAE: 1.464917e-02
2025-11-06 18:52:13,628 [INFO] Epoch 221/1500 | Train: 4.307506e-03 | Val MSE: 1.103326e-03 | Val MAE: 1.477340e-02
2025-11-06 19:37:36,725 [INFO] Epoch 231/1500 | Train: 4.291143e-03 | Val MSE: 1.085108e-03 | Val MAE: 1.456426e-02
2025-11-06 20:21:30,294 [INFO] Epoch 241/1500 | Train: 4.259306e-03 | Val MSE: 1.102786e-03 | Val MAE: 1.450913e-02
2025-11-06 21:02:07,612 [INFO] Epoch 251/1500 | Train: 4.273568e-03 | Val MSE: 1.083303e-03 | Val MAE: 1.453032e-02
2025-11-06 21:42:49,696 [INFO] Epoch 261/1500 | Train: 4.264901e-03 | Val MSE: 1.077529e-03 | Val MAE: 1.445707e-02
2025-11-06 22:23:28,686 [INFO] Epoch 271/1500 | Train: 4.267573e-03 | Val MSE: 1.051539e-03 | Val MAE: 1.441131e-02
2025-11-06 23:04:06,178 [INFO] Epoch 281/1500 | Train: 4.267600e-03 | Val MSE: 1.056313e-03 | Val MAE: 1.440246e-02
2025-11-06 23:44:47,495 [INFO] Epoch 291/1500 | Train: 4.254813e-03 | Val MSE: 1.044509e-03 | Val MAE: 1.447083e-02
2025-11-07 00:21:23,048 [INFO] Early stopping at epoch 300
2025-11-07 00:21:23,048 [INFO] Total training time: 1227m 55.10s
2025-11-07 00:21:23,403 [INFO] Loss curve saved to results_ieee30/n_50_m_15000/pretraining_loss_curve.png
2025-11-07 00:21:23,404 [INFO] --- Starting Post-Training Analysis ---
2025-11-07 00:21:26,038 [INFO] Analysis plots saved to results_ieee30/n_50_m_15000/analysis_plots
2025-11-07 00:21:26,039 [INFO] Metrics saved to results_ieee30/n_50_m_15000/metrics.json
