[RUN] n=20 m=200 at 2025-11-03T03:14:16.130790
[RUN][CMD] /home/psquare_quantum/Desktop/ssl/bin/python check_new_fixed.py --num_views 20 --data_path data/m_200.npz --outdir results_ieee30/n_20_m_200 --seed 42 --epochs 1500 --batch_size 256 --mask_ratio 0.75 --embed_dim 128 --num_layers 6 --lr 0.0001 --weight_decay 1e-05 --patience 25 --memory_efficient --auto_adjust_batch
2025-11-03 03:14:17,238 [INFO] Device: CUDA
2025-11-03 03:14:17,238 [INFO] Auto-adjusted batch size: 256 -> 32 (for N=20)
2025-11-03 03:14:17,240 [INFO] token_dim=5, num_buses=30, num_views=20
/home/psquare_quantum/Desktop/ssl/lib/python3.10/site-packages/torch/nn/modules/transformer.py:392: UserWarning: enable_nested_tensor is True, but self.use_nested_tensor is False because encoder_layer.norm_first was True
  warnings.warn(
2025-11-03 03:14:18,253 [INFO] Using SEQUENTIAL view processing (memory-efficient)
2025-11-03 03:14:18,253 [INFO] --- Starting Pre-training ---
2025-11-03 03:14:20,676 [INFO] Epoch 001/1500 | Train: 1.759785e+00 | Val MSE: 1.280865e+00 | Val MAE: 9.469019e-01
2025-11-03 03:14:39,093 [INFO] Epoch 011/1500 | Train: 5.944503e-01 | Val MSE: 5.437728e-01 | Val MAE: 5.770435e-01
2025-11-03 03:14:57,417 [INFO] Epoch 021/1500 | Train: 5.361694e-01 | Val MSE: 4.664267e-01 | Val MAE: 5.172554e-01
2025-11-03 03:15:15,928 [INFO] Epoch 031/1500 | Train: 4.740818e-01 | Val MSE: 3.693728e-01 | Val MAE: 4.519986e-01
2025-11-03 03:15:34,046 [INFO] Epoch 041/1500 | Train: 4.403060e-01 | Val MSE: 3.288420e-01 | Val MAE: 4.126458e-01
2025-11-03 03:15:52,629 [INFO] Epoch 051/1500 | Train: 3.652907e-01 | Val MSE: 3.131411e-01 | Val MAE: 3.985757e-01
2025-11-03 03:16:10,717 [INFO] Epoch 061/1500 | Train: 3.501689e-01 | Val MSE: 3.139281e-01 | Val MAE: 3.947853e-01
2025-11-03 03:16:29,736 [INFO] Epoch 071/1500 | Train: 3.243441e-01 | Val MSE: 2.876295e-01 | Val MAE: 3.652095e-01
2025-11-03 03:16:52,389 [INFO] Epoch 081/1500 | Train: 2.976441e-01 | Val MSE: 2.737155e-01 | Val MAE: 3.561307e-01
2025-11-03 03:17:12,117 [INFO] Epoch 091/1500 | Train: 3.056228e-01 | Val MSE: 2.697100e-01 | Val MAE: 3.639144e-01
2025-11-03 03:17:30,562 [INFO] Epoch 101/1500 | Train: 2.896905e-01 | Val MSE: 2.252389e-01 | Val MAE: 3.199631e-01
2025-11-03 03:17:48,942 [INFO] Epoch 111/1500 | Train: 2.194623e-01 | Val MSE: 1.953347e-01 | Val MAE: 2.959098e-01
2025-11-03 03:18:07,154 [INFO] Epoch 121/1500 | Train: 2.362311e-01 | Val MSE: 1.775979e-01 | Val MAE: 2.797885e-01
2025-11-03 03:18:25,602 [INFO] Epoch 131/1500 | Train: 2.140855e-01 | Val MSE: 1.621500e-01 | Val MAE: 2.647866e-01
2025-11-03 03:18:44,082 [INFO] Epoch 141/1500 | Train: 1.787966e-01 | Val MSE: 1.485134e-01 | Val MAE: 2.490732e-01
2025-11-03 03:19:02,363 [INFO] Epoch 151/1500 | Train: 1.845856e-01 | Val MSE: 1.491320e-01 | Val MAE: 2.486280e-01
2025-11-03 03:19:20,402 [INFO] Epoch 161/1500 | Train: 1.557636e-01 | Val MSE: 1.409023e-01 | Val MAE: 2.408988e-01
2025-11-03 03:19:38,488 [INFO] Epoch 171/1500 | Train: 1.513260e-01 | Val MSE: 1.200414e-01 | Val MAE: 2.160485e-01
2025-11-03 03:19:56,866 [INFO] Epoch 181/1500 | Train: 1.325469e-01 | Val MSE: 1.128894e-01 | Val MAE: 2.061468e-01
2025-11-03 03:20:15,351 [INFO] Epoch 191/1500 | Train: 1.428916e-01 | Val MSE: 1.106085e-01 | Val MAE: 2.007324e-01
2025-11-03 03:20:33,956 [INFO] Epoch 201/1500 | Train: 1.302193e-01 | Val MSE: 1.035117e-01 | Val MAE: 1.961675e-01
2025-11-03 03:20:52,448 [INFO] Epoch 211/1500 | Train: 1.296584e-01 | Val MSE: 1.077655e-01 | Val MAE: 2.011680e-01
2025-11-03 03:21:10,899 [INFO] Epoch 221/1500 | Train: 1.201676e-01 | Val MSE: 1.046005e-01 | Val MAE: 1.969854e-01
2025-11-03 03:21:28,917 [INFO] Epoch 231/1500 | Train: 1.087299e-01 | Val MSE: 1.073244e-01 | Val MAE: 1.968588e-01
2025-11-03 03:21:43,776 [INFO] Early stopping at epoch 239
2025-11-03 03:21:43,777 [INFO] Total training time: 7m 25.52s
2025-11-03 03:21:44,146 [INFO] Loss curve saved to results_ieee30/n_20_m_200/pretraining_loss_curve.png
2025-11-03 03:21:44,147 [INFO] --- Starting Post-Training Analysis ---
/home/psquare_quantum/Desktop/ssl/lib/python3.10/site-packages/torch/nn/modules/transformer.py:392: UserWarning: enable_nested_tensor is True, but self.use_nested_tensor is False because encoder_layer.norm_first was True
  warnings.warn(
2025-11-03 03:21:46,581 [INFO] Analysis plots saved to results_ieee30/n_20_m_200/analysis_plots
2025-11-03 03:21:46,582 [INFO] Metrics saved to results_ieee30/n_20_m_200/metrics.json

[RUN] rc=0, elapsed=450.92s
