2025-10-17 00:11:44,506 [INFO] Dataset not found at dataset_ieee30.npz. Generating new data...
2025-10-17 00:17:45,532 [INFO] Device: CUDA
2025-10-17 00:17:45,532 [INFO] Detected token_dim=5, num_buses=30
2025-10-17 00:17:46,163 [INFO] --- Starting Pre-training ---
2025-10-17 00:17:48,471 [INFO] Epoch 001/1500 | Train Loss: 7.982386e-01 | Val MSE: 5.246177e-01 | Val MAE: 5.578696e-01
2025-10-17 00:18:08,349 [INFO] Epoch 011/1500 | Train Loss: 1.832106e-01 | Val MSE: 1.360151e-01 | Val MAE: 2.343458e-01
2025-10-17 00:18:28,207 [INFO] Epoch 021/1500 | Train Loss: 1.081424e-01 | Val MSE: 8.038082e-02 | Val MAE: 1.625380e-01
2025-10-17 00:18:48,200 [INFO] Epoch 031/1500 | Train Loss: 7.688165e-02 | Val MSE: 5.845978e-02 | Val MAE: 1.318941e-01
2025-10-17 00:19:08,058 [INFO] Epoch 041/1500 | Train Loss: 6.010135e-02 | Val MSE: 3.771646e-02 | Val MAE: 1.040901e-01
2025-10-17 00:19:27,767 [INFO] Epoch 051/1500 | Train Loss: 5.127604e-02 | Val MSE: 3.144844e-02 | Val MAE: 9.619233e-02
2025-10-17 00:19:47,583 [INFO] Epoch 061/1500 | Train Loss: 4.543851e-02 | Val MSE: 2.345954e-02 | Val MAE: 8.597246e-02
2025-10-17 00:20:07,333 [INFO] Epoch 071/1500 | Train Loss: 4.235016e-02 | Val MSE: 2.354077e-02 | Val MAE: 8.184300e-02
2025-10-17 00:20:27,019 [INFO] Epoch 081/1500 | Train Loss: 3.836701e-02 | Val MSE: 2.011984e-02 | Val MAE: 7.481447e-02
2025-10-17 00:20:46,777 [INFO] Epoch 091/1500 | Train Loss: 3.628341e-02 | Val MSE: 2.357947e-02 | Val MAE: 7.719279e-02
2025-10-17 00:21:06,427 [INFO] Epoch 101/1500 | Train Loss: 3.415030e-02 | Val MSE: 1.714445e-02 | Val MAE: 6.846327e-02
2025-10-17 00:21:25,959 [INFO] Epoch 111/1500 | Train Loss: 3.064448e-02 | Val MSE: 1.459672e-02 | Val MAE: 6.225728e-02
2025-10-17 00:21:45,610 [INFO] Epoch 121/1500 | Train Loss: 2.937930e-02 | Val MSE: 1.552400e-02 | Val MAE: 6.536245e-02
2025-10-17 00:22:05,134 [INFO] Epoch 131/1500 | Train Loss: 2.803993e-02 | Val MSE: 1.264726e-02 | Val MAE: 5.620268e-02
2025-10-17 00:22:24,849 [INFO] Epoch 141/1500 | Train Loss: 2.702373e-02 | Val MSE: 1.199041e-02 | Val MAE: 5.530244e-02
2025-10-17 00:22:44,392 [INFO] Epoch 151/1500 | Train Loss: 2.557209e-02 | Val MSE: 1.219024e-02 | Val MAE: 5.457731e-02
2025-10-17 00:23:03,912 [INFO] Epoch 161/1500 | Train Loss: 2.514863e-02 | Val MSE: 1.399415e-02 | Val MAE: 5.578317e-02
2025-10-17 00:23:23,454 [INFO] Epoch 171/1500 | Train Loss: 2.496061e-02 | Val MSE: 1.078095e-02 | Val MAE: 5.235936e-02
2025-10-17 00:23:42,974 [INFO] Epoch 181/1500 | Train Loss: 2.378480e-02 | Val MSE: 9.954697e-03 | Val MAE: 5.048667e-02
2025-10-17 00:23:56,651 [INFO] Early stopping at epoch 188
2025-10-17 00:23:56,651 [INFO] --- Pre-training Finished ---
2025-10-17 00:23:56,651 [INFO] Total training time: 6 minutes and 10.49 seconds.
2025-10-17 00:23:56,997 [INFO] Loss curve saved to pretraining_loss_curve.png
2025-10-17 00:23:56,997 [INFO] --- Starting Post-Training Analysis ---
2025-10-17 00:23:57,744 [INFO] Reconstruction scatter plot saved to analysis_plots/reconstruction_scatter.png
2025-10-17 00:23:58,088 [INFO] Error distribution plot saved to analysis_plots/error_distribution.png
2025-10-17 00:23:58,088 [INFO] --- Analysis Complete ---
