[RUN] n=15 m=5000 at 2025-11-04T07:59:45.770764
[RUN][CMD] /home/psquare_quantum/Desktop/ssl/bin/python check_new_fixed.py --num_views 15 --data_path data/m_5000.npz --outdir results_ieee30/n_15_m_5000 --seed 42 --epochs 1500 --batch_size 128 --mask_ratio 0.75 --embed_dim 128 --num_layers 6 --lr 0.0001 --weight_decay 1e-05 --patience 25 --memory_efficient --auto_adjust_batch
2025-11-04 07:59:46,780 [INFO] Device: CUDA
2025-11-04 07:59:46,780 [INFO] Auto-adjusted batch size: 128 -> 42 (for N=15)
2025-11-04 07:59:46,817 [INFO] token_dim=5, num_buses=30, num_views=15
/home/psquare_quantum/Desktop/ssl/lib/python3.10/site-packages/torch/nn/modules/transformer.py:392: UserWarning: enable_nested_tensor is True, but self.use_nested_tensor is False because encoder_layer.norm_first was True
  warnings.warn(
2025-11-04 07:59:47,426 [INFO] Using SEQUENTIAL view processing (memory-efficient)
2025-11-04 07:59:47,426 [INFO] --- Starting Pre-training ---
2025-11-04 07:59:56,479 [INFO] Epoch 001/1500 | Train: 7.407068e-01 | Val MSE: 5.272696e-01 | Val MAE: 5.469986e-01
2025-11-04 08:01:24,044 [INFO] Epoch 011/1500 | Train: 1.357117e-01 | Val MSE: 1.096327e-01 | Val MAE: 1.916625e-01
2025-11-04 08:02:52,416 [INFO] Epoch 021/1500 | Train: 7.012674e-02 | Val MSE: 4.315938e-02 | Val MAE: 1.123798e-01
2025-11-04 08:04:19,253 [INFO] Epoch 031/1500 | Train: 4.937132e-02 | Val MSE: 2.822978e-02 | Val MAE: 9.127115e-02
2025-11-04 08:05:47,568 [INFO] Epoch 041/1500 | Train: 4.066631e-02 | Val MSE: 2.132072e-02 | Val MAE: 7.673845e-02
2025-11-04 08:07:15,295 [INFO] Epoch 051/1500 | Train: 3.546172e-02 | Val MSE: 1.981879e-02 | Val MAE: 7.516196e-02
2025-11-04 08:08:42,839 [INFO] Epoch 061/1500 | Train: 3.179368e-02 | Val MSE: 1.554706e-02 | Val MAE: 6.606515e-02
2025-11-04 08:10:09,204 [INFO] Epoch 071/1500 | Train: 2.846866e-02 | Val MSE: 1.449176e-02 | Val MAE: 6.212560e-02
2025-11-04 08:11:35,550 [INFO] Epoch 081/1500 | Train: 2.624450e-02 | Val MSE: 1.412239e-02 | Val MAE: 6.311082e-02
2025-11-04 08:13:02,555 [INFO] Epoch 091/1500 | Train: 2.426285e-02 | Val MSE: 1.189031e-02 | Val MAE: 5.593545e-02
2025-11-04 08:14:28,302 [INFO] Epoch 101/1500 | Train: 2.288732e-02 | Val MSE: 1.168082e-02 | Val MAE: 5.463980e-02
2025-11-04 08:15:54,373 [INFO] Epoch 111/1500 | Train: 2.226404e-02 | Val MSE: 1.089688e-02 | Val MAE: 5.188387e-02
2025-11-04 08:17:20,483 [INFO] Epoch 121/1500 | Train: 1.928428e-02 | Val MSE: 7.680361e-03 | Val MAE: 4.421796e-02
2025-11-04 08:18:47,321 [INFO] Epoch 131/1500 | Train: 1.851021e-02 | Val MSE: 8.505356e-03 | Val MAE: 4.792229e-02
2025-11-04 08:20:13,815 [INFO] Epoch 141/1500 | Train: 1.802795e-02 | Val MSE: 7.610983e-03 | Val MAE: 4.303919e-02
2025-11-04 08:21:40,966 [INFO] Epoch 151/1500 | Train: 1.759510e-02 | Val MSE: 7.327653e-03 | Val MAE: 4.248101e-02
2025-11-04 08:23:08,155 [INFO] Epoch 161/1500 | Train: 1.746836e-02 | Val MSE: 8.079477e-03 | Val MAE: 4.490284e-02
2025-11-04 08:24:34,337 [INFO] Epoch 171/1500 | Train: 1.590100e-02 | Val MSE: 6.215217e-03 | Val MAE: 3.841417e-02
2025-11-04 08:26:00,969 [INFO] Epoch 181/1500 | Train: 1.543974e-02 | Val MSE: 6.588501e-03 | Val MAE: 3.847545e-02
2025-11-04 08:27:27,868 [INFO] Epoch 191/1500 | Train: 1.519969e-02 | Val MSE: 6.610039e-03 | Val MAE: 3.794644e-02
2025-11-04 08:28:55,015 [INFO] Epoch 201/1500 | Train: 1.544092e-02 | Val MSE: 5.666681e-03 | Val MAE: 3.638505e-02
2025-11-04 08:30:20,467 [INFO] Epoch 211/1500 | Train: 1.442882e-02 | Val MSE: 4.917656e-03 | Val MAE: 3.418756e-02
2025-11-04 08:31:45,822 [INFO] Epoch 221/1500 | Train: 1.435194e-02 | Val MSE: 5.399551e-03 | Val MAE: 3.518055e-02
2025-11-04 08:33:11,713 [INFO] Epoch 231/1500 | Train: 1.379613e-02 | Val MSE: 5.114717e-03 | Val MAE: 3.360117e-02
2025-11-04 08:34:38,412 [INFO] Epoch 241/1500 | Train: 1.384953e-02 | Val MSE: 4.775330e-03 | Val MAE: 3.275155e-02
2025-11-04 08:36:04,913 [INFO] Epoch 251/1500 | Train: 1.374405e-02 | Val MSE: 4.785199e-03 | Val MAE: 3.289161e-02
2025-11-04 08:37:30,216 [INFO] Epoch 261/1500 | Train: 1.391670e-02 | Val MSE: 4.865079e-03 | Val MAE: 3.301231e-02
2025-11-04 08:37:38,857 [INFO] Early stopping at epoch 262
2025-11-04 08:37:38,857 [INFO] Total training time: 37m 51.43s
2025-11-04 08:37:39,202 [INFO] Loss curve saved to results_ieee30/n_15_m_5000/pretraining_loss_curve.png
2025-11-04 08:37:39,202 [INFO] --- Starting Post-Training Analysis ---
/home/psquare_quantum/Desktop/ssl/lib/python3.10/site-packages/torch/nn/modules/transformer.py:392: UserWarning: enable_nested_tensor is True, but self.use_nested_tensor is False because encoder_layer.norm_first was True
  warnings.warn(
2025-11-04 08:37:40,300 [INFO] Analysis plots saved to results_ieee30/n_15_m_5000/analysis_plots
2025-11-04 08:37:40,301 [INFO] Metrics saved to results_ieee30/n_15_m_5000/metrics.json

[RUN] rc=0, elapsed=2274.97s
