[RUN] n=50 m=1000 at 2025-11-03T05:44:35.448917
[RUN][CMD] /home/psquare_quantum/Desktop/ssl/bin/python check_new_fixed.py --num_views 50 --data_path data/m_1000.npz --outdir results_ieee30/n_50_m_1000 --seed 42 --epochs 1500 --batch_size 256 --mask_ratio 0.75 --embed_dim 128 --num_layers 6 --lr 0.0001 --weight_decay 1e-05 --patience 25 --memory_efficient --auto_adjust_batch
2025-11-03 05:44:36,520 [INFO] Device: CUDA
2025-11-03 05:44:36,520 [INFO] Auto-adjusted batch size: 256 -> 12 (for N=50)
2025-11-03 05:44:36,528 [INFO] token_dim=5, num_buses=30, num_views=50
/home/psquare_quantum/Desktop/ssl/lib/python3.10/site-packages/torch/nn/modules/transformer.py:392: UserWarning: enable_nested_tensor is True, but self.use_nested_tensor is False because encoder_layer.norm_first was True
  warnings.warn(
2025-11-03 05:44:37,206 [INFO] Using SEQUENTIAL view processing (memory-efficient)
2025-11-03 05:44:37,206 [INFO] --- Starting Pre-training ---
2025-11-03 05:45:02,786 [INFO] Epoch 001/1500 | Train: 7.934342e-01 | Val MSE: 5.248352e-01 | Val MAE: 5.592672e-01
2025-11-03 05:49:24,301 [INFO] Epoch 011/1500 | Train: 2.801319e-01 | Val MSE: 2.445166e-01 | Val MAE: 3.334921e-01
2025-11-03 05:55:14,173 [INFO] Epoch 021/1500 | Train: 1.341421e-01 | Val MSE: 1.136985e-01 | Val MAE: 2.051008e-01
2025-11-03 06:01:02,036 [INFO] Epoch 031/1500 | Train: 8.711797e-02 | Val MSE: 6.914309e-02 | Val MAE: 1.542986e-01
2025-11-03 06:06:50,881 [INFO] Epoch 041/1500 | Train: 6.265276e-02 | Val MSE: 4.325553e-02 | Val MAE: 1.148495e-01
2025-11-03 06:12:39,059 [INFO] Epoch 051/1500 | Train: 5.140568e-02 | Val MSE: 3.075245e-02 | Val MAE: 1.003122e-01
2025-11-03 06:18:27,368 [INFO] Epoch 061/1500 | Train: 4.399892e-02 | Val MSE: 2.840314e-02 | Val MAE: 9.565274e-02
2025-11-03 06:24:16,908 [INFO] Epoch 071/1500 | Train: 3.976597e-02 | Val MSE: 2.584555e-02 | Val MAE: 8.302736e-02
2025-11-03 06:30:03,664 [INFO] Epoch 081/1500 | Train: 3.687142e-02 | Val MSE: 2.320096e-02 | Val MAE: 8.480216e-02
2025-11-03 06:35:48,719 [INFO] Epoch 091/1500 | Train: 3.266896e-02 | Val MSE: 2.357656e-02 | Val MAE: 8.420280e-02
2025-11-03 06:41:33,116 [INFO] Epoch 101/1500 | Train: 3.154747e-02 | Val MSE: 1.820950e-02 | Val MAE: 6.991846e-02
2025-11-03 06:47:18,660 [INFO] Epoch 111/1500 | Train: 2.899868e-02 | Val MSE: 1.851083e-02 | Val MAE: 7.016602e-02
2025-11-03 06:53:01,692 [INFO] Epoch 121/1500 | Train: 2.764885e-02 | Val MSE: 1.900908e-02 | Val MAE: 7.059485e-02
2025-11-03 06:58:45,232 [INFO] Epoch 131/1500 | Train: 2.600014e-02 | Val MSE: 1.738261e-02 | Val MAE: 6.683641e-02
2025-11-03 07:02:29,869 [INFO] Epoch 141/1500 | Train: 2.523010e-02 | Val MSE: 1.665178e-02 | Val MAE: 6.281455e-02
2025-11-03 07:05:37,869 [INFO] Epoch 151/1500 | Train: 2.138175e-02 | Val MSE: 1.409009e-02 | Val MAE: 5.580373e-02
2025-11-03 07:08:45,232 [INFO] Epoch 161/1500 | Train: 1.989422e-02 | Val MSE: 1.241985e-02 | Val MAE: 5.378249e-02
2025-11-03 07:11:54,154 [INFO] Epoch 171/1500 | Train: 1.905805e-02 | Val MSE: 1.202285e-02 | Val MAE: 5.409096e-02
2025-11-03 07:15:02,674 [INFO] Epoch 181/1500 | Train: 1.872939e-02 | Val MSE: 1.270247e-02 | Val MAE: 5.423644e-02
2025-11-03 07:18:09,886 [INFO] Epoch 191/1500 | Train: 1.806689e-02 | Val MSE: 1.127508e-02 | Val MAE: 5.052394e-02
2025-11-03 07:21:17,783 [INFO] Epoch 201/1500 | Train: 1.783614e-02 | Val MSE: 1.142434e-02 | Val MAE: 4.966615e-02
2025-11-03 07:24:25,247 [INFO] Epoch 211/1500 | Train: 1.764428e-02 | Val MSE: 1.161751e-02 | Val MAE: 5.032372e-02
2025-11-03 07:27:32,007 [INFO] Epoch 221/1500 | Train: 1.774000e-02 | Val MSE: 1.103986e-02 | Val MAE: 4.922666e-02
2025-11-03 07:30:39,095 [INFO] Epoch 231/1500 | Train: 1.764228e-02 | Val MSE: 1.077014e-02 | Val MAE: 4.902736e-02
2025-11-03 07:33:48,348 [INFO] Epoch 241/1500 | Train: 1.744265e-02 | Val MSE: 1.089192e-02 | Val MAE: 4.827606e-02
2025-11-03 07:36:55,592 [INFO] Epoch 251/1500 | Train: 1.746191e-02 | Val MSE: 1.213624e-02 | Val MAE: 4.963258e-02
2025-11-03 07:40:04,001 [INFO] Epoch 261/1500 | Train: 1.719405e-02 | Val MSE: 1.086493e-02 | Val MAE: 4.820006e-02
2025-11-03 07:43:11,523 [INFO] Epoch 271/1500 | Train: 1.709307e-02 | Val MSE: 1.059978e-02 | Val MAE: 4.833052e-02
2025-11-03 07:43:11,524 [INFO] Early stopping at epoch 271
2025-11-03 07:43:11,524 [INFO] Total training time: 118m 34.32s
2025-11-03 07:43:11,877 [INFO] Loss curve saved to results_ieee30/n_50_m_1000/pretraining_loss_curve.png
2025-11-03 07:43:11,877 [INFO] --- Starting Post-Training Analysis ---
/home/psquare_quantum/Desktop/ssl/lib/python3.10/site-packages/torch/nn/modules/transformer.py:392: UserWarning: enable_nested_tensor is True, but self.use_nested_tensor is False because encoder_layer.norm_first was True
  warnings.warn(
2025-11-03 07:43:12,946 [INFO] Analysis plots saved to results_ieee30/n_50_m_1000/analysis_plots
2025-11-03 07:43:12,947 [INFO] Metrics saved to results_ieee30/n_50_m_1000/metrics.json

[RUN] rc=0, elapsed=7117.95s
