2025-11-04 04:48:03,782 [INFO] Device: CUDA
2025-11-04 04:48:03,782 [INFO] Auto-adjusted batch size: 128 -> 64 (for N=10)
2025-11-04 04:48:03,819 [INFO] token_dim=5, num_buses=30, num_views=10
2025-11-04 04:48:04,422 [INFO] Using SEQUENTIAL view processing (memory-efficient)
2025-11-04 04:48:04,422 [INFO] --- Starting Pre-training ---
2025-11-04 04:48:09,833 [INFO] Epoch 001/1500 | Train: 7.983193e-01 | Val MSE: 5.421187e-01 | Val MAE: 5.624924e-01
2025-11-04 04:49:01,209 [INFO] Epoch 011/1500 | Train: 1.819112e-01 | Val MSE: 1.475292e-01 | Val MAE: 2.481265e-01
2025-11-04 04:49:52,956 [INFO] Epoch 021/1500 | Train: 1.042116e-01 | Val MSE: 7.558535e-02 | Val MAE: 1.563241e-01
2025-11-04 04:50:45,098 [INFO] Epoch 031/1500 | Train: 7.296980e-02 | Val MSE: 4.450594e-02 | Val MAE: 1.145177e-01
2025-11-04 04:51:36,830 [INFO] Epoch 041/1500 | Train: 5.556998e-02 | Val MSE: 3.439526e-02 | Val MAE: 1.019926e-01
2025-11-04 04:52:28,229 [INFO] Epoch 051/1500 | Train: 4.605009e-02 | Val MSE: 3.298739e-02 | Val MAE: 9.562147e-02
2025-11-04 04:53:19,296 [INFO] Epoch 061/1500 | Train: 4.015694e-02 | Val MSE: 2.506190e-02 | Val MAE: 8.163793e-02
2025-11-04 04:54:10,497 [INFO] Epoch 071/1500 | Train: 3.606348e-02 | Val MSE: 1.800990e-02 | Val MAE: 7.180870e-02
2025-11-04 04:55:01,780 [INFO] Epoch 081/1500 | Train: 3.412306e-02 | Val MSE: 2.032559e-02 | Val MAE: 7.564849e-02
2025-11-04 04:55:52,526 [INFO] Epoch 091/1500 | Train: 3.136996e-02 | Val MSE: 1.566094e-02 | Val MAE: 6.654673e-02
2025-11-04 04:56:43,686 [INFO] Epoch 101/1500 | Train: 2.984728e-02 | Val MSE: 1.519572e-02 | Val MAE: 6.469912e-02
2025-11-04 04:57:34,469 [INFO] Epoch 111/1500 | Train: 2.727070e-02 | Val MSE: 1.533516e-02 | Val MAE: 6.128735e-02
2025-11-04 04:58:25,490 [INFO] Epoch 121/1500 | Train: 2.672082e-02 | Val MSE: 1.871619e-02 | Val MAE: 6.846189e-02
2025-11-04 04:59:16,654 [INFO] Epoch 131/1500 | Train: 2.462610e-02 | Val MSE: 1.246480e-02 | Val MAE: 5.667824e-02
2025-11-04 05:00:08,045 [INFO] Epoch 141/1500 | Train: 2.253378e-02 | Val MSE: 1.021075e-02 | Val MAE: 5.147947e-02
2025-11-04 05:00:59,400 [INFO] Epoch 151/1500 | Train: 2.116729e-02 | Val MSE: 1.031913e-02 | Val MAE: 5.065181e-02
2025-11-04 05:01:50,501 [INFO] Epoch 161/1500 | Train: 2.124923e-02 | Val MSE: 9.907159e-03 | Val MAE: 5.207583e-02
2025-11-04 05:02:42,418 [INFO] Epoch 171/1500 | Train: 1.964782e-02 | Val MSE: 9.395920e-03 | Val MAE: 4.530392e-02
2025-11-04 05:03:33,480 [INFO] Epoch 181/1500 | Train: 1.938517e-02 | Val MSE: 7.878162e-03 | Val MAE: 4.401585e-02
2025-11-04 05:04:25,044 [INFO] Epoch 191/1500 | Train: 1.877428e-02 | Val MSE: 8.375559e-03 | Val MAE: 4.461713e-02
2025-11-04 05:05:16,206 [INFO] Epoch 201/1500 | Train: 1.868395e-02 | Val MSE: 7.420762e-03 | Val MAE: 4.221716e-02
2025-11-04 05:06:06,906 [INFO] Epoch 211/1500 | Train: 1.839253e-02 | Val MSE: 9.034690e-03 | Val MAE: 4.423967e-02
2025-11-04 05:06:58,646 [INFO] Epoch 221/1500 | Train: 1.819114e-02 | Val MSE: 7.148370e-03 | Val MAE: 4.199601e-02
2025-11-04 05:07:49,698 [INFO] Epoch 231/1500 | Train: 1.799802e-02 | Val MSE: 7.380387e-03 | Val MAE: 4.170421e-02
2025-11-04 05:08:35,432 [INFO] Early stopping at epoch 240
2025-11-04 05:08:35,432 [INFO] Total training time: 20m 31.01s
2025-11-04 05:08:35,793 [INFO] Loss curve saved to results_ieee30/n_10_m_5000/pretraining_loss_curve.png
2025-11-04 05:08:35,793 [INFO] --- Starting Post-Training Analysis ---
2025-11-04 05:08:36,831 [INFO] Analysis plots saved to results_ieee30/n_10_m_5000/analysis_plots
2025-11-04 05:08:36,832 [INFO] Metrics saved to results_ieee30/n_10_m_5000/metrics.json
