2025-11-06 00:06:38,528 [INFO] Device: CUDA
2025-11-06 00:06:38,528 [INFO] Auto-adjusted batch size: 128 -> 16 (for N=40)
2025-11-06 00:06:38,563 [INFO] token_dim=5, num_buses=30, num_views=40
2025-11-06 00:06:39,175 [INFO] Using SEQUENTIAL view processing (memory-efficient)
2025-11-06 00:06:39,175 [INFO] --- Starting Pre-training ---
2025-11-06 00:07:28,958 [INFO] Epoch 001/1500 | Train: 5.859753e-01 | Val MSE: 3.999442e-01 | Val MAE: 4.494613e-01
2025-11-06 00:15:44,612 [INFO] Epoch 011/1500 | Train: 6.774853e-02 | Val MSE: 4.178121e-02 | Val MAE: 1.135924e-01
2025-11-06 00:24:02,723 [INFO] Epoch 021/1500 | Train: 3.884182e-02 | Val MSE: 2.502749e-02 | Val MAE: 9.386327e-02
2025-11-06 00:32:18,319 [INFO] Epoch 031/1500 | Train: 2.951016e-02 | Val MSE: 1.729036e-02 | Val MAE: 7.017020e-02
2025-11-06 00:40:31,861 [INFO] Epoch 041/1500 | Train: 2.465096e-02 | Val MSE: 1.285825e-02 | Val MAE: 5.768745e-02
2025-11-06 00:48:50,846 [INFO] Epoch 051/1500 | Train: 2.188172e-02 | Val MSE: 1.201575e-02 | Val MAE: 5.512373e-02
2025-11-06 00:57:08,956 [INFO] Epoch 061/1500 | Train: 1.918090e-02 | Val MSE: 1.015632e-02 | Val MAE: 5.092435e-02
2025-11-06 01:05:25,285 [INFO] Epoch 071/1500 | Train: 1.747327e-02 | Val MSE: 8.779360e-03 | Val MAE: 4.454387e-02
2025-11-06 01:13:41,684 [INFO] Epoch 081/1500 | Train: 1.643256e-02 | Val MSE: 8.269617e-03 | Val MAE: 4.429612e-02
2025-11-06 01:21:57,957 [INFO] Epoch 091/1500 | Train: 1.539867e-02 | Val MSE: 8.198037e-03 | Val MAE: 4.321706e-02
2025-11-06 01:30:14,059 [INFO] Epoch 101/1500 | Train: 1.465685e-02 | Val MSE: 6.852255e-03 | Val MAE: 4.174766e-02
2025-11-06 01:38:32,029 [INFO] Epoch 111/1500 | Train: 1.370718e-02 | Val MSE: 7.017644e-03 | Val MAE: 4.140396e-02
2025-11-06 01:46:51,727 [INFO] Epoch 121/1500 | Train: 1.325960e-02 | Val MSE: 6.017850e-03 | Val MAE: 3.887586e-02
2025-11-06 01:55:10,652 [INFO] Epoch 131/1500 | Train: 1.100710e-02 | Val MSE: 4.765792e-03 | Val MAE: 3.260898e-02
2025-11-06 02:03:24,962 [INFO] Epoch 141/1500 | Train: 1.055208e-02 | Val MSE: 4.275346e-03 | Val MAE: 2.992402e-02
2025-11-06 02:11:37,339 [INFO] Epoch 151/1500 | Train: 9.659390e-03 | Val MSE: 3.393082e-03 | Val MAE: 2.649436e-02
2025-11-06 02:19:52,964 [INFO] Epoch 161/1500 | Train: 9.442544e-03 | Val MSE: 3.506316e-03 | Val MAE: 2.655463e-02
2025-11-06 02:28:10,564 [INFO] Epoch 171/1500 | Train: 8.999873e-03 | Val MSE: 2.989930e-03 | Val MAE: 2.503889e-02
2025-11-06 02:36:25,138 [INFO] Epoch 181/1500 | Train: 8.855272e-03 | Val MSE: 3.204741e-03 | Val MAE: 2.544764e-02
2025-11-06 02:44:42,507 [INFO] Epoch 191/1500 | Train: 8.633529e-03 | Val MSE: 2.705312e-03 | Val MAE: 2.418582e-02
2025-11-06 02:53:04,449 [INFO] Epoch 201/1500 | Train: 8.469901e-03 | Val MSE: 2.944650e-03 | Val MAE: 2.432527e-02
2025-11-06 03:01:23,133 [INFO] Epoch 211/1500 | Train: 8.427754e-03 | Val MSE: 2.712062e-03 | Val MAE: 2.375996e-02
2025-11-06 03:09:35,572 [INFO] Epoch 221/1500 | Train: 8.324089e-03 | Val MSE: 2.813961e-03 | Val MAE: 2.356295e-02
2025-11-06 03:17:51,571 [INFO] Epoch 231/1500 | Train: 8.330024e-03 | Val MSE: 2.547001e-03 | Val MAE: 2.303664e-02
2025-11-06 03:26:08,025 [INFO] Epoch 241/1500 | Train: 8.239959e-03 | Val MSE: 2.809990e-03 | Val MAE: 2.384392e-02
2025-11-06 03:34:21,998 [INFO] Epoch 251/1500 | Train: 8.240318e-03 | Val MSE: 2.734313e-03 | Val MAE: 2.326073e-02
2025-11-06 03:42:37,433 [INFO] Epoch 261/1500 | Train: 8.216617e-03 | Val MSE: 2.700762e-03 | Val MAE: 2.334118e-02
2025-11-06 03:50:56,884 [INFO] Epoch 271/1500 | Train: 8.206938e-03 | Val MSE: 2.533049e-03 | Val MAE: 2.318440e-02
2025-11-06 03:53:24,021 [INFO] Early stopping at epoch 274
2025-11-06 03:53:24,021 [INFO] Total training time: 226m 44.85s
2025-11-06 03:53:24,359 [INFO] Loss curve saved to results_ieee30/n_40_m_5000/pretraining_loss_curve.png
2025-11-06 03:53:24,359 [INFO] --- Starting Post-Training Analysis ---
2025-11-06 03:53:25,689 [INFO] Analysis plots saved to results_ieee30/n_40_m_5000/analysis_plots
2025-11-06 03:53:25,690 [INFO] Metrics saved to results_ieee30/n_40_m_5000/metrics.json
