[RUN] n=50 m=100 at 2025-11-03T06:49:16.282697
[RUN][CMD] /home/psquare_quantum/Desktop/ssl/bin/python check_new_fixed.py --num_views 50 --data_path data/m_100.npz --outdir results_ieee30/n_50_m_100 --seed 42 --epochs 1500 --batch_size 256 --mask_ratio 0.75 --embed_dim 128 --num_layers 6 --lr 0.0001 --weight_decay 1e-05 --patience 25 --memory_efficient --auto_adjust_batch
2025-11-03 06:49:17,348 [INFO] Device: CUDA
2025-11-03 06:49:17,348 [INFO] Auto-adjusted batch size: 256 -> 12 (for N=50)
2025-11-03 06:49:17,350 [INFO] token_dim=5, num_buses=30, num_views=50
/home/psquare_quantum/Desktop/ssl/lib/python3.10/site-packages/torch/nn/modules/transformer.py:392: UserWarning: enable_nested_tensor is True, but self.use_nested_tensor is False because encoder_layer.norm_first was True
  warnings.warn(
2025-11-03 06:49:18,199 [INFO] Using SEQUENTIAL view processing (memory-efficient)
2025-11-03 06:49:18,200 [INFO] --- Starting Pre-training ---
2025-11-03 06:49:21,613 [INFO] Epoch 001/1500 | Train: 1.859752e+00 | Val MSE: 9.232687e-01 | Val MAE: 7.802633e-01
2025-11-03 06:49:50,809 [INFO] Epoch 011/1500 | Train: 5.508241e-01 | Val MSE: 5.605083e-01 | Val MAE: 5.771909e-01
2025-11-03 06:50:18,986 [INFO] Epoch 021/1500 | Train: 4.772180e-01 | Val MSE: 4.927471e-01 | Val MAE: 5.254851e-01
2025-11-03 06:50:48,226 [INFO] Epoch 031/1500 | Train: 3.776632e-01 | Val MSE: 4.322771e-01 | Val MAE: 4.891315e-01
2025-11-03 06:51:16,296 [INFO] Epoch 041/1500 | Train: 3.705705e-01 | Val MSE: 4.211366e-01 | Val MAE: 4.758833e-01
2025-11-03 06:51:45,119 [INFO] Epoch 051/1500 | Train: 3.374251e-01 | Val MSE: 4.005769e-01 | Val MAE: 4.607984e-01
2025-11-03 06:52:13,456 [INFO] Epoch 061/1500 | Train: 2.993497e-01 | Val MSE: 3.604226e-01 | Val MAE: 4.185666e-01
2025-11-03 06:52:41,405 [INFO] Epoch 071/1500 | Train: 2.747782e-01 | Val MSE: 3.410277e-01 | Val MAE: 3.908613e-01
2025-11-03 06:53:10,012 [INFO] Epoch 081/1500 | Train: 2.544366e-01 | Val MSE: 2.969262e-01 | Val MAE: 3.700210e-01
2025-11-03 06:53:38,145 [INFO] Epoch 091/1500 | Train: 2.262412e-01 | Val MSE: 2.829025e-01 | Val MAE: 3.599106e-01
2025-11-03 06:54:07,611 [INFO] Epoch 101/1500 | Train: 2.141433e-01 | Val MSE: 2.525724e-01 | Val MAE: 3.392292e-01
2025-11-03 06:54:36,580 [INFO] Epoch 111/1500 | Train: 1.890540e-01 | Val MSE: 2.780920e-01 | Val MAE: 3.474822e-01
2025-11-03 06:55:04,677 [INFO] Epoch 121/1500 | Train: 1.713423e-01 | Val MSE: 2.470339e-01 | Val MAE: 3.266408e-01
2025-11-03 06:55:33,185 [INFO] Epoch 131/1500 | Train: 1.464595e-01 | Val MSE: 2.348532e-01 | Val MAE: 3.195075e-01
2025-11-03 06:56:00,887 [INFO] Epoch 141/1500 | Train: 1.385984e-01 | Val MSE: 2.229843e-01 | Val MAE: 3.019117e-01
2025-11-03 06:56:29,088 [INFO] Epoch 151/1500 | Train: 1.270140e-01 | Val MSE: 2.242473e-01 | Val MAE: 3.047707e-01
2025-11-03 06:56:57,695 [INFO] Epoch 161/1500 | Train: 1.231160e-01 | Val MSE: 2.314324e-01 | Val MAE: 3.039330e-01
2025-11-03 06:57:27,185 [INFO] Epoch 171/1500 | Train: 1.186264e-01 | Val MSE: 2.234646e-01 | Val MAE: 3.003812e-01
2025-11-03 06:57:56,450 [INFO] Epoch 181/1500 | Train: 1.190526e-01 | Val MSE: 2.235374e-01 | Val MAE: 2.982544e-01
2025-11-03 06:58:24,798 [INFO] Epoch 191/1500 | Train: 1.173993e-01 | Val MSE: 2.287933e-01 | Val MAE: 3.043044e-01
2025-11-03 06:58:53,737 [INFO] Epoch 201/1500 | Train: 1.150783e-01 | Val MSE: 2.165824e-01 | Val MAE: 2.957874e-01
2025-11-03 06:59:21,743 [INFO] Epoch 211/1500 | Train: 1.160206e-01 | Val MSE: 2.180314e-01 | Val MAE: 2.945587e-01
2025-11-03 06:59:50,678 [INFO] Epoch 221/1500 | Train: 1.134636e-01 | Val MSE: 2.112196e-01 | Val MAE: 2.923964e-01
2025-11-03 06:59:59,139 [INFO] Early stopping at epoch 224
2025-11-03 06:59:59,139 [INFO] Total training time: 10m 40.94s
2025-11-03 06:59:59,491 [INFO] Loss curve saved to results_ieee30/n_50_m_100/pretraining_loss_curve.png
2025-11-03 06:59:59,491 [INFO] --- Starting Post-Training Analysis ---
/home/psquare_quantum/Desktop/ssl/lib/python3.10/site-packages/torch/nn/modules/transformer.py:392: UserWarning: enable_nested_tensor is True, but self.use_nested_tensor is False because encoder_layer.norm_first was True
  warnings.warn(
2025-11-03 07:00:01,192 [INFO] Analysis plots saved to results_ieee30/n_50_m_100/analysis_plots
2025-11-03 07:00:01,193 [INFO] Metrics saved to results_ieee30/n_50_m_100/metrics.json

[RUN] rc=0, elapsed=645.38s
