2025-11-03 23:27:02,564 [INFO] Device: CUDA
2025-11-03 23:27:02,666 [INFO] token_dim=5, num_buses=30, num_views=4
2025-11-03 23:27:03,327 [INFO] Using GRADIENT ACCUMULATION with 2 steps
2025-11-03 23:27:03,327 [INFO] --- Starting Pre-training ---
2025-11-03 23:27:09,477 [INFO] Epoch 001/1500 | Train: 7.044097e-01 | Val MSE: 5.452549e-01 | Val MAE: 5.623352e-01
2025-11-03 23:28:08,019 [INFO] Epoch 011/1500 | Train: 1.228527e-01 | Val MSE: 9.306850e-02 | Val MAE: 1.769546e-01
2025-11-03 23:29:06,642 [INFO] Epoch 021/1500 | Train: 6.496710e-02 | Val MSE: 4.151588e-02 | Val MAE: 1.105402e-01
2025-11-03 23:30:05,060 [INFO] Epoch 031/1500 | Train: 4.788909e-02 | Val MSE: 2.701976e-02 | Val MAE: 8.999749e-02
2025-11-03 23:31:03,417 [INFO] Epoch 041/1500 | Train: 4.033240e-02 | Val MSE: 2.170425e-02 | Val MAE: 7.831702e-02
2025-11-03 23:32:01,558 [INFO] Epoch 051/1500 | Train: 3.431165e-02 | Val MSE: 1.871739e-02 | Val MAE: 7.410821e-02
2025-11-03 23:32:59,550 [INFO] Epoch 061/1500 | Train: 3.124189e-02 | Val MSE: 1.742170e-02 | Val MAE: 7.364699e-02
2025-11-03 23:33:57,461 [INFO] Epoch 071/1500 | Train: 2.812166e-02 | Val MSE: 1.590691e-02 | Val MAE: 6.355474e-02
2025-11-03 23:34:55,641 [INFO] Epoch 081/1500 | Train: 2.695879e-02 | Val MSE: 1.262065e-02 | Val MAE: 5.743761e-02
2025-11-03 23:35:53,853 [INFO] Epoch 091/1500 | Train: 2.551939e-02 | Val MSE: 1.280440e-02 | Val MAE: 6.217055e-02
2025-11-03 23:36:51,802 [INFO] Epoch 101/1500 | Train: 2.319664e-02 | Val MSE: 1.144766e-02 | Val MAE: 5.269539e-02
2025-11-03 23:37:49,871 [INFO] Epoch 111/1500 | Train: 2.211162e-02 | Val MSE: 1.087569e-02 | Val MAE: 5.247520e-02
2025-11-03 23:38:47,867 [INFO] Epoch 121/1500 | Train: 2.143196e-02 | Val MSE: 9.995580e-03 | Val MAE: 5.060419e-02
2025-11-03 23:39:45,968 [INFO] Epoch 131/1500 | Train: 2.064312e-02 | Val MSE: 8.569226e-03 | Val MAE: 4.494693e-02
2025-11-03 23:40:43,942 [INFO] Epoch 141/1500 | Train: 1.982105e-02 | Val MSE: 9.938860e-03 | Val MAE: 5.053278e-02
2025-11-03 23:41:42,017 [INFO] Epoch 151/1500 | Train: 1.722813e-02 | Val MSE: 7.456382e-03 | Val MAE: 4.160418e-02
2025-11-03 23:42:40,028 [INFO] Epoch 161/1500 | Train: 1.666034e-02 | Val MSE: 8.396820e-03 | Val MAE: 4.196689e-02
2025-11-03 23:43:37,872 [INFO] Epoch 171/1500 | Train: 1.636008e-02 | Val MSE: 6.586741e-03 | Val MAE: 4.042056e-02
2025-11-03 23:44:35,792 [INFO] Epoch 181/1500 | Train: 1.531381e-02 | Val MSE: 5.639474e-03 | Val MAE: 3.679159e-02
2025-11-03 23:45:33,970 [INFO] Epoch 191/1500 | Train: 1.510098e-02 | Val MSE: 5.285252e-03 | Val MAE: 3.512419e-02
2025-11-03 23:46:31,888 [INFO] Epoch 201/1500 | Train: 1.459751e-02 | Val MSE: 5.390178e-03 | Val MAE: 3.400824e-02
2025-11-03 23:47:29,848 [INFO] Epoch 211/1500 | Train: 1.445553e-02 | Val MSE: 6.556031e-03 | Val MAE: 3.661917e-02
2025-11-03 23:48:27,810 [INFO] Epoch 221/1500 | Train: 1.392302e-02 | Val MSE: 4.941549e-03 | Val MAE: 3.279441e-02
2025-11-03 23:49:25,882 [INFO] Epoch 231/1500 | Train: 1.386285e-02 | Val MSE: 5.023835e-03 | Val MAE: 3.256824e-02
2025-11-03 23:50:23,842 [INFO] Epoch 241/1500 | Train: 1.385060e-02 | Val MSE: 4.860269e-03 | Val MAE: 3.191510e-02
2025-11-03 23:51:21,714 [INFO] Epoch 251/1500 | Train: 1.394125e-02 | Val MSE: 4.633070e-03 | Val MAE: 3.187381e-02
2025-11-03 23:52:19,604 [INFO] Epoch 261/1500 | Train: 1.369999e-02 | Val MSE: 4.851137e-03 | Val MAE: 3.207633e-02
2025-11-03 23:53:17,553 [INFO] Epoch 271/1500 | Train: 1.363203e-02 | Val MSE: 4.458085e-03 | Val MAE: 3.185529e-02
2025-11-03 23:54:15,404 [INFO] Epoch 281/1500 | Train: 1.349069e-02 | Val MSE: 4.559040e-03 | Val MAE: 3.151420e-02
2025-11-03 23:55:13,195 [INFO] Epoch 291/1500 | Train: 1.346182e-02 | Val MSE: 4.386529e-03 | Val MAE: 3.171978e-02
2025-11-03 23:56:11,014 [INFO] Epoch 301/1500 | Train: 1.373203e-02 | Val MSE: 4.556683e-03 | Val MAE: 3.187852e-02
2025-11-03 23:56:22,570 [INFO] Early stopping at epoch 303
2025-11-03 23:56:22,570 [INFO] Total training time: 29m 19.24s
2025-11-03 23:56:22,914 [INFO] Loss curve saved to results_ieee30/n_4_m_15000/pretraining_loss_curve.png
2025-11-03 23:56:22,915 [INFO] --- Starting Post-Training Analysis ---
2025-11-03 23:56:24,277 [INFO] Analysis plots saved to results_ieee30/n_4_m_15000/analysis_plots
2025-11-03 23:56:24,278 [INFO] Metrics saved to results_ieee30/n_4_m_15000/metrics.json
