2025-11-03 04:24:05,531 [INFO] Device: CUDA
2025-11-03 04:24:05,531 [INFO] Auto-adjusted batch size: 256 -> 16 (for N=40)
2025-11-03 04:24:05,539 [INFO] token_dim=5, num_buses=30, num_views=40
2025-11-03 04:24:06,449 [INFO] Using SEQUENTIAL view processing (memory-efficient)
2025-11-03 04:24:06,449 [INFO] --- Starting Pre-training ---
2025-11-03 04:24:30,045 [INFO] Epoch 001/1500 | Train: 8.749023e-01 | Val MSE: 5.807092e-01 | Val MAE: 5.865300e-01
2025-11-03 04:28:20,198 [INFO] Epoch 011/1500 | Train: 3.264466e-01 | Val MSE: 2.726022e-01 | Val MAE: 3.581805e-01
2025-11-03 04:32:10,094 [INFO] Epoch 021/1500 | Train: 1.541147e-01 | Val MSE: 1.344888e-01 | Val MAE: 2.299611e-01
2025-11-03 04:35:52,369 [INFO] Epoch 031/1500 | Train: 1.092197e-01 | Val MSE: 9.124005e-02 | Val MAE: 1.751320e-01
2025-11-03 04:39:34,567 [INFO] Epoch 041/1500 | Train: 7.923244e-02 | Val MSE: 6.025024e-02 | Val MAE: 1.376439e-01
2025-11-03 04:43:18,358 [INFO] Epoch 051/1500 | Train: 6.230866e-02 | Val MSE: 4.194755e-02 | Val MAE: 1.117279e-01
2025-11-03 04:47:01,330 [INFO] Epoch 061/1500 | Train: 5.428380e-02 | Val MSE: 3.627791e-02 | Val MAE: 1.077400e-01
2025-11-03 04:50:45,520 [INFO] Epoch 071/1500 | Train: 4.780588e-02 | Val MSE: 3.166868e-02 | Val MAE: 9.787860e-02
2025-11-03 04:54:28,580 [INFO] Epoch 081/1500 | Train: 4.180460e-02 | Val MSE: 2.510509e-02 | Val MAE: 8.724327e-02
2025-11-03 04:58:12,388 [INFO] Epoch 091/1500 | Train: 3.857541e-02 | Val MSE: 2.517979e-02 | Val MAE: 8.277024e-02
2025-11-03 05:01:55,840 [INFO] Epoch 101/1500 | Train: 3.558659e-02 | Val MSE: 2.521730e-02 | Val MAE: 8.493288e-02
2025-11-03 05:05:40,596 [INFO] Epoch 111/1500 | Train: 3.325190e-02 | Val MSE: 2.256319e-02 | Val MAE: 8.065621e-02
2025-11-03 05:09:24,725 [INFO] Epoch 121/1500 | Train: 3.245040e-02 | Val MSE: 2.147324e-02 | Val MAE: 8.179452e-02
2025-11-03 05:13:08,927 [INFO] Epoch 131/1500 | Train: 2.784581e-02 | Val MSE: 1.668362e-02 | Val MAE: 6.548086e-02
2025-11-03 05:16:50,245 [INFO] Epoch 141/1500 | Train: 2.691495e-02 | Val MSE: 1.711878e-02 | Val MAE: 6.582695e-02
2025-11-03 05:20:31,628 [INFO] Epoch 151/1500 | Train: 2.687464e-02 | Val MSE: 1.530744e-02 | Val MAE: 6.333912e-02
2025-11-03 05:24:12,906 [INFO] Epoch 161/1500 | Train: 2.515308e-02 | Val MSE: 1.646250e-02 | Val MAE: 6.500568e-02
2025-11-03 05:27:50,219 [INFO] Epoch 171/1500 | Train: 2.385966e-02 | Val MSE: 1.573523e-02 | Val MAE: 5.967792e-02
2025-11-03 05:30:46,888 [INFO] Epoch 181/1500 | Train: 2.395814e-02 | Val MSE: 1.417895e-02 | Val MAE: 5.882857e-02
2025-11-03 05:33:27,952 [INFO] Epoch 191/1500 | Train: 2.235809e-02 | Val MSE: 1.333232e-02 | Val MAE: 5.653996e-02
2025-11-03 05:35:44,679 [INFO] Epoch 201/1500 | Train: 2.220702e-02 | Val MSE: 1.356720e-02 | Val MAE: 5.669578e-02
2025-11-03 05:37:44,476 [INFO] Epoch 211/1500 | Train: 2.212724e-02 | Val MSE: 1.281638e-02 | Val MAE: 5.439439e-02
2025-11-03 05:38:56,386 [INFO] Early stopping at epoch 217
2025-11-03 05:38:56,386 [INFO] Total training time: 74m 49.94s
2025-11-03 05:38:56,730 [INFO] Loss curve saved to results_ieee30/n_40_m_1000/pretraining_loss_curve.png
2025-11-03 05:38:56,730 [INFO] --- Starting Post-Training Analysis ---
2025-11-03 05:38:57,765 [INFO] Analysis plots saved to results_ieee30/n_40_m_1000/analysis_plots
2025-11-03 05:38:57,766 [INFO] Metrics saved to results_ieee30/n_40_m_1000/metrics.json
