[RUN] n=8 m=10000 at 2025-11-04T02:07:42.563030
[RUN][CMD] /home/psquare_quantum/Desktop/ssl/bin/python check_new_fixed.py --num_views 8 --data_path data/m_10000.npz --outdir results_ieee30/n_8_m_10000 --seed 42 --epochs 1500 --batch_size 128 --mask_ratio 0.75 --embed_dim 128 --num_layers 6 --lr 0.0001 --weight_decay 1e-05 --patience 25 --memory_efficient --auto_adjust_batch
2025-11-04 02:07:43,568 [INFO] Device: CUDA
2025-11-04 02:07:43,568 [INFO] Auto-adjusted batch size: 128 -> 80 (for N=8)
2025-11-04 02:07:43,634 [INFO] token_dim=5, num_buses=30, num_views=8
/home/psquare_quantum/Desktop/ssl/lib/python3.10/site-packages/torch/nn/modules/transformer.py:392: UserWarning: enable_nested_tensor is True, but self.use_nested_tensor is False because encoder_layer.norm_first was True
  warnings.warn(
2025-11-04 02:07:44,265 [INFO] Using SEQUENTIAL view processing (memory-efficient)
2025-11-04 02:07:44,265 [INFO] --- Starting Pre-training ---
2025-11-04 02:07:52,565 [INFO] Epoch 001/1500 | Train: 6.886169e-01 | Val MSE: 5.177962e-01 | Val MAE: 5.474176e-01
2025-11-04 02:09:13,005 [INFO] Epoch 011/1500 | Train: 1.196821e-01 | Val MSE: 9.266150e-02 | Val MAE: 1.768261e-01
2025-11-04 02:10:33,438 [INFO] Epoch 021/1500 | Train: 6.354774e-02 | Val MSE: 3.895529e-02 | Val MAE: 1.071758e-01
2025-11-04 02:11:53,450 [INFO] Epoch 031/1500 | Train: 4.611982e-02 | Val MSE: 2.372293e-02 | Val MAE: 8.189025e-02
2025-11-04 02:13:13,506 [INFO] Epoch 041/1500 | Train: 3.757031e-02 | Val MSE: 1.917114e-02 | Val MAE: 7.268279e-02
2025-11-04 02:14:33,314 [INFO] Epoch 051/1500 | Train: 3.361909e-02 | Val MSE: 1.662809e-02 | Val MAE: 6.679272e-02
2025-11-04 02:15:53,616 [INFO] Epoch 061/1500 | Train: 2.884166e-02 | Val MSE: 1.571605e-02 | Val MAE: 6.160229e-02
2025-11-04 02:17:13,574 [INFO] Epoch 071/1500 | Train: 2.679585e-02 | Val MSE: 1.488474e-02 | Val MAE: 6.491920e-02
2025-11-04 02:18:33,318 [INFO] Epoch 081/1500 | Train: 2.491125e-02 | Val MSE: 1.244560e-02 | Val MAE: 6.034049e-02
2025-11-04 02:19:52,436 [INFO] Epoch 091/1500 | Train: 2.271818e-02 | Val MSE: 1.525436e-02 | Val MAE: 6.430999e-02
2025-11-04 02:21:11,991 [INFO] Epoch 101/1500 | Train: 2.199373e-02 | Val MSE: 1.021692e-02 | Val MAE: 5.068413e-02
2025-11-04 02:22:32,704 [INFO] Epoch 111/1500 | Train: 2.060984e-02 | Val MSE: 1.063879e-02 | Val MAE: 5.636435e-02
2025-11-04 02:23:53,208 [INFO] Epoch 121/1500 | Train: 1.983341e-02 | Val MSE: 1.083631e-02 | Val MAE: 5.560785e-02
2025-11-04 02:25:12,958 [INFO] Epoch 131/1500 | Train: 1.896305e-02 | Val MSE: 9.299605e-03 | Val MAE: 5.040482e-02
2025-11-04 02:26:33,105 [INFO] Epoch 141/1500 | Train: 1.792677e-02 | Val MSE: 7.442979e-03 | Val MAE: 4.337408e-02
2025-11-04 02:27:53,145 [INFO] Epoch 151/1500 | Train: 1.727942e-02 | Val MSE: 1.302190e-02 | Val MAE: 5.044103e-02
2025-11-04 02:29:13,332 [INFO] Epoch 161/1500 | Train: 1.497812e-02 | Val MSE: 5.946546e-03 | Val MAE: 3.746239e-02
2025-11-04 02:30:32,954 [INFO] Epoch 171/1500 | Train: 1.519431e-02 | Val MSE: 7.717953e-03 | Val MAE: 4.141522e-02
2025-11-04 02:31:53,064 [INFO] Epoch 181/1500 | Train: 1.419897e-02 | Val MSE: 5.943153e-03 | Val MAE: 3.789740e-02
2025-11-04 02:33:12,810 [INFO] Epoch 191/1500 | Train: 1.410160e-02 | Val MSE: 6.123580e-03 | Val MAE: 3.783570e-02
2025-11-04 02:34:33,232 [INFO] Epoch 201/1500 | Train: 1.312257e-02 | Val MSE: 5.263603e-03 | Val MAE: 3.339190e-02
2025-11-04 02:35:53,085 [INFO] Epoch 211/1500 | Train: 1.277726e-02 | Val MSE: 4.576919e-03 | Val MAE: 3.214503e-02
2025-11-04 02:37:12,692 [INFO] Epoch 221/1500 | Train: 1.291684e-02 | Val MSE: 4.477002e-03 | Val MAE: 3.184201e-02
2025-11-04 02:38:32,426 [INFO] Epoch 231/1500 | Train: 1.242293e-02 | Val MSE: 4.648790e-03 | Val MAE: 3.143668e-02
2025-11-04 02:39:52,941 [INFO] Epoch 241/1500 | Train: 1.216077e-02 | Val MSE: 4.385413e-03 | Val MAE: 3.056265e-02
2025-11-04 02:41:12,652 [INFO] Epoch 251/1500 | Train: 1.199786e-02 | Val MSE: 3.844603e-03 | Val MAE: 2.925031e-02
2025-11-04 02:42:32,617 [INFO] Epoch 261/1500 | Train: 1.170349e-02 | Val MSE: 3.800355e-03 | Val MAE: 2.900248e-02
2025-11-04 02:43:51,686 [INFO] Epoch 271/1500 | Train: 1.155375e-02 | Val MSE: 3.898389e-03 | Val MAE: 2.886106e-02
2025-11-04 02:45:11,546 [INFO] Epoch 281/1500 | Train: 1.150584e-02 | Val MSE: 3.731754e-03 | Val MAE: 2.826190e-02
2025-11-04 02:46:31,566 [INFO] Epoch 291/1500 | Train: 1.138765e-02 | Val MSE: 3.627778e-03 | Val MAE: 2.855044e-02
2025-11-04 02:47:50,755 [INFO] Epoch 301/1500 | Train: 1.169666e-02 | Val MSE: 3.454907e-03 | Val MAE: 2.767063e-02
2025-11-04 02:49:11,137 [INFO] Epoch 311/1500 | Train: 1.151017e-02 | Val MSE: 3.533923e-03 | Val MAE: 2.776481e-02
2025-11-04 02:50:30,807 [INFO] Epoch 321/1500 | Train: 1.149247e-02 | Val MSE: 3.661595e-03 | Val MAE: 2.814904e-02
2025-11-04 02:51:50,841 [INFO] Epoch 331/1500 | Train: 1.145505e-02 | Val MSE: 3.749969e-03 | Val MAE: 2.811563e-02
2025-11-04 02:53:10,624 [INFO] Epoch 341/1500 | Train: 1.152379e-02 | Val MSE: 3.529502e-03 | Val MAE: 2.803773e-02
2025-11-04 02:54:30,618 [INFO] Epoch 351/1500 | Train: 1.142335e-02 | Val MSE: 3.716301e-03 | Val MAE: 2.800867e-02
2025-11-04 02:55:50,065 [INFO] Epoch 361/1500 | Train: 1.142210e-02 | Val MSE: 3.917457e-03 | Val MAE: 2.844593e-02
2025-11-04 02:56:45,659 [INFO] Early stopping at epoch 368
2025-11-04 02:56:45,659 [INFO] Total training time: 49m 1.39s
2025-11-04 02:56:46,006 [INFO] Loss curve saved to results_ieee30/n_8_m_10000/pretraining_loss_curve.png
2025-11-04 02:56:46,006 [INFO] --- Starting Post-Training Analysis ---
/home/psquare_quantum/Desktop/ssl/lib/python3.10/site-packages/torch/nn/modules/transformer.py:392: UserWarning: enable_nested_tensor is True, but self.use_nested_tensor is False because encoder_layer.norm_first was True
  warnings.warn(
2025-11-04 02:56:47,239 [INFO] Analysis plots saved to results_ieee30/n_8_m_10000/analysis_plots
2025-11-04 02:56:47,240 [INFO] Metrics saved to results_ieee30/n_8_m_10000/metrics.json

[RUN] rc=0, elapsed=2945.12s
