[RUN] n=10 m=15000 at 2025-11-04T03:09:51.362103
[RUN][CMD] /home/psquare_quantum/Desktop/ssl/bin/python check_new_fixed.py --num_views 10 --data_path data/m_15000.npz --outdir results_ieee30/n_10_m_15000 --seed 42 --epochs 1500 --batch_size 128 --mask_ratio 0.75 --embed_dim 128 --num_layers 6 --lr 0.0001 --weight_decay 1e-05 --patience 25 --memory_efficient --auto_adjust_batch
2025-11-04 03:09:52,347 [INFO] Device: CUDA
2025-11-04 03:09:52,347 [INFO] Auto-adjusted batch size: 128 -> 64 (for N=10)
2025-11-04 03:09:52,443 [INFO] token_dim=5, num_buses=30, num_views=10
/home/psquare_quantum/Desktop/ssl/lib/python3.10/site-packages/torch/nn/modules/transformer.py:392: UserWarning: enable_nested_tensor is True, but self.use_nested_tensor is False because encoder_layer.norm_first was True
  warnings.warn(
2025-11-04 03:09:53,094 [INFO] Using SEQUENTIAL view processing (memory-efficient)
2025-11-04 03:09:53,094 [INFO] --- Starting Pre-training ---
2025-11-04 03:10:08,684 [INFO] Epoch 001/1500 | Train: 6.118717e-01 | Val MSE: 4.078552e-01 | Val MAE: 4.600809e-01
2025-11-04 03:12:40,401 [INFO] Epoch 011/1500 | Train: 6.667035e-02 | Val MSE: 4.088122e-02 | Val MAE: 1.118364e-01
2025-11-04 03:15:12,586 [INFO] Epoch 021/1500 | Train: 3.931385e-02 | Val MSE: 2.214226e-02 | Val MAE: 8.329123e-02
2025-11-04 03:17:44,473 [INFO] Epoch 031/1500 | Train: 3.082262e-02 | Val MSE: 1.521621e-02 | Val MAE: 6.509570e-02
2025-11-04 03:20:16,050 [INFO] Epoch 041/1500 | Train: 2.616303e-02 | Val MSE: 1.297532e-02 | Val MAE: 6.397529e-02
2025-11-04 03:22:48,045 [INFO] Epoch 051/1500 | Train: 2.279064e-02 | Val MSE: 1.077542e-02 | Val MAE: 5.228852e-02
2025-11-04 03:25:19,933 [INFO] Epoch 061/1500 | Train: 2.046956e-02 | Val MSE: 9.340458e-03 | Val MAE: 4.871618e-02
2025-11-04 03:27:51,954 [INFO] Epoch 071/1500 | Train: 1.870441e-02 | Val MSE: 9.101691e-03 | Val MAE: 4.731504e-02
2025-11-04 03:30:24,982 [INFO] Epoch 081/1500 | Train: 1.743131e-02 | Val MSE: 7.887115e-03 | Val MAE: 4.181437e-02
2025-11-04 03:32:58,049 [INFO] Epoch 091/1500 | Train: 1.615226e-02 | Val MSE: 7.523929e-03 | Val MAE: 4.158453e-02
2025-11-04 03:35:30,684 [INFO] Epoch 101/1500 | Train: 1.390980e-02 | Val MSE: 5.371560e-03 | Val MAE: 3.428646e-02
2025-11-04 03:38:02,911 [INFO] Epoch 111/1500 | Train: 1.379407e-02 | Val MSE: 5.558102e-03 | Val MAE: 3.502434e-02
2025-11-04 03:40:35,156 [INFO] Epoch 121/1500 | Train: 1.233697e-02 | Val MSE: 4.833335e-03 | Val MAE: 3.137937e-02
2025-11-04 03:43:07,583 [INFO] Epoch 131/1500 | Train: 1.185712e-02 | Val MSE: 4.064218e-03 | Val MAE: 2.988447e-02
2025-11-04 03:45:39,943 [INFO] Epoch 141/1500 | Train: 1.158407e-02 | Val MSE: 3.735385e-03 | Val MAE: 2.915675e-02
2025-11-04 03:48:12,497 [INFO] Epoch 151/1500 | Train: 1.115946e-02 | Val MSE: 3.586095e-03 | Val MAE: 2.770626e-02
2025-11-04 03:50:45,900 [INFO] Epoch 161/1500 | Train: 1.115499e-02 | Val MSE: 3.723181e-03 | Val MAE: 2.766244e-02
2025-11-04 03:53:18,262 [INFO] Epoch 171/1500 | Train: 1.091356e-02 | Val MSE: 3.467821e-03 | Val MAE: 2.697193e-02
2025-11-04 03:55:49,638 [INFO] Epoch 181/1500 | Train: 1.089801e-02 | Val MSE: 3.304085e-03 | Val MAE: 2.684024e-02
2025-11-04 03:58:20,065 [INFO] Epoch 191/1500 | Train: 1.093300e-02 | Val MSE: 3.199579e-03 | Val MAE: 2.648495e-02
2025-11-04 04:00:53,079 [INFO] Epoch 201/1500 | Train: 1.087522e-02 | Val MSE: 3.307471e-03 | Val MAE: 2.667836e-02
2025-11-04 04:03:25,309 [INFO] Epoch 211/1500 | Train: 1.091581e-02 | Val MSE: 3.355587e-03 | Val MAE: 2.661701e-02
2025-11-04 04:05:58,346 [INFO] Epoch 221/1500 | Train: 1.059197e-02 | Val MSE: 3.213211e-03 | Val MAE: 2.657065e-02
2025-11-04 04:06:59,628 [INFO] Early stopping at epoch 225
2025-11-04 04:06:59,628 [INFO] Total training time: 57m 6.53s
2025-11-04 04:06:59,968 [INFO] Loss curve saved to results_ieee30/n_10_m_15000/pretraining_loss_curve.png
2025-11-04 04:06:59,968 [INFO] --- Starting Post-Training Analysis ---
/home/psquare_quantum/Desktop/ssl/lib/python3.10/site-packages/torch/nn/modules/transformer.py:392: UserWarning: enable_nested_tensor is True, but self.use_nested_tensor is False because encoder_layer.norm_first was True
  warnings.warn(
2025-11-04 04:07:01,438 [INFO] Analysis plots saved to results_ieee30/n_10_m_15000/analysis_plots
2025-11-04 04:07:01,439 [INFO] Metrics saved to results_ieee30/n_10_m_15000/metrics.json

[RUN] rc=0, elapsed=3430.51s
