[RUN] n=20 m=100 at 2025-11-03T03:21:47.051046
[RUN][CMD] /home/psquare_quantum/Desktop/ssl/bin/python check_new_fixed.py --num_views 20 --data_path data/m_100.npz --outdir results_ieee30/n_20_m_100 --seed 42 --epochs 1500 --batch_size 256 --mask_ratio 0.75 --embed_dim 128 --num_layers 6 --lr 0.0001 --weight_decay 1e-05 --patience 25 --memory_efficient --auto_adjust_batch
2025-11-03 03:21:48,154 [INFO] Device: CUDA
2025-11-03 03:21:48,154 [INFO] Auto-adjusted batch size: 256 -> 32 (for N=20)
2025-11-03 03:21:48,156 [INFO] token_dim=5, num_buses=30, num_views=20
/home/psquare_quantum/Desktop/ssl/lib/python3.10/site-packages/torch/nn/modules/transformer.py:392: UserWarning: enable_nested_tensor is True, but self.use_nested_tensor is False because encoder_layer.norm_first was True
  warnings.warn(
2025-11-03 03:21:49,166 [INFO] Using SEQUENTIAL view processing (memory-efficient)
2025-11-03 03:21:49,166 [INFO] --- Starting Pre-training ---
2025-11-03 03:21:50,729 [INFO] Epoch 001/1500 | Train: 2.387589e+00 | Val MSE: 1.128492e+00 | Val MAE: 8.761451e-01
2025-11-03 03:22:01,321 [INFO] Epoch 011/1500 | Train: 6.044593e-01 | Val MSE: 5.736510e-01 | Val MAE: 5.848475e-01
2025-11-03 03:22:12,195 [INFO] Epoch 021/1500 | Train: 5.640481e-01 | Val MSE: 5.757054e-01 | Val MAE: 5.881342e-01
2025-11-03 03:22:22,862 [INFO] Epoch 031/1500 | Train: 5.030508e-01 | Val MSE: 5.572190e-01 | Val MAE: 5.641244e-01
2025-11-03 03:22:33,302 [INFO] Epoch 041/1500 | Train: 4.754016e-01 | Val MSE: 5.311666e-01 | Val MAE: 5.531882e-01
2025-11-03 03:22:43,844 [INFO] Epoch 051/1500 | Train: 4.491196e-01 | Val MSE: 4.713295e-01 | Val MAE: 5.109147e-01
2025-11-03 03:22:54,960 [INFO] Epoch 061/1500 | Train: 3.970255e-01 | Val MSE: 4.207281e-01 | Val MAE: 4.815097e-01
2025-11-03 03:23:05,561 [INFO] Epoch 071/1500 | Train: 3.767059e-01 | Val MSE: 4.398647e-01 | Val MAE: 4.975733e-01
2025-11-03 03:23:15,977 [INFO] Epoch 081/1500 | Train: 3.402507e-01 | Val MSE: 3.877638e-01 | Val MAE: 4.507790e-01
2025-11-03 03:23:26,893 [INFO] Epoch 091/1500 | Train: 3.376854e-01 | Val MSE: 3.901102e-01 | Val MAE: 4.435602e-01
2025-11-03 03:23:37,412 [INFO] Epoch 101/1500 | Train: 3.244101e-01 | Val MSE: 3.853108e-01 | Val MAE: 4.441533e-01
2025-11-03 03:23:47,870 [INFO] Epoch 111/1500 | Train: 3.010298e-01 | Val MSE: 3.759468e-01 | Val MAE: 4.316296e-01
2025-11-03 03:23:58,608 [INFO] Epoch 121/1500 | Train: 3.005611e-01 | Val MSE: 3.716728e-01 | Val MAE: 4.202683e-01
2025-11-03 03:24:09,042 [INFO] Epoch 131/1500 | Train: 2.905289e-01 | Val MSE: 3.420827e-01 | Val MAE: 4.012508e-01
2025-11-03 03:24:19,375 [INFO] Epoch 141/1500 | Train: 2.902646e-01 | Val MSE: 3.387061e-01 | Val MAE: 4.102575e-01
2025-11-03 03:24:30,233 [INFO] Epoch 151/1500 | Train: 2.738965e-01 | Val MSE: 3.528621e-01 | Val MAE: 4.100966e-01
2025-11-03 03:24:40,913 [INFO] Epoch 161/1500 | Train: 2.759218e-01 | Val MSE: 3.358728e-01 | Val MAE: 4.000898e-01
2025-11-03 03:24:51,116 [INFO] Epoch 171/1500 | Train: 2.637718e-01 | Val MSE: 3.488600e-01 | Val MAE: 3.998991e-01
2025-11-03 03:25:01,735 [INFO] Epoch 181/1500 | Train: 2.652676e-01 | Val MSE: 3.342111e-01 | Val MAE: 3.955667e-01
2025-11-03 03:25:12,404 [INFO] Epoch 191/1500 | Train: 2.664301e-01 | Val MSE: 3.566717e-01 | Val MAE: 4.062695e-01
2025-11-03 03:25:16,447 [INFO] Early stopping at epoch 195
2025-11-03 03:25:16,447 [INFO] Total training time: 3m 27.28s
2025-11-03 03:25:16,792 [INFO] Loss curve saved to results_ieee30/n_20_m_100/pretraining_loss_curve.png
2025-11-03 03:25:16,792 [INFO] --- Starting Post-Training Analysis ---
/home/psquare_quantum/Desktop/ssl/lib/python3.10/site-packages/torch/nn/modules/transformer.py:392: UserWarning: enable_nested_tensor is True, but self.use_nested_tensor is False because encoder_layer.norm_first was True
  warnings.warn(
2025-11-03 03:25:19,125 [INFO] Analysis plots saved to results_ieee30/n_20_m_100/analysis_plots
2025-11-03 03:25:19,125 [INFO] Metrics saved to results_ieee30/n_20_m_100/metrics.json

[RUN] rc=0, elapsed=212.54s
