[RUN] n=50 m=10000 at 2025-11-07T00:21:26.508042
[RUN][CMD] /home/psquare_quantum/Desktop/ssl/bin/python check_new_fixed.py --num_views 50 --data_path data/m_10000.npz --outdir results_ieee30/n_50_m_10000 --seed 42 --epochs 1500 --batch_size 128 --mask_ratio 0.75 --embed_dim 128 --num_layers 6 --lr 0.0001 --weight_decay 1e-05 --patience 25 --memory_efficient --auto_adjust_batch
2025-11-07 00:21:27,532 [INFO] Device: CUDA
2025-11-07 00:21:27,532 [INFO] Auto-adjusted batch size: 128 -> 12 (for N=50)
2025-11-07 00:21:27,600 [INFO] token_dim=5, num_buses=30, num_views=50
/home/psquare_quantum/Desktop/ssl/lib/python3.10/site-packages/torch/nn/modules/transformer.py:392: UserWarning: enable_nested_tensor is True, but self.use_nested_tensor is False because encoder_layer.norm_first was True
  warnings.warn(
2025-11-07 00:21:28,252 [INFO] Using SEQUENTIAL view processing (memory-efficient)
2025-11-07 00:21:28,252 [INFO] --- Starting Pre-training ---
2025-11-07 00:24:12,146 [INFO] Epoch 001/1500 | Train: 4.687721e-01 | Val MSE: 2.743094e-01 | Val MAE: 3.565239e-01
2025-11-07 00:51:20,375 [INFO] Epoch 011/1500 | Train: 3.388756e-02 | Val MSE: 1.658142e-02 | Val MAE: 6.569776e-02
2025-11-07 01:18:25,743 [INFO] Epoch 021/1500 | Train: 2.178562e-02 | Val MSE: 1.142755e-02 | Val MAE: 5.674185e-02
2025-11-07 01:45:33,150 [INFO] Epoch 031/1500 | Train: 1.747684e-02 | Val MSE: 7.736809e-03 | Val MAE: 4.326933e-02
2025-11-07 02:12:43,501 [INFO] Epoch 041/1500 | Train: 1.487262e-02 | Val MSE: 6.836759e-03 | Val MAE: 4.046419e-02
2025-11-07 02:39:36,489 [INFO] Epoch 051/1500 | Train: 1.327849e-02 | Val MSE: 6.197841e-03 | Val MAE: 3.753408e-02
2025-11-07 03:06:53,665 [INFO] Epoch 061/1500 | Train: 1.195669e-02 | Val MSE: 5.165365e-03 | Val MAE: 3.303752e-02
2025-11-07 03:34:15,671 [INFO] Epoch 071/1500 | Train: 1.102456e-02 | Val MSE: 5.646621e-03 | Val MAE: 3.546398e-02
2025-11-07 04:01:29,816 [INFO] Epoch 081/1500 | Train: 1.016158e-02 | Val MSE: 4.870957e-03 | Val MAE: 3.560522e-02
2025-11-07 04:28:43,924 [INFO] Epoch 091/1500 | Train: 8.297407e-03 | Val MSE: 2.913516e-03 | Val MAE: 2.462459e-02
2025-11-07 04:55:51,605 [INFO] Epoch 101/1500 | Train: 7.979447e-03 | Val MSE: 3.192460e-03 | Val MAE: 2.608076e-02
2025-11-07 05:23:05,204 [INFO] Epoch 111/1500 | Train: 7.563952e-03 | Val MSE: 3.042844e-03 | Val MAE: 2.443903e-02
2025-11-07 05:50:17,169 [INFO] Epoch 121/1500 | Train: 7.285787e-03 | Val MSE: 2.696395e-03 | Val MAE: 2.361755e-02
2025-11-07 06:17:26,725 [INFO] Epoch 131/1500 | Train: 6.510198e-03 | Val MSE: 2.026357e-03 | Val MAE: 2.073120e-02
2025-11-07 06:44:36,648 [INFO] Epoch 141/1500 | Train: 6.407753e-03 | Val MSE: 2.078890e-03 | Val MAE: 2.082370e-02
2025-11-07 07:11:45,480 [INFO] Epoch 151/1500 | Train: 6.221139e-03 | Val MSE: 2.062603e-03 | Val MAE: 2.095387e-02
2025-11-07 07:38:52,141 [INFO] Epoch 161/1500 | Train: 6.143326e-03 | Val MSE: 2.551398e-03 | Val MAE: 2.159003e-02
2025-11-07 08:06:02,165 [INFO] Epoch 171/1500 | Train: 5.749522e-03 | Val MSE: 1.934518e-03 | Val MAE: 1.925341e-02
2025-11-07 08:33:09,807 [INFO] Epoch 181/1500 | Train: 5.590500e-03 | Val MSE: 1.673088e-03 | Val MAE: 1.804177e-02
2025-11-07 09:00:23,986 [INFO] Epoch 191/1500 | Train: 5.557669e-03 | Val MSE: 1.699140e-03 | Val MAE: 1.813044e-02
2025-11-07 09:27:33,789 [INFO] Epoch 201/1500 | Train: 5.520332e-03 | Val MSE: 1.565212e-03 | Val MAE: 1.783256e-02
2025-11-07 09:54:40,981 [INFO] Epoch 211/1500 | Train: 5.465566e-03 | Val MSE: 1.560649e-03 | Val MAE: 1.766983e-02
2025-11-07 10:23:03,782 [INFO] Epoch 221/1500 | Train: 5.273657e-03 | Val MSE: 1.526607e-03 | Val MAE: 1.738343e-02
2025-11-07 10:53:07,755 [INFO] Epoch 231/1500 | Train: 5.242000e-03 | Val MSE: 1.556942e-03 | Val MAE: 1.743791e-02
2025-11-07 11:23:13,333 [INFO] Epoch 241/1500 | Train: 5.175641e-03 | Val MSE: 1.302220e-03 | Val MAE: 1.656815e-02
2025-11-07 11:53:23,368 [INFO] Epoch 251/1500 | Train: 5.106911e-03 | Val MSE: 1.442730e-03 | Val MAE: 1.698366e-02
2025-11-07 12:21:26,544 [INFO] Epoch 261/1500 | Train: 5.052058e-03 | Val MSE: 1.361915e-03 | Val MAE: 1.662144e-02
2025-11-07 12:35:00,231 [INFO] Early stopping at epoch 266
2025-11-07 12:35:00,231 [INFO] Total training time: 733m 31.98s
2025-11-07 12:35:00,584 [INFO] Loss curve saved to results_ieee30/n_50_m_10000/pretraining_loss_curve.png
2025-11-07 12:35:00,584 [INFO] --- Starting Post-Training Analysis ---
/home/psquare_quantum/Desktop/ssl/lib/python3.10/site-packages/torch/nn/modules/transformer.py:392: UserWarning: enable_nested_tensor is True, but self.use_nested_tensor is False because encoder_layer.norm_first was True
  warnings.warn(
2025-11-07 12:35:02,641 [INFO] Analysis plots saved to results_ieee30/n_50_m_10000/analysis_plots
2025-11-07 12:35:02,641 [INFO] Metrics saved to results_ieee30/n_50_m_10000/metrics.json

[RUN] rc=0, elapsed=44016.60s
