{
  "seed": 42,
  "m_list": [
    15000,
    10000,
    5000,
    2000,
    1000,
    500,
    200,
    100
  ],
  "n_list": [
    1,
    2,
    4,
    5,
    8,
    10,
    15,
    20,
    30,
    40,
    50
  ],
  "started": "2025-11-03T01:38:29.014016",
  "memory_strategy": "accumulation"
}
[DATA][CMD] /home/psquare_quantum/Desktop/ssl/bin/python generate_data_new.py --num_samples 15000 --output_path data/m_15000.npz --seed 42 at 2025-11-03T01:38:29.016120
[DATA][CMD] /home/psquare_quantum/Desktop/ssl/bin/python generate_data_new.py --num_samples 10000 --output_path data/m_10000.npz --seed 42 at 2025-11-03T01:38:29.017619
[DATA][CMD] /home/psquare_quantum/Desktop/ssl/bin/python generate_data_new.py --num_samples 5000 --output_path data/m_5000.npz --seed 42 at 2025-11-03T01:38:29.018270
[DATA][CMD] /home/psquare_quantum/Desktop/ssl/bin/python generate_data_new.py --num_samples 2000 --output_path data/m_2000.npz --seed 42 at 2025-11-03T01:38:29.021700

Generating data:   0%|          | 0/2000 [00:00<?, ?it/s]
Generating data:   0%|          | 1/2000 [00:01<1:02:41,  1.88s/it]
Generating data:   0%|          | 5/2000 [00:01<10:07,  3.29it/s]  
Generating data:   0%|          | 9/2000 [00:02<05:05,  6.52it/s]
Generating data:   1%|          | 13/2000 [00:02<03:15, 10.17it/s]
Generating data:   1%|          | 17/2000 [00:02<02:21, 14.00it/s]
Generating data:   1%|          | 21/2000 [00:02<01:50, 17.90it/s]
Generating data:   1%|▏         | 25/2000 [00:02<01:30, 21.76it/s]
Generating data:   1%|▏         | 29/2000 [00:02<01:31, 21.43it/s]
Generating data:   2%|▏         | 33/2000 [00:02<01:19, 24.82it/s]
Generating data:   2%|▏         | 37/2000 [00:02<01:10, 28.00it/s]
Generating data:   2%|▏         | 41/2000 [00:03<01:04, 30.30it/s]
Generating data:   2%|▏         | 45/2000 [00:03<01:02, 31.20it/s]
Generating data:   2%|▏         | 49/2000 [00:03<01:00, 32.11it/s]
Generating data:   3%|▎         | 53/2000 [00:03<01:11, 27.21it/s]
Generating data:   3%|▎         | 57/2000 [00:03<01:06, 29.19it/s]
Generating data:   3%|▎         | 61/2000 [00:03<01:02, 31.01it/s]
Generating data:   3%|▎         | 65/2000 [00:03<00:59, 32.50it/s]
Generating data:   3%|▎         | 69/2000 [00:03<00:58, 33.18it/s]
Generating data:   4%|▎         | 73/2000 [00:04<00:56, 33.85it/s]
Generating data:   4%|▍         | 77/2000 [00:04<01:08, 27.92it/s]
Generating data:   4%|▍         | 81/2000 [00:04<01:04, 29.53it/s]
Generating data:   4%|▍         | 85/2000 [00:04<01:01, 31.36it/s]
Generating data:   4%|▍         | 89/2000 [00:04<00:59, 32.23it/s]
Generating data:   5%|▍         | 93/2000 [00:04<00:57, 33.28it/s]
Generating data:   5%|▍         | 97/2000 [00:04<00:54, 34.63it/s]
Generating data:   5%|▌         | 101/2000 [00:04<00:55, 34.42it/s]
Generating data:   5%|▌         | 105/2000 [00:05<00:53, 35.59it/s]
Generating data:   5%|▌         | 109/2000 [00:05<00:54, 34.91it/s]
Generating data:   6%|▌         | 113/2000 [00:05<00:52, 35.62it/s]
Generating data:   6%|▌         | 117/2000 [00:05<01:05, 28.62it/s]
Generating data:   6%|▌         | 121/2000 [00:05<01:02, 29.89it/s]
Generating data:   6%|▋         | 125/2000 [00:05<00:59, 31.58it/s]
Generating data:   6%|▋         | 129/2000 [00:05<00:57, 32.68it/s]
Generating data:   7%|▋         | 133/2000 [00:05<00:55, 33.93it/s]
Generating data:   7%|▋         | 137/2000 [00:06<00:54, 34.39it/s]
Generating data:   7%|▋         | 141/2000 [00:06<00:52, 35.11it/s]
Generating data:   7%|▋         | 145/2000 [00:06<00:52, 35.27it/s]
Generating data:   7%|▋         | 149/2000 [00:06<00:52, 34.95it/s]
Generating data:   8%|▊         | 153/2000 [00:06<01:06, 27.73it/s]
Generating data:   8%|▊         | 157/2000 [00:06<01:01, 30.15it/s]
Generating data:   8%|▊         | 161/2000 [00:06<00:59, 30.95it/s]
Generating data:   8%|▊         | 165/2000 [00:06<00:58, 31.27it/s]
Generating data:   8%|▊         | 169/2000 [00:07<00:56, 32.46it/s]
Generating data:   9%|▊         | 173/2000 [00:07<00:54, 33.24it/s]
Generating data:   9%|▉         | 177/2000 [00:07<00:53, 33.86it/s]
Generating data:   9%|▉         | 181/2000 [00:07<00:52, 34.73it/s]
Generating data:   9%|▉         | 185/2000 [00:07<01:04, 28.06it/s]
Generating data:   9%|▉         | 189/2000 [00:07<00:59, 30.26it/s]
Generating data:  10%|▉         | 193/2000 [00:07<00:56, 32.16it/s]
Generating data:  10%|▉         | 197/2000 [00:07<00:54, 32.97it/s]
Generating data:  10%|█         | 201/2000 [00:08<00:53, 33.87it/s]
Generating data:  10%|█         | 205/2000 [00:08<00:52, 34.41it/s]
Generating data:  10%|█         | 209/2000 [00:08<00:51, 34.80it/s]
Generating data:  11%|█         | 213/2000 [00:08<00:51, 34.53it/s]
Generating data:  11%|█         | 217/2000 [00:08<01:03, 28.20it/s]
Generating data:  11%|█         | 221/2000 [00:08<00:58, 30.22it/s]
Generating data:  11%|█▏        | 225/2000 [00:08<00:56, 31.37it/s]
Generating data:  11%|█▏        | 229/2000 [00:08<00:54, 32.45it/s]
Generating data:  12%|█▏        | 233/2000 [00:09<00:52, 33.77it/s]
Generating data:  12%|█▏        | 237/2000 [00:09<00:52, 33.75it/s]
Generating data:  12%|█▏        | 241/2000 [00:09<00:49, 35.25it/s]
Generating data:  12%|█▏        | 245/2000 [00:09<01:02, 28.01it/s]
Generating data:  12%|█▏        | 249/2000 [00:09<00:58, 30.06it/s]
Generating data:  13%|█▎        | 253/2000 [00:09<00:54, 31.89it/s]
Generating data:  13%|█▎        | 257/2000 [00:09<00:53, 32.50it/s]
Generating data:  13%|█▎        | 261/2000 [00:09<00:51, 33.51it/s]
Generating data:  13%|█▎        | 265/2000 [00:10<00:50, 34.13it/s]
Generating data:  13%|█▎        | 269/2000 [00:10<00:50, 34.09it/s]
Generating data:  14%|█▎        | 273/2000 [00:10<00:50, 34.40it/s]
Generating data:  14%|█▍        | 277/2000 [00:10<00:50, 34.18it/s]
Generating data:  14%|█▍        | 281/2000 [00:10<00:48, 35.19it/s]
Generating data:  14%|█▍        | 285/2000 [00:10<01:01, 27.82it/s]
Generating data:  14%|█▍        | 289/2000 [00:10<00:56, 30.09it/s]
Generating data:  15%|█▍        | 293/2000 [00:10<00:53, 31.77it/s]
Generating data:  15%|█▍        | 297/2000 [00:11<00:51, 33.39it/s]
Generating data:  15%|█▌        | 301/2000 [00:11<00:50, 33.92it/s]
Generating data:  15%|█▌        | 305/2000 [00:11<00:49, 34.47it/s]
Generating data:  15%|█▌        | 309/2000 [00:11<00:49, 34.16it/s]
Generating data:  16%|█▌        | 313/2000 [00:11<00:48, 34.46it/s]
Generating data:  16%|█▌        | 317/2000 [00:11<01:01, 27.53it/s]
Generating data:  16%|█▌        | 321/2000 [00:11<00:56, 29.54it/s]
Generating data:  16%|█▋        | 325/2000 [00:11<00:54, 30.84it/s]
Generating data:  16%|█▋        | 329/2000 [00:12<00:52, 32.05it/s]
Generating data:  17%|█▋        | 333/2000 [00:12<00:50, 32.71it/s]
Generating data:  17%|█▋        | 337/2000 [00:12<00:49, 33.44it/s]
Generating data:  17%|█▋        | 341/2000 [00:12<00:49, 33.73it/s]
Generating data:  17%|█▋        | 345/2000 [00:12<00:49, 33.66it/s]
Generating data:  17%|█▋        | 349/2000 [00:12<01:00, 27.20it/s]
Generating data:  18%|█▊        | 353/2000 [00:12<00:56, 29.22it/s]
Generating data:  18%|█▊        | 357/2000 [00:12<00:53, 30.73it/s]
Generating data:  18%|█▊        | 361/2000 [00:13<00:51, 31.93it/s]
Generating data:  18%|█▊        | 365/2000 [00:13<00:50, 32.45it/s]
Generating data:  18%|█▊        | 369/2000 [00:13<00:48, 33.37it/s]
Generating data:  19%|█▊        | 373/2000 [00:13<00:48, 33.35it/s]
Generating data:  19%|█▉        | 377/2000 [00:13<00:48, 33.50it/s]
Generating data:  19%|█▉        | 381/2000 [00:13<01:00, 26.89it/s]
Generating data:  19%|█▉        | 385/2000 [00:13<00:56, 28.55it/s]
Generating data:  19%|█▉        | 389/2000 [00:13<00:53, 30.19it/s]
Generating data:  20%|█▉        | 393/2000 [00:14<00:50, 31.66it/s]
Generating data:  20%|█▉        | 397/2000 [00:14<00:48, 32.78it/s]
Generating data:  20%|██        | 401/2000 [00:14<00:48, 33.22it/s]
Generating data:  20%|██        | 405/2000 [00:14<00:46, 34.14it/s]
Generating data:  20%|██        | 409/2000 [00:14<00:45, 35.04it/s]
Generating data:  21%|██        | 413/2000 [00:14<00:44, 35.80it/s]
Generating data:  21%|██        | 417/2000 [00:14<00:56, 27.99it/s]
Generating data:  21%|██        | 421/2000 [00:14<00:52, 30.09it/s]
Generating data:  21%|██▏       | 425/2000 [00:15<00:49, 31.71it/s]
Generating data:  21%|██▏       | 429/2000 [00:15<00:47, 33.03it/s]
Generating data:  22%|██▏       | 433/2000 [00:15<00:46, 33.66it/s]
Generating data:  22%|██▏       | 437/2000 [00:15<00:44, 34.86it/s]
Generating data:  22%|██▏       | 441/2000 [00:15<00:44, 35.24it/s]
Generating data:  22%|██▏       | 445/2000 [00:15<00:43, 35.99it/s]
Generating data:  22%|██▏       | 449/2000 [00:15<00:42, 36.61it/s]
Generating data:  23%|██▎       | 453/2000 [00:15<00:43, 35.80it/s]
Generating data:  23%|██▎       | 457/2000 [00:15<00:43, 35.76it/s]
Generating data:  23%|██▎       | 461/2000 [00:16<00:56, 27.30it/s]
Generating data:  23%|██▎       | 465/2000 [00:16<00:53, 28.91it/s]
Generating data:  23%|██▎       | 469/2000 [00:16<00:49, 31.02it/s]
Generating data:  24%|██▎       | 473/2000 [00:16<00:47, 32.10it/s]
Generating data:  24%|██▍       | 477/2000 [00:16<00:45, 33.49it/s]
Generating data:  24%|██▍       | 481/2000 [00:16<00:44, 33.93it/s]
Generating data:  24%|██▍       | 485/2000 [00:16<00:43, 35.01it/s]
Generating data:  24%|██▍       | 489/2000 [00:16<00:42, 35.77it/s]
Generating data:  25%|██▍       | 493/2000 [00:17<00:42, 35.44it/s]
Generating data:  25%|██▍       | 497/2000 [00:17<00:43, 34.59it/s]
Generating data:  25%|██▌       | 501/2000 [00:17<00:56, 26.57it/s]
Generating data:  25%|██▌       | 505/2000 [00:17<00:52, 28.50it/s]
Generating data:  25%|██▌       | 509/2000 [00:17<00:49, 30.40it/s]
Generating data:  26%|██▌       | 513/2000 [00:17<00:46, 32.01it/s]
Generating data:  26%|██▌       | 517/2000 [00:17<00:44, 33.31it/s]
Generating data:  26%|██▌       | 521/2000 [00:17<00:44, 33.46it/s]
Generating data:  26%|██▋       | 525/2000 [00:18<00:42, 34.90it/s]
Generating data:  26%|██▋       | 529/2000 [00:18<00:42, 34.33it/s]
Generating data:  27%|██▋       | 533/2000 [00:18<00:51, 28.71it/s]
Generating data:  27%|██▋       | 537/2000 [00:18<00:48, 30.07it/s]
Generating data:  27%|██▋       | 541/2000 [00:18<00:46, 31.54it/s]
Generating data:  27%|██▋       | 545/2000 [00:18<00:44, 32.41it/s]
Generating data:  27%|██▋       | 549/2000 [00:18<00:43, 33.08it/s]
Generating data:  28%|██▊       | 553/2000 [00:18<00:42, 33.81it/s]
Generating data:  28%|██▊       | 557/2000 [00:19<00:42, 34.26it/s]
Generating data:  28%|██▊       | 561/2000 [00:19<00:50, 28.23it/s]
Generating data:  28%|██▊       | 565/2000 [00:19<00:47, 30.28it/s]
Generating data:  28%|██▊       | 569/2000 [00:19<00:45, 31.68it/s]
Generating data:  29%|██▊       | 573/2000 [00:19<00:42, 33.24it/s]
Generating data:  29%|██▉       | 577/2000 [00:19<00:40, 34.87it/s]
Generating data:  29%|██▉       | 581/2000 [00:19<00:40, 35.15it/s]
Generating data:  29%|██▉       | 585/2000 [00:20<00:48, 29.00it/s]
Generating data:  29%|██▉       | 589/2000 [00:20<00:46, 30.67it/s]
Generating data:  30%|██▉       | 593/2000 [00:20<00:43, 32.00it/s]
Generating data:  30%|██▉       | 597/2000 [00:20<00:42, 33.13it/s]
Generating data:  30%|███       | 601/2000 [00:20<00:40, 34.25it/s]
Generating data:  30%|███       | 605/2000 [00:20<00:39, 35.03it/s]
Generating data:  30%|███       | 609/2000 [00:20<00:39, 34.88it/s]
Generating data:  31%|███       | 613/2000 [00:20<00:48, 28.35it/s]
Generating data:  31%|███       | 617/2000 [00:20<00:45, 30.17it/s]
Generating data:  31%|███       | 621/2000 [00:21<00:43, 31.92it/s]
Generating data:  31%|███▏      | 625/2000 [00:21<00:42, 32.47it/s]
Generating data:  31%|███▏      | 629/2000 [00:21<00:40, 33.92it/s]
Generating data:  32%|███▏      | 633/2000 [00:21<00:40, 34.08it/s]
Generating data:  32%|███▏      | 637/2000 [00:21<00:38, 35.00it/s]
Generating data:  32%|███▏      | 641/2000 [00:21<00:38, 35.47it/s]
Generating data:  32%|███▏      | 645/2000 [00:21<00:38, 35.52it/s]
Generating data:  32%|███▏      | 649/2000 [00:21<00:38, 35.42it/s]
Generating data:  33%|███▎      | 653/2000 [00:22<00:47, 28.28it/s]
Generating data:  33%|███▎      | 657/2000 [00:22<00:45, 29.81it/s]
Generating data:  33%|███▎      | 661/2000 [00:22<00:43, 31.09it/s]
Generating data:  33%|███▎      | 665/2000 [00:22<00:42, 31.23it/s]
Generating data:  33%|███▎      | 669/2000 [00:22<00:40, 32.80it/s]
Generating data:  34%|███▎      | 673/2000 [00:22<00:39, 33.60it/s]
Generating data:  34%|███▍      | 677/2000 [00:22<00:38, 34.16it/s]
Generating data:  34%|███▍      | 681/2000 [00:22<00:38, 34.46it/s]
Generating data:  34%|███▍      | 685/2000 [00:23<00:37, 34.96it/s]
Generating data:  34%|███▍      | 689/2000 [00:23<00:37, 34.84it/s]
Generating data:  35%|███▍      | 693/2000 [00:23<00:46, 28.24it/s]
Generating data:  35%|███▍      | 697/2000 [00:23<00:45, 28.88it/s]
Generating data:  35%|███▌      | 701/2000 [00:23<00:43, 29.69it/s]
Generating data:  35%|███▌      | 705/2000 [00:23<00:41, 31.06it/s]
Generating data:  35%|███▌      | 709/2000 [00:23<00:39, 32.50it/s]
Generating data:  36%|███▌      | 713/2000 [00:23<00:39, 32.81it/s]
Generating data:  36%|███▌      | 717/2000 [00:24<00:38, 33.59it/s]
Generating data:  36%|███▌      | 721/2000 [00:24<00:36, 35.06it/s]
Generating data:  36%|███▋      | 725/2000 [00:24<00:36, 35.32it/s]
Generating data:  36%|███▋      | 729/2000 [00:24<00:44, 28.36it/s]
Generating data:  37%|███▋      | 733/2000 [00:24<00:42, 30.07it/s]
Generating data:  37%|███▋      | 737/2000 [00:24<00:40, 31.15it/s]
Generating data:  37%|███▋      | 741/2000 [00:24<00:39, 32.04it/s]
Generating data:  37%|███▋      | 745/2000 [00:24<00:38, 32.91it/s]
Generating data:  37%|███▋      | 749/2000 [00:25<00:37, 33.68it/s]
Generating data:  38%|███▊      | 753/2000 [00:25<00:37, 33.10it/s]
Generating data:  38%|███▊      | 757/2000 [00:25<00:45, 27.44it/s]
Generating data:  38%|███▊      | 761/2000 [00:25<00:42, 29.12it/s]
Generating data:  38%|███▊      | 765/2000 [00:25<00:39, 30.90it/s]
Generating data:  38%|███▊      | 769/2000 [00:25<00:38, 32.36it/s]
Generating data:  39%|███▊      | 773/2000 [00:25<00:36, 33.27it/s]
Generating data:  39%|███▉      | 777/2000 [00:25<00:36, 33.54it/s]
Generating data:  39%|███▉      | 781/2000 [00:26<00:35, 34.05it/s]
Generating data:  39%|███▉      | 785/2000 [00:26<00:35, 34.30it/s]
Generating data:  39%|███▉      | 789/2000 [00:26<00:34, 34.94it/s]
Generating data:  40%|███▉      | 793/2000 [00:26<00:34, 34.96it/s]
Generating data:  40%|███▉      | 797/2000 [00:26<00:34, 35.28it/s]
Generating data:  40%|████      | 801/2000 [00:26<00:42, 27.90it/s]
Generating data:  40%|████      | 805/2000 [00:26<00:40, 29.52it/s]
Generating data:  40%|████      | 809/2000 [00:26<00:38, 30.62it/s]
Generating data:  41%|████      | 813/2000 [00:27<00:37, 31.48it/s]
Generating data:  41%|████      | 817/2000 [00:27<00:36, 32.83it/s]
Generating data:  41%|████      | 821/2000 [00:27<00:34, 33.71it/s]
Generating data:  41%|████▏     | 825/2000 [00:27<00:33, 34.97it/s]
Generating data:  41%|████▏     | 829/2000 [00:27<00:33, 35.44it/s]
Generating data:  42%|████▏     | 833/2000 [00:27<00:33, 35.26it/s]
Generating data:  42%|████▏     | 837/2000 [00:27<00:32, 35.60it/s]
Generating data:  42%|████▏     | 841/2000 [00:27<00:32, 35.36it/s]
Generating data:  42%|████▏     | 845/2000 [00:28<00:41, 27.85it/s]
Generating data:  42%|████▏     | 849/2000 [00:28<00:39, 28.80it/s]
Generating data:  43%|████▎     | 853/2000 [00:28<00:37, 30.19it/s]
Generating data:  43%|████▎     | 857/2000 [00:28<00:35, 32.01it/s]
Generating data:  43%|████▎     | 861/2000 [00:28<00:33, 33.56it/s]
Generating data:  43%|████▎     | 865/2000 [00:28<00:33, 33.93it/s]
Generating data:  43%|████▎     | 869/2000 [00:28<00:33, 34.07it/s]
Generating data:  44%|████▎     | 873/2000 [00:28<00:32, 34.34it/s]
Generating data:  44%|████▍     | 877/2000 [00:28<00:31, 35.34it/s]
Generating data:  44%|████▍     | 881/2000 [00:29<00:31, 35.07it/s]
Generating data:  44%|████▍     | 885/2000 [00:29<00:32, 34.81it/s]
Generating data:  44%|████▍     | 889/2000 [00:29<00:39, 27.78it/s]
Generating data:  45%|████▍     | 893/2000 [00:29<00:37, 29.23it/s]
Generating data:  45%|████▍     | 897/2000 [00:29<00:35, 31.06it/s]
Generating data:  45%|████▌     | 901/2000 [00:29<00:34, 31.95it/s]
Generating data:  45%|████▌     | 905/2000 [00:29<00:34, 31.98it/s]
Generating data:  45%|████▌     | 909/2000 [00:30<00:34, 31.90it/s]
Generating data:  46%|████▌     | 913/2000 [00:30<00:32, 33.03it/s]
Generating data:  46%|████▌     | 917/2000 [00:30<00:32, 33.20it/s]
Generating data:  46%|████▌     | 921/2000 [00:30<00:31, 33.98it/s]
Generating data:  46%|████▋     | 925/2000 [00:30<00:31, 33.79it/s]
Generating data:  46%|████▋     | 929/2000 [00:30<00:32, 33.22it/s]
Generating data:  47%|████▋     | 933/2000 [00:30<00:40, 26.38it/s]
Generating data:  47%|████▋     | 937/2000 [00:30<00:37, 28.50it/s]
Generating data:  47%|████▋     | 941/2000 [00:31<00:36, 29.39it/s]
Generating data:  47%|████▋     | 945/2000 [00:31<00:34, 30.77it/s]
Generating data:  47%|████▋     | 949/2000 [00:31<00:32, 32.00it/s]
Generating data:  48%|████▊     | 953/2000 [00:31<00:31, 33.58it/s]
Generating data:  48%|████▊     | 957/2000 [00:31<00:29, 34.92it/s]
Generating data:  48%|████▊     | 961/2000 [00:31<00:30, 34.61it/s]
Generating data:  48%|████▊     | 965/2000 [00:31<00:37, 27.32it/s]
Generating data:  48%|████▊     | 969/2000 [00:31<00:35, 28.88it/s]
Generating data:  49%|████▊     | 973/2000 [00:32<00:34, 30.20it/s]
Generating data:  49%|████▉     | 977/2000 [00:32<00:33, 30.94it/s]
Generating data:  49%|████▉     | 981/2000 [00:32<00:31, 32.26it/s]
Generating data:  49%|████▉     | 985/2000 [00:32<00:30, 32.87it/s]
Generating data:  49%|████▉     | 989/2000 [00:32<00:30, 33.30it/s]
Generating data:  50%|████▉     | 993/2000 [00:32<00:29, 34.00it/s]
Generating data:  50%|████▉     | 997/2000 [00:32<00:28, 34.90it/s]
Generating data:  50%|█████     | 1001/2000 [00:32<00:28, 34.50it/s]
Generating data:  50%|█████     | 1005/2000 [00:33<00:34, 28.90it/s]
Generating data:  50%|█████     | 1009/2000 [00:33<00:32, 30.50it/s]
Generating data:  51%|█████     | 1013/2000 [00:33<00:31, 31.77it/s]
Generating data:  51%|█████     | 1017/2000 [00:33<00:29, 32.98it/s]
Generating data:  51%|█████     | 1021/2000 [00:33<00:29, 33.35it/s]
Generating data:  51%|█████▏    | 1025/2000 [00:33<00:29, 33.47it/s]
Generating data:  51%|█████▏    | 1029/2000 [00:33<00:28, 33.95it/s]
Generating data:  52%|█████▏    | 1033/2000 [00:33<00:34, 27.84it/s]
Generating data:  52%|█████▏    | 1037/2000 [00:34<00:32, 29.59it/s]
Generating data:  52%|█████▏    | 1041/2000 [00:34<00:31, 30.79it/s]
Generating data:  52%|█████▏    | 1045/2000 [00:34<00:30, 31.77it/s]
Generating data:  52%|█████▏    | 1049/2000 [00:34<00:29, 32.67it/s]
Generating data:  53%|█████▎    | 1053/2000 [00:34<00:28, 32.79it/s]
Generating data:  53%|█████▎    | 1057/2000 [00:34<00:27, 34.10it/s]
Generating data:  53%|█████▎    | 1061/2000 [00:34<00:32, 28.50it/s]
Generating data:  53%|█████▎    | 1065/2000 [00:34<00:30, 30.52it/s]
Generating data:  53%|█████▎    | 1069/2000 [00:35<00:29, 31.86it/s]
Generating data:  54%|█████▎    | 1073/2000 [00:35<00:28, 32.74it/s]
Generating data:  54%|█████▍    | 1077/2000 [00:35<00:27, 34.18it/s]
Generating data:  54%|█████▍    | 1081/2000 [00:35<00:26, 34.56it/s]
Generating data:  54%|█████▍    | 1085/2000 [00:35<00:25, 35.29it/s]
Generating data:  54%|█████▍    | 1089/2000 [00:35<00:26, 34.91it/s]
Generating data:  55%|█████▍    | 1093/2000 [00:35<00:26, 34.62it/s]
Generating data:  55%|█████▍    | 1097/2000 [00:35<00:26, 34.49it/s]
Generating data:  55%|█████▌    | 1101/2000 [00:36<00:31, 28.94it/s]
Generating data:  55%|█████▌    | 1105/2000 [00:36<00:29, 30.67it/s]
Generating data:  55%|█████▌    | 1109/2000 [00:36<00:28, 31.73it/s]
Generating data:  56%|█████▌    | 1113/2000 [00:36<00:27, 32.06it/s]
Generating data:  56%|█████▌    | 1117/2000 [00:36<00:27, 32.45it/s]
Generating data:  56%|█████▌    | 1121/2000 [00:36<00:26, 33.62it/s]
Generating data:  56%|█████▋    | 1125/2000 [00:36<00:25, 34.02it/s]
Generating data:  56%|█████▋    | 1129/2000 [00:36<00:25, 34.16it/s]
Generating data:  57%|█████▋    | 1133/2000 [00:36<00:24, 34.88it/s]
Generating data:  57%|█████▋    | 1137/2000 [00:37<00:30, 28.43it/s]
Generating data:  57%|█████▋    | 1141/2000 [00:37<00:28, 30.23it/s]
Generating data:  57%|█████▋    | 1145/2000 [00:37<00:27, 31.66it/s]
Generating data:  57%|█████▋    | 1149/2000 [00:37<00:25, 33.14it/s]
Generating data:  58%|█████▊    | 1153/2000 [00:37<00:25, 33.78it/s]
Generating data:  58%|█████▊    | 1157/2000 [00:37<00:24, 34.42it/s]
Generating data:  58%|█████▊    | 1161/2000 [00:37<00:24, 34.59it/s]
Generating data:  58%|█████▊    | 1165/2000 [00:37<00:24, 34.43it/s]
Generating data:  58%|█████▊    | 1169/2000 [00:38<00:29, 28.10it/s]
Generating data:  59%|█████▊    | 1173/2000 [00:38<00:28, 29.52it/s]
Generating data:  59%|█████▉    | 1177/2000 [00:38<00:26, 30.88it/s]
Generating data:  59%|█████▉    | 1181/2000 [00:38<00:25, 32.11it/s]
Generating data:  59%|█████▉    | 1185/2000 [00:38<00:24, 33.14it/s]
Generating data:  59%|█████▉    | 1189/2000 [00:38<00:24, 33.56it/s]
Generating data:  60%|█████▉    | 1193/2000 [00:38<00:23, 34.17it/s]
Generating data:  60%|█████▉    | 1197/2000 [00:38<00:23, 34.35it/s]
Generating data:  60%|██████    | 1201/2000 [00:39<00:28, 28.20it/s]
Generating data:  60%|██████    | 1205/2000 [00:39<00:26, 29.87it/s]
Generating data:  60%|██████    | 1209/2000 [00:39<00:25, 31.24it/s]
Generating data:  61%|██████    | 1213/2000 [00:39<00:24, 32.20it/s]
Generating data:  61%|██████    | 1217/2000 [00:39<00:24, 32.55it/s]
Generating data:  61%|██████    | 1221/2000 [00:39<00:23, 33.29it/s]
Generating data:  61%|██████▏   | 1225/2000 [00:39<00:22, 33.94it/s]
Generating data:  61%|██████▏   | 1229/2000 [00:39<00:22, 34.27it/s]
Generating data:  62%|██████▏   | 1233/2000 [00:40<00:27, 27.61it/s]
Generating data:  62%|██████▏   | 1237/2000 [00:40<00:25, 29.50it/s]
Generating data:  62%|██████▏   | 1241/2000 [00:40<00:24, 30.91it/s]
Generating data:  62%|██████▏   | 1245/2000 [00:40<00:23, 31.83it/s]
Generating data:  62%|██████▏   | 1249/2000 [00:40<00:22, 33.23it/s]
Generating data:  63%|██████▎   | 1253/2000 [00:40<00:21, 34.34it/s]
Generating data:  63%|██████▎   | 1257/2000 [00:40<00:20, 35.47it/s]
Generating data:  63%|██████▎   | 1261/2000 [00:40<00:20, 35.74it/s]
Generating data:  63%|██████▎   | 1265/2000 [00:41<00:20, 35.73it/s]
Generating data:  63%|██████▎   | 1269/2000 [00:41<00:20, 35.23it/s]
Generating data:  64%|██████▎   | 1273/2000 [00:41<00:25, 28.38it/s]
Generating data:  64%|██████▍   | 1277/2000 [00:41<00:24, 29.00it/s]
Generating data:  64%|██████▍   | 1281/2000 [00:41<00:23, 30.38it/s]
Generating data:  64%|██████▍   | 1285/2000 [00:41<00:22, 31.67it/s]
Generating data:  64%|██████▍   | 1289/2000 [00:41<00:22, 32.23it/s]
Generating data:  65%|██████▍   | 1293/2000 [00:41<00:21, 32.97it/s]
Generating data:  65%|██████▍   | 1297/2000 [00:42<00:20, 33.65it/s]
Generating data:  65%|██████▌   | 1301/2000 [00:42<00:20, 34.79it/s]
Generating data:  65%|██████▌   | 1305/2000 [00:42<00:19, 35.07it/s]
Generating data:  65%|██████▌   | 1309/2000 [00:42<00:19, 35.76it/s]
Generating data:  66%|██████▌   | 1313/2000 [00:42<00:24, 28.42it/s]
Generating data:  66%|██████▌   | 1317/2000 [00:42<00:22, 30.15it/s]
Generating data:  66%|██████▌   | 1321/2000 [00:42<00:21, 31.95it/s]
Generating data:  66%|██████▋   | 1325/2000 [00:42<00:20, 32.59it/s]
Generating data:  66%|██████▋   | 1329/2000 [00:43<00:20, 33.50it/s]
Generating data:  67%|██████▋   | 1333/2000 [00:43<00:19, 34.26it/s]
Generating data:  67%|██████▋   | 1337/2000 [00:43<00:19, 34.68it/s]
Generating data:  67%|██████▋   | 1341/2000 [00:43<00:18, 35.21it/s]
Generating data:  67%|██████▋   | 1345/2000 [00:43<00:18, 35.55it/s]
Generating data:  67%|██████▋   | 1349/2000 [00:43<00:22, 28.51it/s]
Generating data:  68%|██████▊   | 1353/2000 [00:43<00:21, 29.54it/s]
Generating data:  68%|██████▊   | 1357/2000 [00:43<00:20, 31.03it/s]
Generating data:  68%|██████▊   | 1361/2000 [00:44<00:20, 31.51it/s]
Generating data:  68%|██████▊   | 1365/2000 [00:44<00:19, 32.68it/s]
Generating data:  68%|██████▊   | 1369/2000 [00:44<00:19, 33.11it/s]
Generating data:  69%|██████▊   | 1373/2000 [00:44<00:18, 33.81it/s]
Generating data:  69%|██████▉   | 1377/2000 [00:44<00:18, 34.49it/s]
Generating data:  69%|██████▉   | 1381/2000 [00:44<00:22, 27.62it/s]
Generating data:  69%|██████▉   | 1385/2000 [00:44<00:20, 29.43it/s]
Generating data:  69%|██████▉   | 1389/2000 [00:44<00:19, 31.05it/s]
Generating data:  70%|██████▉   | 1393/2000 [00:45<00:19, 31.92it/s]
Generating data:  70%|██████▉   | 1397/2000 [00:45<00:18, 32.55it/s]
Generating data:  70%|███████   | 1401/2000 [00:45<00:18, 32.56it/s]
Generating data:  70%|███████   | 1405/2000 [00:45<00:17, 33.22it/s]
Generating data:  70%|███████   | 1409/2000 [00:45<00:17, 33.48it/s]
Generating data:  71%|███████   | 1413/2000 [00:45<00:17, 34.06it/s]
Generating data:  71%|███████   | 1417/2000 [00:45<00:17, 33.86it/s]
Generating data:  71%|███████   | 1421/2000 [00:46<00:21, 26.64it/s]
Generating data:  71%|███████▏  | 1425/2000 [00:46<00:20, 28.37it/s]
Generating data:  71%|███████▏  | 1429/2000 [00:46<00:18, 30.48it/s]
Generating data:  72%|███████▏  | 1433/2000 [00:46<00:18, 30.77it/s]
Generating data:  72%|███████▏  | 1437/2000 [00:46<00:18, 30.94it/s]
Generating data:  72%|███████▏  | 1441/2000 [00:46<00:17, 31.87it/s]
Generating data:  72%|███████▏  | 1445/2000 [00:46<00:16, 32.83it/s]
Generating data:  72%|███████▏  | 1449/2000 [00:46<00:16, 33.35it/s]
Generating data:  73%|███████▎  | 1453/2000 [00:46<00:15, 34.62it/s]
Generating data:  73%|███████▎  | 1457/2000 [00:47<00:15, 35.02it/s]
Generating data:  73%|███████▎  | 1461/2000 [00:47<00:15, 35.28it/s]
Generating data:  73%|███████▎  | 1465/2000 [00:47<00:19, 27.69it/s]
Generating data:  73%|███████▎  | 1469/2000 [00:47<00:18, 29.30it/s]
Generating data:  74%|███████▎  | 1473/2000 [00:47<00:17, 30.91it/s]
Generating data:  74%|███████▍  | 1477/2000 [00:47<00:16, 31.87it/s]
Generating data:  74%|███████▍  | 1481/2000 [00:47<00:15, 32.94it/s]
Generating data:  74%|███████▍  | 1485/2000 [00:47<00:15, 33.88it/s]
Generating data:  74%|███████▍  | 1489/2000 [00:48<00:15, 33.40it/s]
Generating data:  75%|███████▍  | 1493/2000 [00:48<00:14, 34.36it/s]
Generating data:  75%|███████▍  | 1497/2000 [00:48<00:14, 34.20it/s]
Generating data:  75%|███████▌  | 1501/2000 [00:48<00:14, 34.64it/s]
Generating data:  75%|███████▌  | 1505/2000 [00:48<00:14, 34.19it/s]
Generating data:  75%|███████▌  | 1509/2000 [00:48<00:14, 34.68it/s]
Generating data:  76%|███████▌  | 1513/2000 [00:48<00:16, 28.90it/s]
Generating data:  76%|███████▌  | 1517/2000 [00:48<00:16, 29.65it/s]
Generating data:  76%|███████▌  | 1521/2000 [00:49<00:15, 31.02it/s]
Generating data:  76%|███████▋  | 1525/2000 [00:49<00:14, 31.80it/s]
Generating data:  76%|███████▋  | 1529/2000 [00:49<00:14, 32.02it/s]
Generating data:  77%|███████▋  | 1533/2000 [00:49<00:14, 32.88it/s]
Generating data:  77%|███████▋  | 1537/2000 [00:49<00:16, 28.11it/s]
Generating data:  77%|███████▋  | 1541/2000 [00:49<00:15, 29.52it/s]
Generating data:  77%|███████▋  | 1545/2000 [00:49<00:14, 30.91it/s]
Generating data:  77%|███████▋  | 1549/2000 [00:49<00:14, 31.70it/s]
Generating data:  78%|███████▊  | 1553/2000 [00:50<00:13, 32.42it/s]
Generating data:  78%|███████▊  | 1557/2000 [00:50<00:13, 33.43it/s]
Generating data:  78%|███████▊  | 1561/2000 [00:50<00:15, 28.35it/s]
Generating data:  78%|███████▊  | 1565/2000 [00:50<00:14, 30.03it/s]
Generating data:  78%|███████▊  | 1569/2000 [00:50<00:13, 31.40it/s]
Generating data:  79%|███████▊  | 1573/2000 [00:50<00:12, 33.01it/s]
Generating data:  79%|███████▉  | 1577/2000 [00:50<00:12, 33.99it/s]
Generating data:  79%|███████▉  | 1581/2000 [00:50<00:12, 34.32it/s]
Generating data:  79%|███████▉  | 1585/2000 [00:51<00:11, 35.23it/s]
Generating data:  79%|███████▉  | 1589/2000 [00:51<00:14, 29.04it/s]
Generating data:  80%|███████▉  | 1593/2000 [00:51<00:13, 30.71it/s]
Generating data:  80%|███████▉  | 1597/2000 [00:51<00:12, 31.83it/s]
Generating data:  80%|████████  | 1601/2000 [00:51<00:12, 32.68it/s]
Generating data:  80%|████████  | 1605/2000 [00:51<00:11, 33.20it/s]
Generating data:  80%|████████  | 1609/2000 [00:51<00:11, 33.09it/s]
Generating data:  81%|████████  | 1613/2000 [00:51<00:11, 33.68it/s]
Generating data:  81%|████████  | 1617/2000 [00:52<00:11, 33.01it/s]
Generating data:  81%|████████  | 1621/2000 [00:52<00:11, 33.89it/s]
Generating data:  81%|████████▏ | 1625/2000 [00:52<00:13, 28.60it/s]
Generating data:  81%|████████▏ | 1629/2000 [00:52<00:12, 30.45it/s]
Generating data:  82%|████████▏ | 1633/2000 [00:52<00:11, 31.59it/s]
Generating data:  82%|████████▏ | 1637/2000 [00:52<00:11, 32.19it/s]
Generating data:  82%|████████▏ | 1641/2000 [00:52<00:10, 32.76it/s]
Generating data:  82%|████████▏ | 1645/2000 [00:52<00:10, 34.27it/s]
Generating data:  82%|████████▏ | 1649/2000 [00:53<00:10, 33.96it/s]
Generating data:  83%|████████▎ | 1653/2000 [00:53<00:10, 34.43it/s]
Generating data:  83%|████████▎ | 1657/2000 [00:53<00:09, 34.59it/s]
Generating data:  83%|████████▎ | 1661/2000 [00:53<00:11, 28.86it/s]
Generating data:  83%|████████▎ | 1665/2000 [00:53<00:10, 30.75it/s]
Generating data:  83%|████████▎ | 1669/2000 [00:53<00:10, 31.64it/s]
Generating data:  84%|████████▎ | 1673/2000 [00:53<00:10, 32.14it/s]
Generating data:  84%|████████▍ | 1677/2000 [00:53<00:09, 33.29it/s]
Generating data:  84%|████████▍ | 1681/2000 [00:54<00:09, 32.84it/s]
Generating data:  84%|████████▍ | 1685/2000 [00:54<00:09, 32.84it/s]
Generating data:  84%|████████▍ | 1689/2000 [00:54<00:09, 33.41it/s]
Generating data:  85%|████████▍ | 1693/2000 [00:54<00:11, 27.67it/s]
Generating data:  85%|████████▍ | 1697/2000 [00:54<00:10, 29.86it/s]
Generating data:  85%|████████▌ | 1701/2000 [00:54<00:09, 30.94it/s]
Generating data:  85%|████████▌ | 1705/2000 [00:54<00:09, 31.80it/s]
Generating data:  85%|████████▌ | 1709/2000 [00:54<00:08, 33.23it/s]
Generating data:  86%|████████▌ | 1713/2000 [00:55<00:08, 34.09it/s]
Generating data:  86%|████████▌ | 1717/2000 [00:55<00:08, 34.76it/s]
Generating data:  86%|████████▌ | 1721/2000 [00:55<00:09, 28.85it/s]
Generating data:  86%|████████▋ | 1725/2000 [00:55<00:09, 30.55it/s]
Generating data:  86%|████████▋ | 1729/2000 [00:55<00:08, 31.75it/s]
Generating data:  87%|████████▋ | 1733/2000 [00:55<00:08, 32.75it/s]
Generating data:  87%|████████▋ | 1737/2000 [00:55<00:07, 33.28it/s]
Generating data:  87%|████████▋ | 1741/2000 [00:55<00:07, 34.12it/s]
Generating data:  87%|████████▋ | 1745/2000 [00:56<00:07, 34.63it/s]
Generating data:  87%|████████▋ | 1749/2000 [00:56<00:07, 34.95it/s]
Generating data:  88%|████████▊ | 1753/2000 [00:56<00:06, 35.41it/s]
Generating data:  88%|████████▊ | 1757/2000 [00:56<00:08, 28.17it/s]
Generating data:  88%|████████▊ | 1761/2000 [00:56<00:08, 29.79it/s]
Generating data:  88%|████████▊ | 1765/2000 [00:56<00:07, 31.32it/s]
Generating data:  88%|████████▊ | 1769/2000 [00:56<00:07, 32.43it/s]
Generating data:  89%|████████▊ | 1773/2000 [00:56<00:06, 32.62it/s]
Generating data:  89%|████████▉ | 1777/2000 [00:57<00:06, 33.48it/s]
Generating data:  89%|████████▉ | 1781/2000 [00:57<00:06, 33.47it/s]
Generating data:  89%|████████▉ | 1785/2000 [00:57<00:06, 33.88it/s]
Generating data:  89%|████████▉ | 1789/2000 [00:57<00:06, 34.02it/s]
Generating data:  90%|████████▉ | 1793/2000 [00:57<00:07, 27.59it/s]
Generating data:  90%|████████▉ | 1797/2000 [00:57<00:06, 29.49it/s]
Generating data:  90%|█████████ | 1801/2000 [00:57<00:06, 31.49it/s]
Generating data:  90%|█████████ | 1805/2000 [00:57<00:05, 32.65it/s]
Generating data:  90%|█████████ | 1809/2000 [00:58<00:05, 33.94it/s]
Generating data:  91%|█████████ | 1813/2000 [00:58<00:05, 34.34it/s]
Generating data:  91%|█████████ | 1817/2000 [00:58<00:05, 34.58it/s]
Generating data:  91%|█████████ | 1821/2000 [00:58<00:05, 34.96it/s]
Generating data:  91%|█████████▏| 1825/2000 [00:58<00:06, 28.15it/s]
Generating data:  91%|█████████▏| 1829/2000 [00:58<00:05, 29.87it/s]
Generating data:  92%|█████████▏| 1833/2000 [00:58<00:05, 30.96it/s]
Generating data:  92%|█████████▏| 1837/2000 [00:58<00:05, 32.40it/s]
Generating data:  92%|█████████▏| 1841/2000 [00:59<00:04, 33.04it/s]
Generating data:  92%|█████████▏| 1845/2000 [00:59<00:04, 33.95it/s]
Generating data:  92%|█████████▏| 1849/2000 [00:59<00:04, 34.26it/s]
Generating data:  93%|█████████▎| 1853/2000 [00:59<00:04, 35.15it/s]
Generating data:  93%|█████████▎| 1857/2000 [00:59<00:04, 34.97it/s]
Generating data:  93%|█████████▎| 1861/2000 [00:59<00:04, 27.86it/s]
Generating data:  93%|█████████▎| 1865/2000 [00:59<00:04, 29.61it/s]
Generating data:  93%|█████████▎| 1869/2000 [00:59<00:04, 31.18it/s]
Generating data:  94%|█████████▎| 1873/2000 [01:00<00:03, 32.66it/s]
Generating data:  94%|█████████▍| 1877/2000 [01:00<00:03, 33.71it/s]
Generating data:  94%|█████████▍| 1881/2000 [01:00<00:03, 34.24it/s]
Generating data:  94%|█████████▍| 1885/2000 [01:00<00:03, 34.59it/s]
Generating data:  94%|█████████▍| 1889/2000 [01:00<00:03, 34.80it/s]
Generating data:  95%|█████████▍| 1893/2000 [01:00<00:03, 27.66it/s]
Generating data:  95%|█████████▍| 1897/2000 [01:00<00:03, 29.29it/s]
Generating data:  95%|█████████▌| 1901/2000 [01:00<00:03, 30.98it/s]
Generating data:  95%|█████████▌| 1905/2000 [01:01<00:02, 31.82it/s]
Generating data:  95%|█████████▌| 1909/2000 [01:01<00:02, 33.24it/s]
Generating data:  96%|█████████▌| 1913/2000 [01:01<00:02, 34.40it/s]
Generating data:  96%|█████████▌| 1917/2000 [01:01<00:02, 34.65it/s]
Generating data:  96%|█████████▌| 1921/2000 [01:01<00:02, 34.49it/s]
Generating data:  96%|█████████▋| 1925/2000 [01:01<00:02, 28.12it/s]
Generating data:  96%|█████████▋| 1929/2000 [01:01<00:02, 30.25it/s]
Generating data:  97%|█████████▋| 1933/2000 [01:01<00:02, 31.16it/s]
Generating data:  97%|█████████▋| 1937/2000 [01:02<00:01, 31.76it/s]
Generating data:  97%|█████████▋| 1941/2000 [01:02<00:01, 32.10it/s]
Generating data:  97%|█████████▋| 1945/2000 [01:02<00:01, 32.88it/s]
Generating data:  97%|█████████▋| 1949/2000 [01:02<00:01, 33.18it/s]
Generating data:  98%|█████████▊| 1953/2000 [01:02<00:01, 33.93it/s]
Generating data:  98%|█████████▊| 1957/2000 [01:02<00:01, 33.86it/s]
Generating data:  98%|█████████▊| 1961/2000 [01:02<00:01, 34.51it/s]
Generating data:  98%|█████████▊| 1965/2000 [01:02<00:01, 34.19it/s]
Generating data:  98%|█████████▊| 1969/2000 [01:03<00:00, 34.39it/s]
Generating data:  99%|█████████▊| 1973/2000 [01:03<00:00, 27.69it/s]
Generating data:  99%|█████████▉| 1977/2000 [01:03<00:00, 29.65it/s]
Generating data:  99%|█████████▉| 1981/2000 [01:03<00:00, 31.60it/s]
Generating data:  99%|█████████▉| 1985/2000 [01:03<00:00, 33.30it/s]
Generating data:  99%|█████████▉| 1989/2000 [01:03<00:00, 33.75it/s]
Generating data: 100%|█████████▉| 1993/2000 [01:03<00:00, 34.10it/s]
Generating data: 100%|█████████▉| 1997/2000 [01:03<00:00, 33.31it/s]
Generating data: 100%|██████████| 2000/2000 [01:03<00:00, 31.25it/s]

--- Data Generation Summary ---
Converged samples: 2000/2000
Dataset saved to: data/m_2000.npz
Dataset shape: (2000, 30, 4)

--- NR Solver Time Statistics (for converged runs) ---
  - Average: 17.83 ms
  - Std Dev: 42.32 ms
  - Min:     15.08 ms
  - Max:     1866.71 ms

[DATA] rc=0
