2025-11-03 02:27:23,094 [INFO] Device: CUDA
2025-11-03 02:27:23,094 [INFO] Auto-adjusted batch size: 256 -> 80 (for N=8)
2025-11-03 02:27:23,099 [INFO] token_dim=5, num_buses=30, num_views=8
2025-11-03 02:27:23,750 [INFO] Using SEQUENTIAL view processing (memory-efficient)
2025-11-03 02:27:23,750 [INFO] --- Starting Pre-training ---
2025-11-03 02:27:24,877 [INFO] Epoch 001/1500 | Train: 1.848561e+00 | Val MSE: 1.513803e+00 | Val MAE: 1.003473e+00
2025-11-03 02:27:34,590 [INFO] Epoch 011/1500 | Train: 5.756171e-01 | Val MSE: 5.639415e-01 | Val MAE: 5.721596e-01
2025-11-03 02:27:44,912 [INFO] Epoch 021/1500 | Train: 5.041696e-01 | Val MSE: 5.387257e-01 | Val MAE: 5.554713e-01
2025-11-03 02:27:55,292 [INFO] Epoch 031/1500 | Train: 4.796319e-01 | Val MSE: 4.837045e-01 | Val MAE: 5.134188e-01
2025-11-03 02:28:05,733 [INFO] Epoch 041/1500 | Train: 4.307874e-01 | Val MSE: 4.330293e-01 | Val MAE: 4.683955e-01
2025-11-03 02:28:16,175 [INFO] Epoch 051/1500 | Train: 3.879895e-01 | Val MSE: 4.172602e-01 | Val MAE: 4.583850e-01
2025-11-03 02:28:26,375 [INFO] Epoch 061/1500 | Train: 3.804065e-01 | Val MSE: 3.877706e-01 | Val MAE: 4.342632e-01
2025-11-03 02:28:36,949 [INFO] Epoch 071/1500 | Train: 3.273628e-01 | Val MSE: 3.464852e-01 | Val MAE: 4.078681e-01
2025-11-03 02:28:48,212 [INFO] Epoch 081/1500 | Train: 3.289013e-01 | Val MSE: 3.458448e-01 | Val MAE: 4.146806e-01
2025-11-03 02:28:58,080 [INFO] Epoch 091/1500 | Train: 2.903239e-01 | Val MSE: 3.145313e-01 | Val MAE: 3.768187e-01
2025-11-03 02:29:07,966 [INFO] Epoch 101/1500 | Train: 2.561340e-01 | Val MSE: 2.783013e-01 | Val MAE: 3.531441e-01
2025-11-03 02:29:17,698 [INFO] Epoch 111/1500 | Train: 2.305927e-01 | Val MSE: 2.510578e-01 | Val MAE: 3.368285e-01
2025-11-03 02:29:25,162 [INFO] Epoch 121/1500 | Train: 2.092952e-01 | Val MSE: 2.130670e-01 | Val MAE: 2.985244e-01
2025-11-03 02:29:32,570 [INFO] Epoch 131/1500 | Train: 1.830798e-01 | Val MSE: 1.820388e-01 | Val MAE: 2.752753e-01
2025-11-03 02:29:40,260 [INFO] Epoch 141/1500 | Train: 1.689159e-01 | Val MSE: 1.655668e-01 | Val MAE: 2.648099e-01
2025-11-03 02:29:47,542 [INFO] Epoch 151/1500 | Train: 1.556498e-01 | Val MSE: 1.558733e-01 | Val MAE: 2.404307e-01
2025-11-03 02:29:54,842 [INFO] Epoch 161/1500 | Train: 1.589533e-01 | Val MSE: 1.425546e-01 | Val MAE: 2.307088e-01
2025-11-03 02:30:02,294 [INFO] Epoch 171/1500 | Train: 1.390793e-01 | Val MSE: 1.348423e-01 | Val MAE: 2.273554e-01
2025-11-03 02:30:09,599 [INFO] Epoch 181/1500 | Train: 1.351523e-01 | Val MSE: 1.332227e-01 | Val MAE: 2.246423e-01
2025-11-03 02:30:17,143 [INFO] Epoch 191/1500 | Train: 1.205347e-01 | Val MSE: 1.215950e-01 | Val MAE: 2.076885e-01
2025-11-03 02:30:24,497 [INFO] Epoch 201/1500 | Train: 1.256756e-01 | Val MSE: 1.038013e-01 | Val MAE: 1.956776e-01
2025-11-03 02:30:31,971 [INFO] Epoch 211/1500 | Train: 1.114313e-01 | Val MSE: 1.193250e-01 | Val MAE: 2.003816e-01
2025-11-03 02:30:39,297 [INFO] Epoch 221/1500 | Train: 1.039108e-01 | Val MSE: 1.014635e-01 | Val MAE: 1.818358e-01
2025-11-03 02:30:46,591 [INFO] Epoch 231/1500 | Train: 1.037953e-01 | Val MSE: 9.458984e-02 | Val MAE: 1.765864e-01
2025-11-03 02:30:54,232 [INFO] Epoch 241/1500 | Train: 9.702260e-02 | Val MSE: 1.037527e-01 | Val MAE: 1.774304e-01
2025-11-03 02:31:01,670 [INFO] Epoch 251/1500 | Train: 1.042784e-01 | Val MSE: 9.450070e-02 | Val MAE: 1.730112e-01
2025-11-03 02:31:09,052 [INFO] Epoch 261/1500 | Train: 9.332718e-02 | Val MSE: 9.173782e-02 | Val MAE: 1.710029e-01
2025-11-03 02:31:16,247 [INFO] Epoch 271/1500 | Train: 9.468861e-02 | Val MSE: 8.508057e-02 | Val MAE: 1.656405e-01
2025-11-03 02:31:20,809 [INFO] Epoch 281/1500 | Train: 9.849755e-02 | Val MSE: 9.973784e-02 | Val MAE: 1.735331e-01
2025-11-03 02:31:25,175 [INFO] Epoch 291/1500 | Train: 8.826657e-02 | Val MSE: 8.875486e-02 | Val MAE: 1.668862e-01
2025-11-03 02:31:29,613 [INFO] Epoch 301/1500 | Train: 9.164241e-02 | Val MSE: 8.609174e-02 | Val MAE: 1.638097e-01
2025-11-03 02:31:33,921 [INFO] Epoch 311/1500 | Train: 8.888111e-02 | Val MSE: 9.196551e-02 | Val MAE: 1.665608e-01
2025-11-03 02:31:38,217 [INFO] Epoch 321/1500 | Train: 9.108996e-02 | Val MSE: 8.714522e-02 | Val MAE: 1.617511e-01
2025-11-03 02:31:38,217 [INFO] Early stopping at epoch 321
2025-11-03 02:31:38,217 [INFO] Total training time: 4m 14.47s
2025-11-03 02:31:38,555 [INFO] Loss curve saved to results_ieee30/n_8_m_500/pretraining_loss_curve.png
2025-11-03 02:31:38,555 [INFO] --- Starting Post-Training Analysis ---
2025-11-03 02:31:39,448 [INFO] Analysis plots saved to results_ieee30/n_8_m_500/analysis_plots
2025-11-03 02:31:39,449 [INFO] Metrics saved to results_ieee30/n_8_m_500/metrics.json
