2025-11-03 02:58:39,460 [INFO] Device: CUDA
2025-11-03 02:58:39,460 [INFO] Auto-adjusted batch size: 256 -> 42 (for N=15)
2025-11-03 02:58:39,462 [INFO] token_dim=5, num_buses=30, num_views=15
2025-11-03 02:58:40,454 [INFO] Using SEQUENTIAL view processing (memory-efficient)
2025-11-03 02:58:40,454 [INFO] --- Starting Pre-training ---
2025-11-03 02:58:41,526 [INFO] Epoch 001/1500 | Train: 2.094395e+00 | Val MSE: 1.940250e+00 | Val MAE: 1.175006e+00
2025-11-03 02:58:48,447 [INFO] Epoch 011/1500 | Train: 1.130860e+00 | Val MSE: 9.799565e-01 | Val MAE: 8.054461e-01
2025-11-03 02:58:55,177 [INFO] Epoch 021/1500 | Train: 5.974311e-01 | Val MSE: 5.588254e-01 | Val MAE: 5.840103e-01
2025-11-03 02:59:02,861 [INFO] Epoch 031/1500 | Train: 5.585306e-01 | Val MSE: 5.559768e-01 | Val MAE: 5.757696e-01
2025-11-03 02:59:11,383 [INFO] Epoch 041/1500 | Train: 5.091068e-01 | Val MSE: 5.176645e-01 | Val MAE: 5.525159e-01
2025-11-03 02:59:20,067 [INFO] Epoch 051/1500 | Train: 4.932995e-01 | Val MSE: 5.168166e-01 | Val MAE: 5.528452e-01
2025-11-03 02:59:28,472 [INFO] Epoch 061/1500 | Train: 4.763594e-01 | Val MSE: 4.952154e-01 | Val MAE: 5.369573e-01
2025-11-03 02:59:37,030 [INFO] Epoch 071/1500 | Train: 4.658460e-01 | Val MSE: 4.770575e-01 | Val MAE: 5.230589e-01
2025-11-03 02:59:45,644 [INFO] Epoch 081/1500 | Train: 4.437901e-01 | Val MSE: 4.655880e-01 | Val MAE: 5.167598e-01
2025-11-03 02:59:54,147 [INFO] Epoch 091/1500 | Train: 4.242785e-01 | Val MSE: 4.449256e-01 | Val MAE: 5.014946e-01
2025-11-03 03:00:02,670 [INFO] Epoch 101/1500 | Train: 4.011306e-01 | Val MSE: 4.331289e-01 | Val MAE: 4.837055e-01
2025-11-03 03:00:11,239 [INFO] Epoch 111/1500 | Train: 3.872801e-01 | Val MSE: 4.344967e-01 | Val MAE: 4.823270e-01
2025-11-03 03:00:19,782 [INFO] Epoch 121/1500 | Train: 3.772837e-01 | Val MSE: 4.185288e-01 | Val MAE: 4.795658e-01
2025-11-03 03:00:26,981 [INFO] Epoch 131/1500 | Train: 3.650991e-01 | Val MSE: 4.085709e-01 | Val MAE: 4.600335e-01
2025-11-03 03:00:34,016 [INFO] Epoch 141/1500 | Train: 3.637655e-01 | Val MSE: 4.051900e-01 | Val MAE: 4.630302e-01
2025-11-03 03:00:42,505 [INFO] Epoch 151/1500 | Train: 3.558552e-01 | Val MSE: 4.225307e-01 | Val MAE: 4.718392e-01
2025-11-03 03:00:51,132 [INFO] Epoch 161/1500 | Train: 3.566826e-01 | Val MSE: 4.021991e-01 | Val MAE: 4.584147e-01
2025-11-03 03:00:58,576 [INFO] Epoch 171/1500 | Train: 3.554361e-01 | Val MSE: 3.981466e-01 | Val MAE: 4.602413e-01
2025-11-03 03:01:05,346 [INFO] Epoch 181/1500 | Train: 3.502816e-01 | Val MSE: 4.105569e-01 | Val MAE: 4.642807e-01
2025-11-03 03:01:11,877 [INFO] Epoch 191/1500 | Train: 3.537918e-01 | Val MSE: 4.097552e-01 | Val MAE: 4.630288e-01
2025-11-03 03:01:12,604 [INFO] Early stopping at epoch 192
2025-11-03 03:01:12,604 [INFO] Total training time: 2m 32.15s
2025-11-03 03:01:12,989 [INFO] Loss curve saved to results_ieee30/n_15_m_100/pretraining_loss_curve.png
2025-11-03 03:01:12,989 [INFO] --- Starting Post-Training Analysis ---
2025-11-03 03:01:15,149 [INFO] Analysis plots saved to results_ieee30/n_15_m_100/analysis_plots
2025-11-03 03:01:15,149 [INFO] Metrics saved to results_ieee30/n_15_m_100/metrics.json
