2025-11-04 14:42:58,011 [INFO] Device: CUDA
2025-11-04 14:42:58,012 [INFO] Auto-adjusted batch size: 128 -> 32 (for N=20)
2025-11-04 14:42:58,045 [INFO] token_dim=5, num_buses=30, num_views=20
2025-11-04 14:42:58,641 [INFO] Using SEQUENTIAL view processing (memory-efficient)
2025-11-04 14:42:58,641 [INFO] --- Starting Pre-training ---
2025-11-04 14:43:12,646 [INFO] Epoch 001/1500 | Train: 7.180409e-01 | Val MSE: 4.791990e-01 | Val MAE: 5.234411e-01
2025-11-04 14:45:32,150 [INFO] Epoch 011/1500 | Train: 1.134113e-01 | Val MSE: 8.596475e-02 | Val MAE: 1.656907e-01
2025-11-04 14:47:51,126 [INFO] Epoch 021/1500 | Train: 5.819367e-02 | Val MSE: 3.646916e-02 | Val MAE: 1.105293e-01
2025-11-04 14:50:09,198 [INFO] Epoch 031/1500 | Train: 4.180190e-02 | Val MSE: 2.410102e-02 | Val MAE: 8.663817e-02
2025-11-04 14:52:27,269 [INFO] Epoch 041/1500 | Train: 3.467770e-02 | Val MSE: 1.764949e-02 | Val MAE: 7.052435e-02
2025-11-04 14:54:45,400 [INFO] Epoch 051/1500 | Train: 3.049590e-02 | Val MSE: 1.734271e-02 | Val MAE: 7.228438e-02
2025-11-04 14:57:03,367 [INFO] Epoch 061/1500 | Train: 2.694995e-02 | Val MSE: 1.506142e-02 | Val MAE: 6.450164e-02
2025-11-04 14:59:21,442 [INFO] Epoch 071/1500 | Train: 2.465617e-02 | Val MSE: 1.345439e-02 | Val MAE: 6.595118e-02
2025-11-04 15:01:40,248 [INFO] Epoch 081/1500 | Train: 2.288846e-02 | Val MSE: 1.203634e-02 | Val MAE: 5.516026e-02
2025-11-04 15:03:59,259 [INFO] Epoch 091/1500 | Train: 2.101545e-02 | Val MSE: 1.077377e-02 | Val MAE: 5.023401e-02
2025-11-04 15:06:17,933 [INFO] Epoch 101/1500 | Train: 1.950006e-02 | Val MSE: 8.634182e-03 | Val MAE: 4.546763e-02
2025-11-04 15:08:36,349 [INFO] Epoch 111/1500 | Train: 1.918656e-02 | Val MSE: 1.078976e-02 | Val MAE: 5.041840e-02
2025-11-04 15:10:55,735 [INFO] Epoch 121/1500 | Train: 1.607699e-02 | Val MSE: 7.492360e-03 | Val MAE: 4.241554e-02
2025-11-04 15:13:13,421 [INFO] Epoch 131/1500 | Train: 1.569388e-02 | Val MSE: 6.341210e-03 | Val MAE: 3.938090e-02
2025-11-04 15:15:31,228 [INFO] Epoch 141/1500 | Train: 1.553506e-02 | Val MSE: 6.890041e-03 | Val MAE: 4.092046e-02
2025-11-04 15:17:50,057 [INFO] Epoch 151/1500 | Train: 1.494304e-02 | Val MSE: 6.239985e-03 | Val MAE: 3.898739e-02
2025-11-04 15:20:08,361 [INFO] Epoch 161/1500 | Train: 1.437263e-02 | Val MSE: 5.269135e-03 | Val MAE: 3.531121e-02
2025-11-04 15:22:28,397 [INFO] Epoch 171/1500 | Train: 1.419719e-02 | Val MSE: 6.336263e-03 | Val MAE: 3.706268e-02
2025-11-04 15:24:44,860 [INFO] Epoch 181/1500 | Train: 1.285727e-02 | Val MSE: 5.316279e-03 | Val MAE: 3.376918e-02
2025-11-04 15:27:04,601 [INFO] Epoch 191/1500 | Train: 1.282943e-02 | Val MSE: 4.736735e-03 | Val MAE: 3.249355e-02
2025-11-04 15:29:23,916 [INFO] Epoch 201/1500 | Train: 1.262278e-02 | Val MSE: 4.784337e-03 | Val MAE: 3.360586e-02
2025-11-04 15:31:41,506 [INFO] Epoch 211/1500 | Train: 1.278089e-02 | Val MSE: 4.808647e-03 | Val MAE: 3.328262e-02
2025-11-04 15:33:58,398 [INFO] Epoch 221/1500 | Train: 1.207480e-02 | Val MSE: 4.084401e-03 | Val MAE: 3.019197e-02
2025-11-04 15:36:16,181 [INFO] Epoch 231/1500 | Train: 1.195872e-02 | Val MSE: 4.209953e-03 | Val MAE: 3.032996e-02
2025-11-04 15:38:34,316 [INFO] Epoch 241/1500 | Train: 1.177620e-02 | Val MSE: 3.828905e-03 | Val MAE: 2.956302e-02
2025-11-04 15:40:52,725 [INFO] Epoch 251/1500 | Train: 1.164934e-02 | Val MSE: 4.322174e-03 | Val MAE: 3.039224e-02
2025-11-04 15:43:10,746 [INFO] Epoch 261/1500 | Train: 1.131822e-02 | Val MSE: 3.548694e-03 | Val MAE: 2.849317e-02
2025-11-04 15:45:29,468 [INFO] Epoch 271/1500 | Train: 1.131765e-02 | Val MSE: 4.194032e-03 | Val MAE: 2.933686e-02
2025-11-04 15:47:46,699 [INFO] Epoch 281/1500 | Train: 1.111805e-02 | Val MSE: 4.044745e-03 | Val MAE: 2.925924e-02
2025-11-04 15:49:09,863 [INFO] Early stopping at epoch 287
2025-11-04 15:49:09,863 [INFO] Total training time: 66m 11.22s
2025-11-04 15:49:10,218 [INFO] Loss curve saved to results_ieee30/n_20_m_5000/pretraining_loss_curve.png
2025-11-04 15:49:10,218 [INFO] --- Starting Post-Training Analysis ---
2025-11-04 15:49:11,378 [INFO] Analysis plots saved to results_ieee30/n_20_m_5000/analysis_plots
2025-11-04 15:49:11,378 [INFO] Metrics saved to results_ieee30/n_20_m_5000/metrics.json
