2025-11-05 03:53:51,894 [INFO] Device: CUDA
2025-11-05 03:53:51,894 [INFO] Auto-adjusted batch size: 128 -> 16 (for N=40)
2025-11-05 03:53:51,991 [INFO] token_dim=5, num_buses=30, num_views=40
2025-11-05 03:53:52,632 [INFO] Using SEQUENTIAL view processing (memory-efficient)
2025-11-05 03:53:52,632 [INFO] --- Starting Pre-training ---
2025-11-05 03:56:24,121 [INFO] Epoch 001/1500 | Train: 4.243657e-01 | Val MSE: 2.093196e-01 | Val MAE: 3.020745e-01
2025-11-05 04:21:33,268 [INFO] Epoch 011/1500 | Train: 2.883908e-02 | Val MSE: 1.774806e-02 | Val MAE: 7.272224e-02
2025-11-05 04:46:38,845 [INFO] Epoch 021/1500 | Train: 1.929699e-02 | Val MSE: 1.019551e-02 | Val MAE: 5.070895e-02
2025-11-05 05:11:38,550 [INFO] Epoch 031/1500 | Train: 1.530050e-02 | Val MSE: 6.856536e-03 | Val MAE: 4.286724e-02
2025-11-05 05:36:44,163 [INFO] Epoch 041/1500 | Train: 1.315239e-02 | Val MSE: 5.716851e-03 | Val MAE: 3.488675e-02
2025-11-05 06:01:49,860 [INFO] Epoch 051/1500 | Train: 1.163811e-02 | Val MSE: 7.291368e-03 | Val MAE: 3.919056e-02
2025-11-05 06:26:57,089 [INFO] Epoch 061/1500 | Train: 1.054602e-02 | Val MSE: 5.800762e-03 | Val MAE: 3.757114e-02
2025-11-05 06:52:02,572 [INFO] Epoch 071/1500 | Train: 9.671406e-03 | Val MSE: 4.350283e-03 | Val MAE: 3.273948e-02
2025-11-05 07:17:05,928 [INFO] Epoch 081/1500 | Train: 9.040753e-03 | Val MSE: 3.636856e-03 | Val MAE: 2.962845e-02
2025-11-05 07:42:09,276 [INFO] Epoch 091/1500 | Train: 8.290768e-03 | Val MSE: 4.152322e-03 | Val MAE: 2.889366e-02
2025-11-05 08:07:10,597 [INFO] Epoch 101/1500 | Train: 6.780381e-03 | Val MSE: 2.415481e-03 | Val MAE: 2.280617e-02
2025-11-05 08:32:09,015 [INFO] Epoch 111/1500 | Train: 6.522014e-03 | Val MSE: 2.300178e-03 | Val MAE: 2.147763e-02
2025-11-05 08:57:15,186 [INFO] Epoch 121/1500 | Train: 6.353870e-03 | Val MSE: 2.244718e-03 | Val MAE: 2.142304e-02
2025-11-05 09:22:15,397 [INFO] Epoch 131/1500 | Train: 5.572930e-03 | Val MSE: 1.938981e-03 | Val MAE: 1.952538e-02
2025-11-05 09:47:20,167 [INFO] Epoch 141/1500 | Train: 5.423171e-03 | Val MSE: 1.766545e-03 | Val MAE: 1.845170e-02
2025-11-05 10:12:28,124 [INFO] Epoch 151/1500 | Train: 5.249912e-03 | Val MSE: 1.609300e-03 | Val MAE: 1.721523e-02
2025-11-05 10:37:28,662 [INFO] Epoch 161/1500 | Train: 4.955269e-03 | Val MSE: 1.329929e-03 | Val MAE: 1.637766e-02
2025-11-05 11:02:29,116 [INFO] Epoch 171/1500 | Train: 4.886739e-03 | Val MSE: 1.402636e-03 | Val MAE: 1.670672e-02
2025-11-05 11:27:28,874 [INFO] Epoch 181/1500 | Train: 4.692560e-03 | Val MSE: 1.536713e-03 | Val MAE: 1.686815e-02
2025-11-05 11:52:26,599 [INFO] Epoch 191/1500 | Train: 4.629755e-03 | Val MSE: 1.204833e-03 | Val MAE: 1.560115e-02
2025-11-05 12:17:34,482 [INFO] Epoch 201/1500 | Train: 4.628467e-03 | Val MSE: 1.195110e-03 | Val MAE: 1.549318e-02
2025-11-05 12:42:38,037 [INFO] Epoch 211/1500 | Train: 4.570480e-03 | Val MSE: 1.200314e-03 | Val MAE: 1.550306e-02
2025-11-05 13:07:36,076 [INFO] Epoch 221/1500 | Train: 4.531836e-03 | Val MSE: 1.255186e-03 | Val MAE: 1.546349e-02
2025-11-05 13:32:39,397 [INFO] Epoch 231/1500 | Train: 4.470508e-03 | Val MSE: 1.257270e-03 | Val MAE: 1.533360e-02
2025-11-05 13:57:41,310 [INFO] Epoch 241/1500 | Train: 4.446245e-03 | Val MSE: 1.107096e-03 | Val MAE: 1.479161e-02
2025-11-05 14:22:49,685 [INFO] Epoch 251/1500 | Train: 4.404626e-03 | Val MSE: 1.137322e-03 | Val MAE: 1.497528e-02
2025-11-05 14:47:49,223 [INFO] Epoch 261/1500 | Train: 4.404692e-03 | Val MSE: 1.121423e-03 | Val MAE: 1.483602e-02
2025-11-05 15:12:48,981 [INFO] Epoch 271/1500 | Train: 4.392264e-03 | Val MSE: 1.099560e-03 | Val MAE: 1.477083e-02
2025-11-05 15:37:51,784 [INFO] Epoch 281/1500 | Train: 4.377979e-03 | Val MSE: 1.088982e-03 | Val MAE: 1.471946e-02
2025-11-05 16:02:56,327 [INFO] Epoch 291/1500 | Train: 4.396330e-03 | Val MSE: 1.042635e-03 | Val MAE: 1.464253e-02
2025-11-05 16:27:54,229 [INFO] Epoch 301/1500 | Train: 4.406376e-03 | Val MSE: 1.099003e-03 | Val MAE: 1.471655e-02
2025-11-05 16:52:55,879 [INFO] Epoch 311/1500 | Train: 4.385963e-03 | Val MSE: 1.091797e-03 | Val MAE: 1.468567e-02
2025-11-05 17:17:52,949 [INFO] Epoch 321/1500 | Train: 4.387012e-03 | Val MSE: 1.047565e-03 | Val MAE: 1.468962e-02
2025-11-05 17:42:53,903 [INFO] Epoch 331/1500 | Train: 4.395854e-03 | Val MSE: 1.100249e-03 | Val MAE: 1.474796e-02
2025-11-05 17:47:52,960 [INFO] Early stopping at epoch 333
2025-11-05 17:47:52,960 [INFO] Total training time: 834m 0.33s
2025-11-05 17:47:53,320 [INFO] Loss curve saved to results_ieee30/n_40_m_15000/pretraining_loss_curve.png
2025-11-05 17:47:53,320 [INFO] --- Starting Post-Training Analysis ---
2025-11-05 17:47:55,652 [INFO] Analysis plots saved to results_ieee30/n_40_m_15000/analysis_plots
2025-11-05 17:47:55,653 [INFO] Metrics saved to results_ieee30/n_40_m_15000/metrics.json
