2025-11-03 23:01:40,468 [INFO] Device: CUDA
2025-11-03 23:01:40,568 [INFO] token_dim=5, num_buses=30, num_views=2
2025-11-03 23:01:41,232 [INFO] Using GRADIENT ACCUMULATION with 2 steps
2025-11-03 23:01:41,232 [INFO] --- Starting Pre-training ---
2025-11-03 23:01:44,549 [INFO] Epoch 001/1500 | Train: 7.097926e-01 | Val MSE: 5.433467e-01 | Val MAE: 5.616739e-01
2025-11-03 23:02:15,139 [INFO] Epoch 011/1500 | Train: 1.314260e-01 | Val MSE: 1.062648e-01 | Val MAE: 1.874100e-01
2025-11-03 23:02:45,545 [INFO] Epoch 021/1500 | Train: 7.354160e-02 | Val MSE: 4.731450e-02 | Val MAE: 1.181344e-01
2025-11-03 23:03:15,921 [INFO] Epoch 031/1500 | Train: 5.237047e-02 | Val MSE: 3.211227e-02 | Val MAE: 9.458954e-02
2025-11-03 23:03:46,029 [INFO] Epoch 041/1500 | Train: 4.559580e-02 | Val MSE: 2.618446e-02 | Val MAE: 9.119926e-02
2025-11-03 23:04:16,051 [INFO] Epoch 051/1500 | Train: 3.994202e-02 | Val MSE: 2.241963e-02 | Val MAE: 7.644198e-02
2025-11-03 23:04:46,012 [INFO] Epoch 061/1500 | Train: 3.554292e-02 | Val MSE: 2.119141e-02 | Val MAE: 7.763881e-02
2025-11-03 23:05:16,142 [INFO] Epoch 071/1500 | Train: 3.352195e-02 | Val MSE: 2.031170e-02 | Val MAE: 8.061602e-02
2025-11-03 23:05:46,064 [INFO] Epoch 081/1500 | Train: 3.070753e-02 | Val MSE: 1.865865e-02 | Val MAE: 6.916743e-02
2025-11-03 23:06:15,957 [INFO] Epoch 091/1500 | Train: 2.860296e-02 | Val MSE: 1.690438e-02 | Val MAE: 6.517415e-02
2025-11-03 23:06:45,913 [INFO] Epoch 101/1500 | Train: 2.694591e-02 | Val MSE: 1.357611e-02 | Val MAE: 6.222196e-02
2025-11-03 23:07:15,849 [INFO] Epoch 111/1500 | Train: 2.606508e-02 | Val MSE: 1.445985e-02 | Val MAE: 6.252414e-02
2025-11-03 23:07:45,556 [INFO] Epoch 121/1500 | Train: 2.421836e-02 | Val MSE: 1.388148e-02 | Val MAE: 6.161634e-02
2025-11-03 23:08:15,631 [INFO] Epoch 131/1500 | Train: 2.330248e-02 | Val MSE: 1.173632e-02 | Val MAE: 5.500875e-02
2025-11-03 23:08:45,744 [INFO] Epoch 141/1500 | Train: 2.379949e-02 | Val MSE: 1.040776e-02 | Val MAE: 5.574822e-02
2025-11-03 23:09:15,690 [INFO] Epoch 151/1500 | Train: 2.195109e-02 | Val MSE: 1.074404e-02 | Val MAE: 5.224511e-02
2025-11-03 23:09:45,529 [INFO] Epoch 161/1500 | Train: 2.096083e-02 | Val MSE: 1.287694e-02 | Val MAE: 5.236698e-02
2025-11-03 23:10:15,652 [INFO] Epoch 171/1500 | Train: 1.822784e-02 | Val MSE: 7.385532e-03 | Val MAE: 4.203188e-02
2025-11-03 23:10:45,521 [INFO] Epoch 181/1500 | Train: 1.863107e-02 | Val MSE: 9.710366e-03 | Val MAE: 4.708945e-02
2025-11-03 23:11:15,373 [INFO] Epoch 191/1500 | Train: 1.701758e-02 | Val MSE: 7.484062e-03 | Val MAE: 4.104461e-02
2025-11-03 23:11:45,105 [INFO] Epoch 201/1500 | Train: 1.735801e-02 | Val MSE: 6.905729e-03 | Val MAE: 4.044646e-02
2025-11-03 23:12:14,948 [INFO] Epoch 211/1500 | Train: 1.643800e-02 | Val MSE: 6.101625e-03 | Val MAE: 3.845541e-02
2025-11-03 23:12:44,757 [INFO] Epoch 221/1500 | Train: 1.533224e-02 | Val MSE: 5.848627e-03 | Val MAE: 3.638274e-02
2025-11-03 23:13:14,735 [INFO] Epoch 231/1500 | Train: 1.570665e-02 | Val MSE: 5.589497e-03 | Val MAE: 3.607671e-02
2025-11-03 23:13:44,605 [INFO] Epoch 241/1500 | Train: 1.503799e-02 | Val MSE: 6.343646e-03 | Val MAE: 3.691834e-02
2025-11-03 23:14:14,489 [INFO] Epoch 251/1500 | Train: 1.527191e-02 | Val MSE: 5.590172e-03 | Val MAE: 3.490393e-02
2025-11-03 23:14:38,372 [INFO] Early stopping at epoch 259
2025-11-03 23:14:38,372 [INFO] Total training time: 12m 57.14s
2025-11-03 23:14:38,708 [INFO] Loss curve saved to results_ieee30/n_2_m_15000/pretraining_loss_curve.png
2025-11-03 23:14:38,708 [INFO] --- Starting Post-Training Analysis ---
2025-11-03 23:14:39,998 [INFO] Analysis plots saved to results_ieee30/n_2_m_15000/analysis_plots
2025-11-03 23:14:39,999 [INFO] Metrics saved to results_ieee30/n_2_m_15000/metrics.json
