2025-11-03 01:52:19,072 [INFO] Device: CUDA
2025-11-03 01:52:19,080 [INFO] token_dim=5, num_buses=30, num_views=2
2025-11-03 01:52:19,657 [INFO] Using GRADIENT ACCUMULATION with 2 steps
2025-11-03 01:52:19,657 [INFO] --- Starting Pre-training ---
2025-11-03 01:52:20,195 [INFO] Epoch 001/1500 | Train: 1.758370e+00 | Val MSE: 1.560116e+00 | Val MAE: 1.050266e+00
2025-11-03 01:52:22,420 [INFO] Epoch 011/1500 | Train: 6.336428e-01 | Val MSE: 5.603581e-01 | Val MAE: 5.764113e-01
2025-11-03 01:52:24,648 [INFO] Epoch 021/1500 | Train: 5.559040e-01 | Val MSE: 5.087817e-01 | Val MAE: 5.473752e-01
2025-11-03 01:52:26,769 [INFO] Epoch 031/1500 | Train: 5.309469e-01 | Val MSE: 5.192877e-01 | Val MAE: 5.515541e-01
2025-11-03 01:52:28,977 [INFO] Epoch 041/1500 | Train: 4.996160e-01 | Val MSE: 4.248129e-01 | Val MAE: 4.783669e-01
2025-11-03 01:52:31,161 [INFO] Epoch 051/1500 | Train: 4.284688e-01 | Val MSE: 3.953104e-01 | Val MAE: 4.614304e-01
2025-11-03 01:52:33,290 [INFO] Epoch 061/1500 | Train: 4.137441e-01 | Val MSE: 3.686996e-01 | Val MAE: 4.340463e-01
2025-11-03 01:52:35,394 [INFO] Epoch 071/1500 | Train: 3.941726e-01 | Val MSE: 3.476750e-01 | Val MAE: 4.159453e-01
2025-11-03 01:52:37,515 [INFO] Epoch 081/1500 | Train: 3.758490e-01 | Val MSE: 3.221172e-01 | Val MAE: 3.979738e-01
2025-11-03 01:52:39,735 [INFO] Epoch 091/1500 | Train: 3.376448e-01 | Val MSE: 3.015287e-01 | Val MAE: 3.774931e-01
2025-11-03 01:52:41,982 [INFO] Epoch 101/1500 | Train: 3.116524e-01 | Val MSE: 2.697304e-01 | Val MAE: 3.507835e-01
2025-11-03 01:52:44,135 [INFO] Epoch 111/1500 | Train: 2.915719e-01 | Val MSE: 2.628413e-01 | Val MAE: 3.478227e-01
2025-11-03 01:52:46,302 [INFO] Epoch 121/1500 | Train: 2.746727e-01 | Val MSE: 2.357197e-01 | Val MAE: 3.257121e-01
2025-11-03 01:52:48,448 [INFO] Epoch 131/1500 | Train: 2.598126e-01 | Val MSE: 2.226827e-01 | Val MAE: 3.091248e-01
2025-11-03 01:52:50,493 [INFO] Epoch 141/1500 | Train: 2.421550e-01 | Val MSE: 2.167179e-01 | Val MAE: 3.152609e-01
2025-11-03 01:52:52,677 [INFO] Epoch 151/1500 | Train: 2.200275e-01 | Val MSE: 1.944544e-01 | Val MAE: 2.876488e-01
2025-11-03 01:52:54,960 [INFO] Epoch 161/1500 | Train: 2.023361e-01 | Val MSE: 1.818146e-01 | Val MAE: 2.825535e-01
2025-11-03 01:52:57,143 [INFO] Epoch 171/1500 | Train: 1.785741e-01 | Val MSE: 1.638640e-01 | Val MAE: 2.589801e-01
2025-11-03 01:52:59,300 [INFO] Epoch 181/1500 | Train: 1.606896e-01 | Val MSE: 1.428748e-01 | Val MAE: 2.405187e-01
2025-11-03 01:53:01,361 [INFO] Epoch 191/1500 | Train: 1.553631e-01 | Val MSE: 1.397769e-01 | Val MAE: 2.305693e-01
2025-11-03 01:53:03,427 [INFO] Epoch 201/1500 | Train: 1.500035e-01 | Val MSE: 1.388745e-01 | Val MAE: 2.212682e-01
2025-11-03 01:53:05,623 [INFO] Epoch 211/1500 | Train: 1.443455e-01 | Val MSE: 1.245940e-01 | Val MAE: 2.259268e-01
2025-11-03 01:53:08,174 [INFO] Epoch 221/1500 | Train: 1.383332e-01 | Val MSE: 1.264294e-01 | Val MAE: 2.151863e-01
2025-11-03 01:53:11,581 [INFO] Epoch 231/1500 | Train: 1.372176e-01 | Val MSE: 1.080576e-01 | Val MAE: 1.965451e-01
2025-11-03 01:53:14,979 [INFO] Epoch 241/1500 | Train: 1.213927e-01 | Val MSE: 1.094058e-01 | Val MAE: 1.927401e-01
2025-11-03 01:53:18,465 [INFO] Epoch 251/1500 | Train: 1.257931e-01 | Val MSE: 8.697278e-02 | Val MAE: 1.752778e-01
2025-11-03 01:53:21,972 [INFO] Epoch 261/1500 | Train: 1.128246e-01 | Val MSE: 9.348023e-02 | Val MAE: 1.808610e-01
2025-11-03 01:53:25,543 [INFO] Epoch 271/1500 | Train: 1.103800e-01 | Val MSE: 8.224157e-02 | Val MAE: 1.632021e-01
2025-11-03 01:53:28,968 [INFO] Epoch 281/1500 | Train: 1.126678e-01 | Val MSE: 9.073138e-02 | Val MAE: 1.710651e-01
2025-11-03 01:53:32,501 [INFO] Epoch 291/1500 | Train: 1.111985e-01 | Val MSE: 8.952173e-02 | Val MAE: 1.653971e-01
2025-11-03 01:53:35,589 [INFO] Epoch 301/1500 | Train: 1.061312e-01 | Val MSE: 8.458579e-02 | Val MAE: 1.655603e-01
2025-11-03 01:53:37,636 [INFO] Epoch 311/1500 | Train: 9.874671e-02 | Val MSE: 8.207923e-02 | Val MAE: 1.612510e-01
2025-11-03 01:53:38,864 [INFO] Early stopping at epoch 317
2025-11-03 01:53:38,864 [INFO] Total training time: 1m 19.21s
2025-11-03 01:53:39,218 [INFO] Loss curve saved to results_ieee30/n_2_m_1000/pretraining_loss_curve.png
2025-11-03 01:53:39,218 [INFO] --- Starting Post-Training Analysis ---
2025-11-03 01:53:40,185 [INFO] Analysis plots saved to results_ieee30/n_2_m_1000/analysis_plots
2025-11-03 01:53:40,186 [INFO] Metrics saved to results_ieee30/n_2_m_1000/metrics.json
