[RUN] n=30 m=200 at 2025-11-03T03:48:41.474520
[RUN][CMD] /home/psquare_quantum/Desktop/ssl/bin/python check_new_fixed.py --num_views 30 --data_path data/m_200.npz --outdir results_ieee30/n_30_m_200 --seed 42 --epochs 1500 --batch_size 256 --mask_ratio 0.75 --embed_dim 128 --num_layers 6 --lr 0.0001 --weight_decay 1e-05 --patience 25 --memory_efficient --auto_adjust_batch
2025-11-03 03:48:42,564 [INFO] Device: CUDA
2025-11-03 03:48:42,564 [INFO] Auto-adjusted batch size: 256 -> 21 (for N=30)
2025-11-03 03:48:42,567 [INFO] token_dim=5, num_buses=30, num_views=30
/home/psquare_quantum/Desktop/ssl/lib/python3.10/site-packages/torch/nn/modules/transformer.py:392: UserWarning: enable_nested_tensor is True, but self.use_nested_tensor is False because encoder_layer.norm_first was True
  warnings.warn(
2025-11-03 03:48:43,522 [INFO] Using SEQUENTIAL view processing (memory-efficient)
2025-11-03 03:48:43,522 [INFO] --- Starting Pre-training ---
2025-11-03 03:48:46,861 [INFO] Epoch 001/1500 | Train: 1.757387e+00 | Val MSE: 5.772848e-01 | Val MAE: 5.979195e-01
2025-11-03 03:49:15,927 [INFO] Epoch 011/1500 | Train: 5.668699e-01 | Val MSE: 4.440569e-01 | Val MAE: 5.045745e-01
2025-11-03 03:49:45,180 [INFO] Epoch 021/1500 | Train: 4.375687e-01 | Val MSE: 3.526087e-01 | Val MAE: 4.301495e-01
2025-11-03 03:50:14,063 [INFO] Epoch 031/1500 | Train: 3.953107e-01 | Val MSE: 3.159696e-01 | Val MAE: 3.939014e-01
2025-11-03 03:50:43,029 [INFO] Epoch 041/1500 | Train: 3.661225e-01 | Val MSE: 3.173367e-01 | Val MAE: 3.966720e-01
2025-11-03 03:51:12,398 [INFO] Epoch 051/1500 | Train: 3.295392e-01 | Val MSE: 2.710409e-01 | Val MAE: 3.577516e-01
2025-11-03 03:51:41,826 [INFO] Epoch 061/1500 | Train: 2.856175e-01 | Val MSE: 2.392253e-01 | Val MAE: 3.391133e-01
2025-11-03 03:52:13,026 [INFO] Epoch 071/1500 | Train: 2.553412e-01 | Val MSE: 1.897959e-01 | Val MAE: 2.984874e-01
2025-11-03 03:52:50,628 [INFO] Epoch 081/1500 | Train: 2.237055e-01 | Val MSE: 1.648689e-01 | Val MAE: 2.688135e-01
2025-11-03 03:53:28,261 [INFO] Epoch 091/1500 | Train: 2.043406e-01 | Val MSE: 1.502818e-01 | Val MAE: 2.545079e-01
2025-11-03 03:54:05,742 [INFO] Epoch 101/1500 | Train: 1.777627e-01 | Val MSE: 1.466113e-01 | Val MAE: 2.511089e-01
2025-11-03 03:54:43,305 [INFO] Epoch 111/1500 | Train: 1.600752e-01 | Val MSE: 1.266283e-01 | Val MAE: 2.268656e-01
2025-11-03 03:55:17,601 [INFO] Epoch 121/1500 | Train: 1.424933e-01 | Val MSE: 1.209817e-01 | Val MAE: 2.237458e-01
2025-11-03 03:55:46,677 [INFO] Epoch 131/1500 | Train: 1.289302e-01 | Val MSE: 1.226794e-01 | Val MAE: 2.184233e-01
2025-11-03 03:56:15,799 [INFO] Epoch 141/1500 | Train: 1.154624e-01 | Val MSE: 1.042749e-01 | Val MAE: 2.023648e-01
2025-11-03 03:56:44,931 [INFO] Epoch 151/1500 | Train: 1.095306e-01 | Val MSE: 1.081619e-01 | Val MAE: 2.126324e-01
2025-11-03 03:57:13,843 [INFO] Epoch 161/1500 | Train: 9.524373e-02 | Val MSE: 9.178418e-02 | Val MAE: 1.864935e-01
2025-11-03 03:57:42,556 [INFO] Epoch 171/1500 | Train: 9.116251e-02 | Val MSE: 9.895970e-02 | Val MAE: 1.868470e-01
2025-11-03 03:58:11,517 [INFO] Epoch 181/1500 | Train: 8.743271e-02 | Val MSE: 1.044743e-01 | Val MAE: 1.852522e-01
2025-11-03 03:58:40,735 [INFO] Epoch 191/1500 | Train: 8.508594e-02 | Val MSE: 1.026848e-01 | Val MAE: 1.846105e-01
2025-11-03 03:59:09,686 [INFO] Epoch 201/1500 | Train: 8.359916e-02 | Val MSE: 9.285906e-02 | Val MAE: 1.801248e-01
2025-11-03 03:59:33,153 [INFO] Early stopping at epoch 209
2025-11-03 03:59:33,153 [INFO] Total training time: 10m 49.63s
2025-11-03 03:59:33,514 [INFO] Loss curve saved to results_ieee30/n_30_m_200/pretraining_loss_curve.png
2025-11-03 03:59:33,514 [INFO] --- Starting Post-Training Analysis ---
/home/psquare_quantum/Desktop/ssl/lib/python3.10/site-packages/torch/nn/modules/transformer.py:392: UserWarning: enable_nested_tensor is True, but self.use_nested_tensor is False because encoder_layer.norm_first was True
  warnings.warn(
2025-11-03 03:59:34,959 [INFO] Analysis plots saved to results_ieee30/n_30_m_200/analysis_plots
2025-11-03 03:59:34,960 [INFO] Metrics saved to results_ieee30/n_30_m_200/metrics.json

[RUN] rc=0, elapsed=653.97s
