2025-11-03 02:31:40,918 [INFO] Device: CUDA
2025-11-03 02:31:40,918 [INFO] Auto-adjusted batch size: 256 -> 64 (for N=10)
2025-11-03 02:31:40,933 [INFO] token_dim=5, num_buses=30, num_views=10
2025-11-03 02:31:41,556 [INFO] Using SEQUENTIAL view processing (memory-efficient)
2025-11-03 02:31:41,556 [INFO] --- Starting Pre-training ---
2025-11-03 02:31:43,987 [INFO] Epoch 001/1500 | Train: 1.096536e+00 | Val MSE: 6.818505e-01 | Val MAE: 6.461445e-01
2025-11-03 02:32:05,295 [INFO] Epoch 011/1500 | Train: 3.908079e-01 | Val MSE: 4.042226e-01 | Val MAE: 4.534344e-01
2025-11-03 02:32:26,585 [INFO] Epoch 021/1500 | Train: 2.525462e-01 | Val MSE: 2.194324e-01 | Val MAE: 3.067657e-01
2025-11-03 02:32:47,893 [INFO] Epoch 031/1500 | Train: 1.499729e-01 | Val MSE: 1.255230e-01 | Val MAE: 2.146585e-01
2025-11-03 02:33:08,625 [INFO] Epoch 041/1500 | Train: 1.171469e-01 | Val MSE: 9.644902e-02 | Val MAE: 1.790549e-01
2025-11-03 02:33:29,903 [INFO] Epoch 051/1500 | Train: 9.614349e-02 | Val MSE: 7.296156e-02 | Val MAE: 1.518255e-01
2025-11-03 02:33:51,097 [INFO] Epoch 061/1500 | Train: 7.934711e-02 | Val MSE: 5.915790e-02 | Val MAE: 1.353302e-01
2025-11-03 02:34:12,071 [INFO] Epoch 071/1500 | Train: 7.010813e-02 | Val MSE: 5.115176e-02 | Val MAE: 1.257070e-01
2025-11-03 02:34:32,953 [INFO] Epoch 081/1500 | Train: 6.340283e-02 | Val MSE: 4.135889e-02 | Val MAE: 1.150003e-01
2025-11-03 02:34:53,636 [INFO] Epoch 091/1500 | Train: 5.710578e-02 | Val MSE: 3.898530e-02 | Val MAE: 1.080346e-01
2025-11-03 02:35:14,925 [INFO] Epoch 101/1500 | Train: 5.135674e-02 | Val MSE: 3.277820e-02 | Val MAE: 1.012218e-01
2025-11-03 02:35:35,602 [INFO] Epoch 111/1500 | Train: 4.804709e-02 | Val MSE: 2.852704e-02 | Val MAE: 9.209347e-02
2025-11-03 02:35:56,121 [INFO] Epoch 121/1500 | Train: 4.580039e-02 | Val MSE: 2.902223e-02 | Val MAE: 9.187621e-02
2025-11-03 02:36:16,669 [INFO] Epoch 131/1500 | Train: 4.344825e-02 | Val MSE: 2.620389e-02 | Val MAE: 8.605984e-02
2025-11-03 02:36:37,757 [INFO] Epoch 141/1500 | Train: 4.069939e-02 | Val MSE: 2.294475e-02 | Val MAE: 8.043451e-02
2025-11-03 02:36:59,099 [INFO] Epoch 151/1500 | Train: 3.732877e-02 | Val MSE: 2.327005e-02 | Val MAE: 7.936331e-02
2025-11-03 02:37:20,253 [INFO] Epoch 161/1500 | Train: 3.710845e-02 | Val MSE: 2.172768e-02 | Val MAE: 7.846278e-02
2025-11-03 02:37:41,102 [INFO] Epoch 171/1500 | Train: 3.398022e-02 | Val MSE: 1.760316e-02 | Val MAE: 6.891587e-02
2025-11-03 02:38:02,167 [INFO] Epoch 181/1500 | Train: 3.206484e-02 | Val MSE: 1.679149e-02 | Val MAE: 6.703890e-02
2025-11-03 02:38:23,093 [INFO] Epoch 191/1500 | Train: 3.183779e-02 | Val MSE: 1.866512e-02 | Val MAE: 6.896082e-02
2025-11-03 02:38:23,093 [INFO] Early stopping at epoch 191
2025-11-03 02:38:23,093 [INFO] Total training time: 6m 41.54s
2025-11-03 02:38:23,430 [INFO] Loss curve saved to results_ieee30/n_10_m_2000/pretraining_loss_curve.png
2025-11-03 02:38:23,430 [INFO] --- Starting Post-Training Analysis ---
2025-11-03 02:38:24,389 [INFO] Analysis plots saved to results_ieee30/n_10_m_2000/analysis_plots
2025-11-03 02:38:24,390 [INFO] Metrics saved to results_ieee30/n_10_m_2000/metrics.json
