2025-11-03 01:53:05,893 [INFO] Device: CUDA
2025-11-03 01:53:05,899 [INFO] token_dim=5, num_buses=30, num_views=2
2025-11-03 01:53:06,536 [INFO] Using GRADIENT ACCUMULATION with 2 steps
2025-11-03 01:53:06,536 [INFO] --- Starting Pre-training ---
2025-11-03 01:53:07,092 [INFO] Epoch 001/1500 | Train: 2.118237e+00 | Val MSE: 1.644492e+00 | Val MAE: 1.033244e+00
2025-11-03 01:53:09,123 [INFO] Epoch 011/1500 | Train: 6.892056e-01 | Val MSE: 7.116531e-01 | Val MAE: 6.522046e-01
2025-11-03 01:53:10,986 [INFO] Epoch 021/1500 | Train: 5.965902e-01 | Val MSE: 6.667555e-01 | Val MAE: 6.330033e-01
2025-11-03 01:53:12,772 [INFO] Epoch 031/1500 | Train: 5.764225e-01 | Val MSE: 5.660597e-01 | Val MAE: 5.699757e-01
2025-11-03 01:53:14,753 [INFO] Epoch 041/1500 | Train: 5.406182e-01 | Val MSE: 5.528492e-01 | Val MAE: 5.674805e-01
2025-11-03 01:53:16,546 [INFO] Epoch 051/1500 | Train: 5.456298e-01 | Val MSE: 5.964043e-01 | Val MAE: 5.889565e-01
2025-11-03 01:53:18,467 [INFO] Epoch 061/1500 | Train: 5.164462e-01 | Val MSE: 5.185780e-01 | Val MAE: 5.453952e-01
2025-11-03 01:53:20,310 [INFO] Epoch 071/1500 | Train: 4.985240e-01 | Val MSE: 4.771868e-01 | Val MAE: 5.106058e-01
2025-11-03 01:53:22,167 [INFO] Epoch 081/1500 | Train: 4.858425e-01 | Val MSE: 4.857266e-01 | Val MAE: 5.120694e-01
2025-11-03 01:53:23,999 [INFO] Epoch 091/1500 | Train: 4.570408e-01 | Val MSE: 4.700562e-01 | Val MAE: 5.005978e-01
2025-11-03 01:53:25,701 [INFO] Epoch 101/1500 | Train: 4.467004e-01 | Val MSE: 4.534756e-01 | Val MAE: 4.889116e-01
2025-11-03 01:53:27,564 [INFO] Epoch 111/1500 | Train: 4.317420e-01 | Val MSE: 4.436045e-01 | Val MAE: 4.848292e-01
2025-11-03 01:53:29,421 [INFO] Epoch 121/1500 | Train: 4.317432e-01 | Val MSE: 4.518768e-01 | Val MAE: 4.849917e-01
2025-11-03 01:53:31,291 [INFO] Epoch 131/1500 | Train: 4.303438e-01 | Val MSE: 4.496681e-01 | Val MAE: 4.836259e-01
2025-11-03 01:53:32,963 [INFO] Epoch 141/1500 | Train: 4.291131e-01 | Val MSE: 4.463566e-01 | Val MAE: 4.796498e-01
2025-11-03 01:53:34,754 [INFO] Epoch 151/1500 | Train: 4.211056e-01 | Val MSE: 4.270250e-01 | Val MAE: 4.724166e-01
2025-11-03 01:53:34,935 [INFO] Early stopping at epoch 152
2025-11-03 01:53:34,935 [INFO] Total training time: 0m 28.40s
2025-11-03 01:53:35,306 [INFO] Loss curve saved to results_ieee30/n_2_m_500/pretraining_loss_curve.png
2025-11-03 01:53:35,306 [INFO] --- Starting Post-Training Analysis ---
2025-11-03 01:53:36,467 [INFO] Analysis plots saved to results_ieee30/n_2_m_500/analysis_plots
2025-11-03 01:53:36,468 [INFO] Metrics saved to results_ieee30/n_2_m_500/metrics.json
