2025-11-04 00:45:37,875 [INFO] Device: CUDA
2025-11-04 00:45:37,941 [INFO] token_dim=5, num_buses=30, num_views=5
2025-11-04 00:45:38,557 [INFO] Using GRADIENT ACCUMULATION with 2 steps
2025-11-04 00:45:38,557 [INFO] --- Starting Pre-training ---
2025-11-04 00:45:43,772 [INFO] Epoch 001/1500 | Train: 7.904859e-01 | Val MSE: 5.838304e-01 | Val MAE: 5.947141e-01
2025-11-04 00:46:32,788 [INFO] Epoch 011/1500 | Train: 1.697940e-01 | Val MSE: 1.492728e-01 | Val MAE: 2.407890e-01
2025-11-04 00:47:21,931 [INFO] Epoch 021/1500 | Train: 9.111754e-02 | Val MSE: 6.641915e-02 | Val MAE: 1.406116e-01
2025-11-04 00:48:11,008 [INFO] Epoch 031/1500 | Train: 6.308734e-02 | Val MSE: 4.107277e-02 | Val MAE: 1.126902e-01
2025-11-04 00:48:59,852 [INFO] Epoch 041/1500 | Train: 5.035380e-02 | Val MSE: 3.029110e-02 | Val MAE: 9.015819e-02
2025-11-04 00:49:48,651 [INFO] Epoch 051/1500 | Train: 4.366110e-02 | Val MSE: 2.406095e-02 | Val MAE: 8.384641e-02
2025-11-04 00:50:37,403 [INFO] Epoch 061/1500 | Train: 3.793195e-02 | Val MSE: 2.318430e-02 | Val MAE: 8.183768e-02
2025-11-04 00:51:26,163 [INFO] Epoch 071/1500 | Train: 3.521463e-02 | Val MSE: 1.854483e-02 | Val MAE: 7.015535e-02
2025-11-04 00:52:14,827 [INFO] Epoch 081/1500 | Train: 3.216064e-02 | Val MSE: 1.660205e-02 | Val MAE: 6.748215e-02
2025-11-04 00:53:03,699 [INFO] Epoch 091/1500 | Train: 3.038593e-02 | Val MSE: 1.541631e-02 | Val MAE: 6.450423e-02
2025-11-04 00:53:52,294 [INFO] Epoch 101/1500 | Train: 2.843557e-02 | Val MSE: 1.476976e-02 | Val MAE: 6.158064e-02
2025-11-04 00:54:41,061 [INFO] Epoch 111/1500 | Train: 2.511841e-02 | Val MSE: 1.381258e-02 | Val MAE: 6.095096e-02
2025-11-04 00:55:29,747 [INFO] Epoch 121/1500 | Train: 2.451813e-02 | Val MSE: 1.061379e-02 | Val MAE: 5.372767e-02
2025-11-04 00:56:18,358 [INFO] Epoch 131/1500 | Train: 2.343252e-02 | Val MSE: 1.062996e-02 | Val MAE: 5.207163e-02
2025-11-04 00:57:06,946 [INFO] Epoch 141/1500 | Train: 2.280012e-02 | Val MSE: 1.033440e-02 | Val MAE: 5.267012e-02
2025-11-04 00:57:55,531 [INFO] Epoch 151/1500 | Train: 2.244276e-02 | Val MSE: 1.069118e-02 | Val MAE: 5.079481e-02
2025-11-04 00:58:44,206 [INFO] Epoch 161/1500 | Train: 2.180199e-02 | Val MSE: 9.132023e-03 | Val MAE: 4.960003e-02
2025-11-04 00:59:32,831 [INFO] Epoch 171/1500 | Train: 2.109485e-02 | Val MSE: 1.065186e-02 | Val MAE: 5.190057e-02
2025-11-04 01:00:21,593 [INFO] Epoch 181/1500 | Train: 1.992273e-02 | Val MSE: 7.956803e-03 | Val MAE: 4.678800e-02
2025-11-04 01:01:10,147 [INFO] Epoch 191/1500 | Train: 1.915147e-02 | Val MSE: 7.510216e-03 | Val MAE: 4.394002e-02
2025-11-04 01:01:58,878 [INFO] Epoch 201/1500 | Train: 1.903856e-02 | Val MSE: 7.293572e-03 | Val MAE: 4.342029e-02
2025-11-04 01:02:47,542 [INFO] Epoch 211/1500 | Train: 1.869989e-02 | Val MSE: 1.021253e-02 | Val MAE: 4.514601e-02
2025-11-04 01:03:36,166 [INFO] Epoch 221/1500 | Train: 1.884900e-02 | Val MSE: 7.546766e-03 | Val MAE: 4.229733e-02
2025-11-04 01:04:24,646 [INFO] Epoch 231/1500 | Train: 1.825214e-02 | Val MSE: 6.886202e-03 | Val MAE: 4.041981e-02
2025-11-04 01:05:08,283 [INFO] Early stopping at epoch 240
2025-11-04 01:05:08,283 [INFO] Total training time: 19m 29.73s
2025-11-04 01:05:08,639 [INFO] Loss curve saved to results_ieee30/n_5_m_10000/pretraining_loss_curve.png
2025-11-04 01:05:08,639 [INFO] --- Starting Post-Training Analysis ---
2025-11-04 01:05:09,834 [INFO] Analysis plots saved to results_ieee30/n_5_m_10000/analysis_plots
2025-11-04 01:05:09,834 [INFO] Metrics saved to results_ieee30/n_5_m_10000/metrics.json
