2025-11-03 03:42:15,274 [INFO] Device: CUDA
2025-11-03 03:42:15,274 [INFO] Auto-adjusted batch size: 256 -> 21 (for N=30)
2025-11-03 03:42:15,279 [INFO] token_dim=5, num_buses=30, num_views=30
2025-11-03 03:42:16,238 [INFO] Using SEQUENTIAL view processing (memory-efficient)
2025-11-03 03:42:16,238 [INFO] --- Starting Pre-training ---
2025-11-03 03:42:24,313 [INFO] Epoch 001/1500 | Train: 1.126571e+00 | Val MSE: 7.217426e-01 | Val MAE: 6.518149e-01
2025-11-03 03:43:56,984 [INFO] Epoch 011/1500 | Train: 4.389163e-01 | Val MSE: 5.342046e-01 | Val MAE: 5.657188e-01
2025-11-03 03:45:36,831 [INFO] Epoch 021/1500 | Train: 3.573986e-01 | Val MSE: 3.471533e-01 | Val MAE: 4.150290e-01
2025-11-03 03:47:16,000 [INFO] Epoch 031/1500 | Train: 2.765639e-01 | Val MSE: 2.553702e-01 | Val MAE: 3.347581e-01
2025-11-03 03:48:39,461 [INFO] Epoch 041/1500 | Train: 1.914047e-01 | Val MSE: 1.658746e-01 | Val MAE: 2.626671e-01
2025-11-03 03:49:51,157 [INFO] Epoch 051/1500 | Train: 1.471055e-01 | Val MSE: 1.338098e-01 | Val MAE: 2.181971e-01
2025-11-03 03:51:04,215 [INFO] Epoch 061/1500 | Train: 1.261256e-01 | Val MSE: 1.141721e-01 | Val MAE: 1.980829e-01
2025-11-03 03:52:21,573 [INFO] Epoch 071/1500 | Train: 1.146981e-01 | Val MSE: 1.039741e-01 | Val MAE: 1.922794e-01
2025-11-03 03:53:55,102 [INFO] Epoch 081/1500 | Train: 9.770549e-02 | Val MSE: 9.316424e-02 | Val MAE: 1.771818e-01
2025-11-03 03:55:23,871 [INFO] Epoch 091/1500 | Train: 8.876732e-02 | Val MSE: 8.155764e-02 | Val MAE: 1.575111e-01
2025-11-03 03:56:37,681 [INFO] Epoch 101/1500 | Train: 8.076719e-02 | Val MSE: 6.453358e-02 | Val MAE: 1.496886e-01
2025-11-03 03:57:50,317 [INFO] Epoch 111/1500 | Train: 7.331125e-02 | Val MSE: 6.323151e-02 | Val MAE: 1.373927e-01
2025-11-03 03:59:03,961 [INFO] Epoch 121/1500 | Train: 6.524239e-02 | Val MSE: 5.004849e-02 | Val MAE: 1.223602e-01
2025-11-03 04:00:14,479 [INFO] Epoch 131/1500 | Train: 6.035936e-02 | Val MSE: 5.315349e-02 | Val MAE: 1.315001e-01
2025-11-03 04:01:25,513 [INFO] Epoch 141/1500 | Train: 5.478229e-02 | Val MSE: 4.143285e-02 | Val MAE: 1.107872e-01
2025-11-03 04:02:37,294 [INFO] Epoch 151/1500 | Train: 4.973664e-02 | Val MSE: 3.506422e-02 | Val MAE: 1.017213e-01
2025-11-03 04:03:48,628 [INFO] Epoch 161/1500 | Train: 4.798422e-02 | Val MSE: 4.018377e-02 | Val MAE: 1.104925e-01
2025-11-03 04:04:47,022 [INFO] Epoch 171/1500 | Train: 4.546536e-02 | Val MSE: 3.691165e-02 | Val MAE: 1.022135e-01
2025-11-03 04:05:42,585 [INFO] Epoch 181/1500 | Train: 4.422745e-02 | Val MSE: 3.547897e-02 | Val MAE: 9.899093e-02
2025-11-03 04:06:37,894 [INFO] Epoch 191/1500 | Train: 4.481762e-02 | Val MSE: 3.619096e-02 | Val MAE: 9.893365e-02
2025-11-03 04:07:28,139 [INFO] Early stopping at epoch 200
2025-11-03 04:07:28,139 [INFO] Total training time: 25m 11.90s
2025-11-03 04:07:28,502 [INFO] Loss curve saved to results_ieee30/n_30_m_500/pretraining_loss_curve.png
2025-11-03 04:07:28,502 [INFO] --- Starting Post-Training Analysis ---
2025-11-03 04:07:29,882 [INFO] Analysis plots saved to results_ieee30/n_30_m_500/analysis_plots
2025-11-03 04:07:29,883 [INFO] Metrics saved to results_ieee30/n_30_m_500/metrics.json
