[RUN] n=15 m=15000 at 2025-11-04T05:08:37.274859
[RUN][CMD] /home/psquare_quantum/Desktop/ssl/bin/python check_new_fixed.py --num_views 15 --data_path data/m_15000.npz --outdir results_ieee30/n_15_m_15000 --seed 42 --epochs 1500 --batch_size 128 --mask_ratio 0.75 --embed_dim 128 --num_layers 6 --lr 0.0001 --weight_decay 1e-05 --patience 25 --memory_efficient --auto_adjust_batch
2025-11-04 05:08:38,266 [INFO] Device: CUDA
2025-11-04 05:08:38,266 [INFO] Auto-adjusted batch size: 128 -> 42 (for N=15)
2025-11-04 05:08:38,367 [INFO] token_dim=5, num_buses=30, num_views=15
/home/psquare_quantum/Desktop/ssl/lib/python3.10/site-packages/torch/nn/modules/transformer.py:392: UserWarning: enable_nested_tensor is True, but self.use_nested_tensor is False because encoder_layer.norm_first was True
  warnings.warn(
2025-11-04 05:08:39,047 [INFO] Using SEQUENTIAL view processing (memory-efficient)
2025-11-04 05:08:39,047 [INFO] --- Starting Pre-training ---
2025-11-04 05:09:04,887 [INFO] Epoch 001/1500 | Train: 5.475510e-01 | Val MSE: 3.764366e-01 | Val MAE: 4.352209e-01
2025-11-04 05:13:22,649 [INFO] Epoch 011/1500 | Train: 4.922592e-02 | Val MSE: 2.633092e-02 | Val MAE: 8.733498e-02
2025-11-04 05:17:39,270 [INFO] Epoch 021/1500 | Train: 3.149918e-02 | Val MSE: 1.499348e-02 | Val MAE: 6.352596e-02
2025-11-04 05:21:55,539 [INFO] Epoch 031/1500 | Train: 2.460831e-02 | Val MSE: 1.308999e-02 | Val MAE: 6.016806e-02
2025-11-04 05:26:11,807 [INFO] Epoch 041/1500 | Train: 2.107668e-02 | Val MSE: 9.985072e-03 | Val MAE: 5.154273e-02
2025-11-04 05:30:29,177 [INFO] Epoch 051/1500 | Train: 1.837459e-02 | Val MSE: 7.766367e-03 | Val MAE: 4.426422e-02
2025-11-04 05:34:46,304 [INFO] Epoch 061/1500 | Train: 1.656516e-02 | Val MSE: 8.401857e-03 | Val MAE: 4.582048e-02
2025-11-04 05:39:03,465 [INFO] Epoch 071/1500 | Train: 1.544344e-02 | Val MSE: 7.141708e-03 | Val MAE: 4.160550e-02
2025-11-04 05:43:21,105 [INFO] Epoch 081/1500 | Train: 1.425654e-02 | Val MSE: 6.357901e-03 | Val MAE: 3.885989e-02
2025-11-04 05:47:38,551 [INFO] Epoch 091/1500 | Train: 1.340971e-02 | Val MSE: 6.030677e-03 | Val MAE: 3.727114e-02
2025-11-04 05:51:57,065 [INFO] Epoch 101/1500 | Train: 1.247592e-02 | Val MSE: 5.783552e-03 | Val MAE: 3.650836e-02
2025-11-04 05:56:14,546 [INFO] Epoch 111/1500 | Train: 1.067657e-02 | Val MSE: 4.970190e-03 | Val MAE: 3.077203e-02
2025-11-04 06:00:31,209 [INFO] Epoch 121/1500 | Train: 1.013289e-02 | Val MSE: 3.984730e-03 | Val MAE: 2.971165e-02
2025-11-04 06:04:47,696 [INFO] Epoch 131/1500 | Train: 1.003091e-02 | Val MSE: 3.900821e-03 | Val MAE: 2.891738e-02
2025-11-04 06:09:12,029 [INFO] Epoch 141/1500 | Train: 9.929101e-03 | Val MSE: 3.704983e-03 | Val MAE: 2.901838e-02
2025-11-04 06:13:29,379 [INFO] Epoch 151/1500 | Train: 8.613349e-03 | Val MSE: 2.942442e-03 | Val MAE: 2.492377e-02
2025-11-04 06:17:46,965 [INFO] Epoch 161/1500 | Train: 8.602713e-03 | Val MSE: 2.653815e-03 | Val MAE: 2.377004e-02
2025-11-04 06:22:01,566 [INFO] Epoch 171/1500 | Train: 8.060012e-03 | Val MSE: 2.532190e-03 | Val MAE: 2.287096e-02
2025-11-04 06:26:19,019 [INFO] Epoch 181/1500 | Train: 8.095197e-03 | Val MSE: 2.604018e-03 | Val MAE: 2.328925e-02
2025-11-04 06:30:35,701 [INFO] Epoch 191/1500 | Train: 7.809321e-03 | Val MSE: 2.298091e-03 | Val MAE: 2.151285e-02
2025-11-04 06:34:52,579 [INFO] Epoch 201/1500 | Train: 7.710460e-03 | Val MSE: 2.189796e-03 | Val MAE: 2.105044e-02
2025-11-04 06:39:09,668 [INFO] Epoch 211/1500 | Train: 7.605992e-03 | Val MSE: 2.232385e-03 | Val MAE: 2.137907e-02
2025-11-04 06:43:26,292 [INFO] Epoch 221/1500 | Train: 7.660507e-03 | Val MSE: 2.133077e-03 | Val MAE: 2.099932e-02
2025-11-04 06:47:42,721 [INFO] Epoch 231/1500 | Train: 7.622910e-03 | Val MSE: 2.168672e-03 | Val MAE: 2.119143e-02
2025-11-04 06:52:00,724 [INFO] Epoch 241/1500 | Train: 7.572131e-03 | Val MSE: 2.030755e-03 | Val MAE: 2.093675e-02
2025-11-04 06:56:19,512 [INFO] Epoch 251/1500 | Train: 7.476599e-03 | Val MSE: 2.003319e-03 | Val MAE: 2.048434e-02
2025-11-04 07:00:35,293 [INFO] Epoch 261/1500 | Train: 7.509354e-03 | Val MSE: 1.992978e-03 | Val MAE: 2.058645e-02
2025-11-04 07:03:59,836 [INFO] Early stopping at epoch 269
2025-11-04 07:03:59,836 [INFO] Total training time: 115m 20.79s
2025-11-04 07:04:00,170 [INFO] Loss curve saved to results_ieee30/n_15_m_15000/pretraining_loss_curve.png
2025-11-04 07:04:00,171 [INFO] --- Starting Post-Training Analysis ---
/home/psquare_quantum/Desktop/ssl/lib/python3.10/site-packages/torch/nn/modules/transformer.py:392: UserWarning: enable_nested_tensor is True, but self.use_nested_tensor is False because encoder_layer.norm_first was True
  warnings.warn(
2025-11-04 07:04:01,791 [INFO] Analysis plots saved to results_ieee30/n_15_m_15000/analysis_plots
2025-11-04 07:04:01,791 [INFO] Metrics saved to results_ieee30/n_15_m_15000/metrics.json

[RUN] rc=0, elapsed=6924.96s
