2025-11-05 01:56:38,273 [INFO] Device: CUDA
2025-11-05 01:56:38,273 [INFO] Auto-adjusted batch size: 128 -> 21 (for N=30)
2025-11-05 01:56:38,307 [INFO] token_dim=5, num_buses=30, num_views=30
2025-11-05 01:56:38,917 [INFO] Using SEQUENTIAL view processing (memory-efficient)
2025-11-05 01:56:38,917 [INFO] --- Starting Pre-training ---
2025-11-05 01:57:08,157 [INFO] Epoch 001/1500 | Train: 6.067788e-01 | Val MSE: 4.148857e-01 | Val MAE: 4.700381e-01
2025-11-05 02:02:01,914 [INFO] Epoch 011/1500 | Train: 8.592517e-02 | Val MSE: 6.330947e-02 | Val MAE: 1.416969e-01
2025-11-05 02:06:53,035 [INFO] Epoch 021/1500 | Train: 4.688654e-02 | Val MSE: 2.760718e-02 | Val MAE: 9.024189e-02
2025-11-05 02:11:48,008 [INFO] Epoch 031/1500 | Train: 3.490548e-02 | Val MSE: 1.926541e-02 | Val MAE: 7.305688e-02
2025-11-05 02:16:39,772 [INFO] Epoch 041/1500 | Train: 2.902371e-02 | Val MSE: 1.633325e-02 | Val MAE: 6.379917e-02
2025-11-05 02:21:32,076 [INFO] Epoch 051/1500 | Train: 2.483209e-02 | Val MSE: 1.281300e-02 | Val MAE: 5.857850e-02
2025-11-05 02:26:21,550 [INFO] Epoch 061/1500 | Train: 2.227061e-02 | Val MSE: 1.054848e-02 | Val MAE: 5.012571e-02
2025-11-05 02:31:15,653 [INFO] Epoch 071/1500 | Train: 1.992554e-02 | Val MSE: 1.002364e-02 | Val MAE: 4.888933e-02
2025-11-05 02:36:06,691 [INFO] Epoch 081/1500 | Train: 1.825271e-02 | Val MSE: 8.630238e-03 | Val MAE: 4.400355e-02
2025-11-05 02:40:58,731 [INFO] Epoch 091/1500 | Train: 1.709517e-02 | Val MSE: 8.281907e-03 | Val MAE: 4.358676e-02
2025-11-05 02:45:46,957 [INFO] Epoch 101/1500 | Train: 1.512312e-02 | Val MSE: 6.718518e-03 | Val MAE: 3.885580e-02
2025-11-05 02:50:39,133 [INFO] Epoch 111/1500 | Train: 1.444631e-02 | Val MSE: 6.095896e-03 | Val MAE: 3.734989e-02
2025-11-05 02:55:31,326 [INFO] Epoch 121/1500 | Train: 1.384721e-02 | Val MSE: 6.462569e-03 | Val MAE: 3.659282e-02
2025-11-05 03:00:23,836 [INFO] Epoch 131/1500 | Train: 1.254868e-02 | Val MSE: 5.079621e-03 | Val MAE: 3.283517e-02
2025-11-05 03:05:14,390 [INFO] Epoch 141/1500 | Train: 1.253459e-02 | Val MSE: 4.654057e-03 | Val MAE: 3.274785e-02
2025-11-05 03:10:06,687 [INFO] Epoch 151/1500 | Train: 1.166986e-02 | Val MSE: 4.255574e-03 | Val MAE: 3.076673e-02
2025-11-05 03:14:59,113 [INFO] Epoch 161/1500 | Train: 1.147015e-02 | Val MSE: 4.211378e-03 | Val MAE: 3.007622e-02
2025-11-05 03:19:49,294 [INFO] Epoch 171/1500 | Train: 1.115261e-02 | Val MSE: 4.007214e-03 | Val MAE: 2.940325e-02
2025-11-05 03:24:39,237 [INFO] Epoch 181/1500 | Train: 1.106000e-02 | Val MSE: 4.247380e-03 | Val MAE: 2.978184e-02
2025-11-05 03:29:29,842 [INFO] Epoch 191/1500 | Train: 1.085146e-02 | Val MSE: 3.562463e-03 | Val MAE: 2.816577e-02
2025-11-05 03:34:20,874 [INFO] Epoch 201/1500 | Train: 1.092904e-02 | Val MSE: 3.617713e-03 | Val MAE: 2.816168e-02
2025-11-05 03:39:12,318 [INFO] Epoch 211/1500 | Train: 1.088787e-02 | Val MSE: 3.694698e-03 | Val MAE: 2.827098e-02
2025-11-05 03:44:03,701 [INFO] Epoch 221/1500 | Train: 1.069067e-02 | Val MSE: 4.059261e-03 | Val MAE: 2.899081e-02
2025-11-05 03:48:56,345 [INFO] Epoch 231/1500 | Train: 1.076051e-02 | Val MSE: 3.865981e-03 | Val MAE: 2.812974e-02
2025-11-05 03:53:48,853 [INFO] Epoch 241/1500 | Train: 1.068255e-02 | Val MSE: 3.524234e-03 | Val MAE: 2.784619e-02
2025-11-05 03:53:48,853 [INFO] Early stopping at epoch 241
2025-11-05 03:53:48,853 [INFO] Total training time: 117m 9.94s
2025-11-05 03:53:49,195 [INFO] Loss curve saved to results_ieee30/n_30_m_5000/pretraining_loss_curve.png
2025-11-05 03:53:49,195 [INFO] --- Starting Post-Training Analysis ---
2025-11-05 03:53:50,424 [INFO] Analysis plots saved to results_ieee30/n_30_m_5000/analysis_plots
2025-11-05 03:53:50,425 [INFO] Metrics saved to results_ieee30/n_30_m_5000/metrics.json
