[RUN] n=1 m=500 at 2025-11-03T01:42:28.791608
[RUN][CMD] /home/psquare_quantum/Desktop/ssl/bin/python check_new_fixed.py --num_views 1 --data_path data/m_500.npz --outdir results_ieee30/n_1_m_500 --seed 42 --epochs 1500 --batch_size 256 --mask_ratio 0.75 --embed_dim 128 --num_layers 6 --lr 0.0001 --weight_decay 1e-05 --patience 25 --auto_adjust_batch
2025-11-03 01:42:29,792 [INFO] Device: CUDA
2025-11-03 01:42:29,796 [INFO] token_dim=5, num_buses=30, num_views=1
/home/psquare_quantum/Desktop/ssl/lib/python3.10/site-packages/torch/nn/modules/transformer.py:392: UserWarning: enable_nested_tensor is True, but self.use_nested_tensor is False because encoder_layer.norm_first was True
  warnings.warn(
2025-11-03 01:42:30,369 [INFO] Using GRADIENT ACCUMULATION with 2 steps
2025-11-03 01:42:30,369 [INFO] --- Starting Pre-training ---
2025-11-03 01:42:30,751 [INFO] Epoch 001/1500 | Train: 2.121558e+00 | Val MSE: 1.619580e+00 | Val MAE: 1.036173e+00
2025-11-03 01:42:31,460 [INFO] Epoch 011/1500 | Train: 7.314450e-01 | Val MSE: 6.697583e-01 | Val MAE: 6.278986e-01
2025-11-03 01:42:32,228 [INFO] Epoch 021/1500 | Train: 6.231707e-01 | Val MSE: 6.180314e-01 | Val MAE: 6.033172e-01
2025-11-03 01:42:32,830 [INFO] Epoch 031/1500 | Train: 5.648844e-01 | Val MSE: 5.920196e-01 | Val MAE: 5.875417e-01
2025-11-03 01:42:33,433 [INFO] Epoch 041/1500 | Train: 5.624912e-01 | Val MSE: 5.399155e-01 | Val MAE: 5.551066e-01
2025-11-03 01:42:34,072 [INFO] Epoch 051/1500 | Train: 5.283826e-01 | Val MSE: 5.484680e-01 | Val MAE: 5.621361e-01
2025-11-03 01:42:34,688 [INFO] Epoch 061/1500 | Train: 5.137398e-01 | Val MSE: 5.272160e-01 | Val MAE: 5.543386e-01
2025-11-03 01:42:35,462 [INFO] Epoch 071/1500 | Train: 4.893505e-01 | Val MSE: 4.854316e-01 | Val MAE: 5.070457e-01
2025-11-03 01:42:36,055 [INFO] Epoch 081/1500 | Train: 4.539220e-01 | Val MSE: 4.510592e-01 | Val MAE: 4.882518e-01
2025-11-03 01:42:36,658 [INFO] Epoch 091/1500 | Train: 4.329467e-01 | Val MSE: 4.441558e-01 | Val MAE: 4.755663e-01
2025-11-03 01:42:37,225 [INFO] Epoch 101/1500 | Train: 4.189700e-01 | Val MSE: 4.451738e-01 | Val MAE: 4.798815e-01
2025-11-03 01:42:37,807 [INFO] Epoch 111/1500 | Train: 4.063103e-01 | Val MSE: 4.378862e-01 | Val MAE: 4.704530e-01
2025-11-03 01:42:38,444 [INFO] Epoch 121/1500 | Train: 4.033490e-01 | Val MSE: 4.273670e-01 | Val MAE: 4.645547e-01
2025-11-03 01:42:38,964 [INFO] Epoch 131/1500 | Train: 4.080320e-01 | Val MSE: 4.347887e-01 | Val MAE: 4.684397e-01
2025-11-03 01:42:39,540 [INFO] Epoch 141/1500 | Train: 3.947648e-01 | Val MSE: 4.076959e-01 | Val MAE: 4.551106e-01
2025-11-03 01:42:40,099 [INFO] Epoch 151/1500 | Train: 3.919466e-01 | Val MSE: 4.189040e-01 | Val MAE: 4.546525e-01
2025-11-03 01:42:40,616 [INFO] Epoch 161/1500 | Train: 3.882211e-01 | Val MSE: 4.132568e-01 | Val MAE: 4.490458e-01
2025-11-03 01:42:41,024 [INFO] Early stopping at epoch 169
2025-11-03 01:42:41,024 [INFO] Total training time: 0m 10.66s
2025-11-03 01:42:41,369 [INFO] Loss curve saved to results_ieee30/n_1_m_500/pretraining_loss_curve.png
2025-11-03 01:42:41,369 [INFO] --- Starting Post-Training Analysis ---
/home/psquare_quantum/Desktop/ssl/lib/python3.10/site-packages/torch/nn/modules/transformer.py:392: UserWarning: enable_nested_tensor is True, but self.use_nested_tensor is False because encoder_layer.norm_first was True
  warnings.warn(
2025-11-03 01:42:42,270 [INFO] Analysis plots saved to results_ieee30/n_1_m_500/analysis_plots
2025-11-03 01:42:42,271 [INFO] Metrics saved to results_ieee30/n_1_m_500/metrics.json

[RUN] rc=0, elapsed=13.89s
