[RUN] n=15 m=200 at 2025-11-03T02:53:35.532750
[RUN][CMD] /home/psquare_quantum/Desktop/ssl/bin/python check_new_fixed.py --num_views 15 --data_path data/m_200.npz --outdir results_ieee30/n_15_m_200 --seed 42 --epochs 1500 --batch_size 256 --mask_ratio 0.75 --embed_dim 128 --num_layers 6 --lr 0.0001 --weight_decay 1e-05 --patience 25 --memory_efficient --auto_adjust_batch
2025-11-03 02:53:36,622 [INFO] Device: CUDA
2025-11-03 02:53:36,622 [INFO] Auto-adjusted batch size: 256 -> 42 (for N=15)
2025-11-03 02:53:36,625 [INFO] token_dim=5, num_buses=30, num_views=15
/home/psquare_quantum/Desktop/ssl/lib/python3.10/site-packages/torch/nn/modules/transformer.py:392: UserWarning: enable_nested_tensor is True, but self.use_nested_tensor is False because encoder_layer.norm_first was True
  warnings.warn(
2025-11-03 02:53:37,467 [INFO] Using SEQUENTIAL view processing (memory-efficient)
2025-11-03 02:53:37,467 [INFO] --- Starting Pre-training ---
2025-11-03 02:53:39,135 [INFO] Epoch 001/1500 | Train: 2.035499e+00 | Val MSE: 8.894813e-01 | Val MAE: 7.737814e-01
2025-11-03 02:53:50,961 [INFO] Epoch 011/1500 | Train: 5.894734e-01 | Val MSE: 4.645245e-01 | Val MAE: 5.219387e-01
2025-11-03 02:54:02,721 [INFO] Epoch 021/1500 | Train: 5.195031e-01 | Val MSE: 4.334526e-01 | Val MAE: 4.999040e-01
2025-11-03 02:54:14,690 [INFO] Epoch 031/1500 | Train: 4.753653e-01 | Val MSE: 3.743682e-01 | Val MAE: 4.605593e-01
2025-11-03 02:54:26,554 [INFO] Epoch 041/1500 | Train: 4.310321e-01 | Val MSE: 3.786372e-01 | Val MAE: 4.557342e-01
2025-11-03 02:54:38,296 [INFO] Epoch 051/1500 | Train: 3.910901e-01 | Val MSE: 3.279776e-01 | Val MAE: 4.162360e-01
2025-11-03 02:54:51,070 [INFO] Epoch 061/1500 | Train: 3.712894e-01 | Val MSE: 3.021559e-01 | Val MAE: 3.833517e-01
2025-11-03 02:55:05,335 [INFO] Epoch 071/1500 | Train: 3.508987e-01 | Val MSE: 2.981928e-01 | Val MAE: 3.757820e-01
2025-11-03 02:55:17,932 [INFO] Epoch 081/1500 | Train: 3.346949e-01 | Val MSE: 2.843438e-01 | Val MAE: 3.699980e-01
2025-11-03 02:55:29,703 [INFO] Epoch 091/1500 | Train: 3.161259e-01 | Val MSE: 2.887572e-01 | Val MAE: 3.729689e-01
2025-11-03 02:55:41,294 [INFO] Epoch 101/1500 | Train: 2.969943e-01 | Val MSE: 2.491007e-01 | Val MAE: 3.347744e-01
2025-11-03 02:55:52,967 [INFO] Epoch 111/1500 | Train: 2.724508e-01 | Val MSE: 2.287967e-01 | Val MAE: 3.214687e-01
2025-11-03 02:56:04,465 [INFO] Epoch 121/1500 | Train: 2.566066e-01 | Val MSE: 1.986408e-01 | Val MAE: 2.989731e-01
2025-11-03 02:56:16,370 [INFO] Epoch 131/1500 | Train: 2.360710e-01 | Val MSE: 1.841863e-01 | Val MAE: 2.859053e-01
2025-11-03 02:56:28,310 [INFO] Epoch 141/1500 | Train: 2.169234e-01 | Val MSE: 1.716850e-01 | Val MAE: 2.738674e-01
2025-11-03 02:56:39,938 [INFO] Epoch 151/1500 | Train: 2.010275e-01 | Val MSE: 1.619560e-01 | Val MAE: 2.605539e-01
2025-11-03 02:56:51,543 [INFO] Epoch 161/1500 | Train: 1.854037e-01 | Val MSE: 1.527647e-01 | Val MAE: 2.561009e-01
2025-11-03 02:57:03,026 [INFO] Epoch 171/1500 | Train: 1.757047e-01 | Val MSE: 1.535673e-01 | Val MAE: 2.611816e-01
2025-11-03 02:57:14,701 [INFO] Epoch 181/1500 | Train: 1.572906e-01 | Val MSE: 1.246032e-01 | Val MAE: 2.225030e-01
2025-11-03 02:57:26,247 [INFO] Epoch 191/1500 | Train: 1.524521e-01 | Val MSE: 1.369110e-01 | Val MAE: 2.326336e-01
2025-11-03 02:57:37,839 [INFO] Epoch 201/1500 | Train: 1.439156e-01 | Val MSE: 1.377951e-01 | Val MAE: 2.336127e-01
2025-11-03 02:57:49,295 [INFO] Epoch 211/1500 | Train: 1.338340e-01 | Val MSE: 1.146968e-01 | Val MAE: 2.135653e-01
2025-11-03 02:58:00,990 [INFO] Epoch 221/1500 | Train: 1.317816e-01 | Val MSE: 1.201065e-01 | Val MAE: 2.184538e-01
2025-11-03 02:58:12,545 [INFO] Epoch 231/1500 | Train: 1.323071e-01 | Val MSE: 1.207246e-01 | Val MAE: 2.190985e-01
2025-11-03 02:58:24,069 [INFO] Epoch 241/1500 | Train: 1.267964e-01 | Val MSE: 1.245507e-01 | Val MAE: 2.197325e-01
2025-11-03 02:58:35,464 [INFO] Epoch 251/1500 | Train: 1.278155e-01 | Val MSE: 1.133394e-01 | Val MAE: 2.130795e-01
2025-11-03 02:58:35,464 [INFO] Early stopping at epoch 251
2025-11-03 02:58:35,464 [INFO] Total training time: 4m 58.00s
2025-11-03 02:58:35,835 [INFO] Loss curve saved to results_ieee30/n_15_m_200/pretraining_loss_curve.png
2025-11-03 02:58:35,835 [INFO] --- Starting Post-Training Analysis ---
/home/psquare_quantum/Desktop/ssl/lib/python3.10/site-packages/torch/nn/modules/transformer.py:392: UserWarning: enable_nested_tensor is True, but self.use_nested_tensor is False because encoder_layer.norm_first was True
  warnings.warn(
2025-11-03 02:58:37,868 [INFO] Analysis plots saved to results_ieee30/n_15_m_200/analysis_plots
2025-11-03 02:58:37,869 [INFO] Metrics saved to results_ieee30/n_15_m_200/metrics.json

[RUN] rc=0, elapsed=302.81s
