[RUN] n=30 m=10000 at 2025-11-04T21:57:52.010546
[RUN][CMD] /home/psquare_quantum/Desktop/ssl/bin/python check_new_fixed.py --num_views 30 --data_path data/m_10000.npz --outdir results_ieee30/n_30_m_10000 --seed 42 --epochs 1500 --batch_size 128 --mask_ratio 0.75 --embed_dim 128 --num_layers 6 --lr 0.0001 --weight_decay 1e-05 --patience 25 --memory_efficient --auto_adjust_batch
2025-11-04 21:57:53,024 [INFO] Device: CUDA
2025-11-04 21:57:53,024 [INFO] Auto-adjusted batch size: 128 -> 21 (for N=30)
2025-11-04 21:57:53,089 [INFO] token_dim=5, num_buses=30, num_views=30
/home/psquare_quantum/Desktop/ssl/lib/python3.10/site-packages/torch/nn/modules/transformer.py:392: UserWarning: enable_nested_tensor is True, but self.use_nested_tensor is False because encoder_layer.norm_first was True
  warnings.warn(
2025-11-04 21:57:53,717 [INFO] Using SEQUENTIAL view processing (memory-efficient)
2025-11-04 21:57:53,717 [INFO] --- Starting Pre-training ---
2025-11-04 21:58:52,542 [INFO] Epoch 001/1500 | Train: 5.188908e-01 | Val MSE: 3.597839e-01 | Val MAE: 4.165081e-01
2025-11-04 22:08:38,582 [INFO] Epoch 011/1500 | Train: 4.402647e-02 | Val MSE: 2.414381e-02 | Val MAE: 8.111370e-02
2025-11-04 22:18:21,640 [INFO] Epoch 021/1500 | Train: 2.829803e-02 | Val MSE: 1.452394e-02 | Val MAE: 6.124357e-02
2025-11-04 22:28:07,991 [INFO] Epoch 031/1500 | Train: 2.223900e-02 | Val MSE: 1.044112e-02 | Val MAE: 5.278988e-02
2025-11-04 22:37:52,062 [INFO] Epoch 041/1500 | Train: 1.851652e-02 | Val MSE: 8.415672e-03 | Val MAE: 4.487415e-02
2025-11-04 22:47:40,827 [INFO] Epoch 051/1500 | Train: 1.651060e-02 | Val MSE: 9.093911e-03 | Val MAE: 4.977650e-02
2025-11-04 22:57:24,470 [INFO] Epoch 061/1500 | Train: 1.483888e-02 | Val MSE: 8.226190e-03 | Val MAE: 4.055776e-02
2025-11-04 23:07:07,637 [INFO] Epoch 071/1500 | Train: 1.339406e-02 | Val MSE: 5.980622e-03 | Val MAE: 3.575153e-02
2025-11-04 23:16:51,747 [INFO] Epoch 081/1500 | Train: 1.275870e-02 | Val MSE: 5.698331e-03 | Val MAE: 3.776270e-02
2025-11-04 23:26:37,795 [INFO] Epoch 091/1500 | Train: 1.189979e-02 | Val MSE: 5.509397e-03 | Val MAE: 3.526388e-02
2025-11-04 23:36:19,988 [INFO] Epoch 101/1500 | Train: 1.115048e-02 | Val MSE: 4.556117e-03 | Val MAE: 3.156664e-02
2025-11-04 23:46:02,074 [INFO] Epoch 111/1500 | Train: 1.068137e-02 | Val MSE: 4.754497e-03 | Val MAE: 3.188509e-02
2025-11-04 23:55:46,460 [INFO] Epoch 121/1500 | Train: 8.917683e-03 | Val MSE: 3.699346e-03 | Val MAE: 2.757235e-02
2025-11-05 00:05:30,981 [INFO] Epoch 131/1500 | Train: 8.544759e-03 | Val MSE: 3.247244e-03 | Val MAE: 2.569146e-02
2025-11-05 00:15:18,357 [INFO] Epoch 141/1500 | Train: 7.560745e-03 | Val MSE: 2.713603e-03 | Val MAE: 2.315582e-02
2025-11-05 00:25:00,664 [INFO] Epoch 151/1500 | Train: 7.454950e-03 | Val MSE: 2.616319e-03 | Val MAE: 2.255857e-02
2025-11-05 00:34:48,082 [INFO] Epoch 161/1500 | Train: 7.368487e-03 | Val MSE: 2.335145e-03 | Val MAE: 2.189398e-02
2025-11-05 00:44:32,880 [INFO] Epoch 171/1500 | Train: 6.944821e-03 | Val MSE: 2.276574e-03 | Val MAE: 2.110401e-02
2025-11-05 00:54:16,361 [INFO] Epoch 181/1500 | Train: 6.880994e-03 | Val MSE: 1.887932e-03 | Val MAE: 1.985500e-02
2025-11-05 01:04:01,007 [INFO] Epoch 191/1500 | Train: 6.766917e-03 | Val MSE: 2.019318e-03 | Val MAE: 2.041694e-02
2025-11-05 01:13:44,909 [INFO] Epoch 201/1500 | Train: 6.546530e-03 | Val MSE: 1.893652e-03 | Val MAE: 1.950043e-02
2025-11-05 01:23:29,476 [INFO] Epoch 211/1500 | Train: 6.534008e-03 | Val MSE: 1.765728e-03 | Val MAE: 1.893655e-02
2025-11-05 01:33:13,524 [INFO] Epoch 221/1500 | Train: 6.384156e-03 | Val MSE: 1.723165e-03 | Val MAE: 1.882285e-02
2025-11-05 01:43:02,495 [INFO] Epoch 231/1500 | Train: 6.404015e-03 | Val MSE: 1.799398e-03 | Val MAE: 1.867231e-02
2025-11-05 01:52:42,204 [INFO] Epoch 241/1500 | Train: 6.434587e-03 | Val MSE: 1.775253e-03 | Val MAE: 1.883509e-02
2025-11-05 01:56:34,796 [INFO] Early stopping at epoch 245
2025-11-05 01:56:34,796 [INFO] Total training time: 238m 41.08s
2025-11-05 01:56:35,131 [INFO] Loss curve saved to results_ieee30/n_30_m_10000/pretraining_loss_curve.png
2025-11-05 01:56:35,131 [INFO] --- Starting Post-Training Analysis ---
/home/psquare_quantum/Desktop/ssl/lib/python3.10/site-packages/torch/nn/modules/transformer.py:392: UserWarning: enable_nested_tensor is True, but self.use_nested_tensor is False because encoder_layer.norm_first was True
  warnings.warn(
2025-11-05 01:56:36,784 [INFO] Analysis plots saved to results_ieee30/n_30_m_10000/analysis_plots
2025-11-05 01:56:36,785 [INFO] Metrics saved to results_ieee30/n_30_m_10000/metrics.json

[RUN] rc=0, elapsed=14325.22s
