[RUN] n=4 m=2000 at 2025-11-03T02:00:52.605075
[RUN][CMD] /home/psquare_quantum/Desktop/ssl/bin/python check_new_fixed.py --num_views 4 --data_path data/m_2000.npz --outdir results_ieee30/n_4_m_2000 --seed 42 --epochs 1500 --batch_size 256 --mask_ratio 0.75 --embed_dim 128 --num_layers 6 --lr 0.0001 --weight_decay 1e-05 --patience 25 --auto_adjust_batch
2025-11-03 02:00:53,680 [INFO] Device: CUDA
2025-11-03 02:00:53,680 [INFO] Auto-adjusted batch size: 256 -> 160 (for N=4)
2025-11-03 02:00:53,695 [INFO] token_dim=5, num_buses=30, num_views=4
/home/psquare_quantum/Desktop/ssl/lib/python3.10/site-packages/torch/nn/modules/transformer.py:392: UserWarning: enable_nested_tensor is True, but self.use_nested_tensor is False because encoder_layer.norm_first was True
  warnings.warn(
2025-11-03 02:00:54,286 [INFO] Using GRADIENT ACCUMULATION with 2 steps
2025-11-03 02:00:54,286 [INFO] --- Starting Pre-training ---
2025-11-03 02:00:55,400 [INFO] Epoch 001/1500 | Train: 1.391106e+00 | Val MSE: 7.653056e-01 | Val MAE: 6.861436e-01
2025-11-03 02:01:03,593 [INFO] Epoch 011/1500 | Train: 5.234750e-01 | Val MSE: 5.654417e-01 | Val MAE: 5.723858e-01
2025-11-03 02:01:11,752 [INFO] Epoch 021/1500 | Train: 4.188638e-01 | Val MSE: 4.569014e-01 | Val MAE: 4.855107e-01
2025-11-03 02:01:19,871 [INFO] Epoch 031/1500 | Train: 3.557453e-01 | Val MSE: 3.883000e-01 | Val MAE: 4.407928e-01
2025-11-03 02:01:28,100 [INFO] Epoch 041/1500 | Train: 2.859932e-01 | Val MSE: 2.826889e-01 | Val MAE: 3.645946e-01
2025-11-03 02:01:36,295 [INFO] Epoch 051/1500 | Train: 2.352436e-01 | Val MSE: 2.167162e-01 | Val MAE: 3.116712e-01
2025-11-03 02:01:44,539 [INFO] Epoch 061/1500 | Train: 1.745401e-01 | Val MSE: 1.525544e-01 | Val MAE: 2.483315e-01
2025-11-03 02:01:52,529 [INFO] Epoch 071/1500 | Train: 1.479815e-01 | Val MSE: 1.193613e-01 | Val MAE: 2.130231e-01
2025-11-03 02:02:00,591 [INFO] Epoch 081/1500 | Train: 1.397979e-01 | Val MSE: 1.217206e-01 | Val MAE: 2.179850e-01
2025-11-03 02:02:08,801 [INFO] Epoch 091/1500 | Train: 1.233843e-01 | Val MSE: 9.445751e-02 | Val MAE: 1.806000e-01
2025-11-03 02:02:16,793 [INFO] Epoch 101/1500 | Train: 1.083423e-01 | Val MSE: 8.992239e-02 | Val MAE: 1.757850e-01
2025-11-03 02:02:24,889 [INFO] Epoch 111/1500 | Train: 1.041327e-01 | Val MSE: 7.837319e-02 | Val MAE: 1.636375e-01
2025-11-03 02:02:32,924 [INFO] Epoch 121/1500 | Train: 9.203633e-02 | Val MSE: 7.842172e-02 | Val MAE: 1.541745e-01
2025-11-03 02:02:40,852 [INFO] Epoch 131/1500 | Train: 8.588221e-02 | Val MSE: 6.374206e-02 | Val MAE: 1.436152e-01
2025-11-03 02:02:48,873 [INFO] Epoch 141/1500 | Train: 8.513813e-02 | Val MSE: 6.437347e-02 | Val MAE: 1.423869e-01
2025-11-03 02:02:56,770 [INFO] Epoch 151/1500 | Train: 8.262759e-02 | Val MSE: 5.979541e-02 | Val MAE: 1.348356e-01
2025-11-03 02:03:04,808 [INFO] Epoch 161/1500 | Train: 7.966166e-02 | Val MSE: 6.373086e-02 | Val MAE: 1.371477e-01
2025-11-03 02:03:12,721 [INFO] Epoch 171/1500 | Train: 7.716824e-02 | Val MSE: 6.453080e-02 | Val MAE: 1.383396e-01
2025-11-03 02:03:20,727 [INFO] Epoch 181/1500 | Train: 7.774750e-02 | Val MSE: 5.868716e-02 | Val MAE: 1.324082e-01
2025-11-03 02:03:28,624 [INFO] Epoch 191/1500 | Train: 7.558877e-02 | Val MSE: 5.001708e-02 | Val MAE: 1.244399e-01
2025-11-03 02:03:36,557 [INFO] Epoch 201/1500 | Train: 7.798173e-02 | Val MSE: 5.581764e-02 | Val MAE: 1.275582e-01
2025-11-03 02:03:44,500 [INFO] Epoch 211/1500 | Train: 7.517336e-02 | Val MSE: 5.495577e-02 | Val MAE: 1.293501e-01
2025-11-03 02:03:52,591 [INFO] Epoch 221/1500 | Train: 7.590792e-02 | Val MSE: 5.112517e-02 | Val MAE: 1.238245e-01
2025-11-03 02:04:11,668 [INFO] Epoch 231/1500 | Train: 7.584713e-02 | Val MSE: 5.149590e-02 | Val MAE: 1.269705e-01
2025-11-03 02:04:25,745 [INFO] Early stopping at epoch 238
2025-11-03 02:04:25,745 [INFO] Total training time: 3m 31.46s
2025-11-03 02:04:26,098 [INFO] Loss curve saved to results_ieee30/n_4_m_2000/pretraining_loss_curve.png
2025-11-03 02:04:26,098 [INFO] --- Starting Post-Training Analysis ---
/home/psquare_quantum/Desktop/ssl/lib/python3.10/site-packages/torch/nn/modules/transformer.py:392: UserWarning: enable_nested_tensor is True, but self.use_nested_tensor is False because encoder_layer.norm_first was True
  warnings.warn(
2025-11-03 02:04:27,506 [INFO] Analysis plots saved to results_ieee30/n_4_m_2000/analysis_plots
2025-11-03 02:04:27,507 [INFO] Metrics saved to results_ieee30/n_4_m_2000/metrics.json

[RUN] rc=0, elapsed=215.40s
