2025-11-04 02:56:48,698 [INFO] Device: CUDA
2025-11-04 02:56:48,698 [INFO] Auto-adjusted batch size: 128 -> 80 (for N=8)
2025-11-04 02:56:48,733 [INFO] token_dim=5, num_buses=30, num_views=8
2025-11-04 02:56:49,336 [INFO] Using SEQUENTIAL view processing (memory-efficient)
2025-11-04 02:56:49,337 [INFO] --- Starting Pre-training ---
2025-11-04 02:56:53,678 [INFO] Epoch 001/1500 | Train: 8.050241e-01 | Val MSE: 5.353244e-01 | Val MAE: 5.607470e-01
2025-11-04 02:57:34,091 [INFO] Epoch 011/1500 | Train: 2.472889e-01 | Val MSE: 2.028464e-01 | Val MAE: 2.960772e-01
2025-11-04 02:58:14,877 [INFO] Epoch 021/1500 | Train: 1.235098e-01 | Val MSE: 9.635264e-02 | Val MAE: 1.769123e-01
2025-11-04 02:58:55,141 [INFO] Epoch 031/1500 | Train: 8.513235e-02 | Val MSE: 6.126535e-02 | Val MAE: 1.364452e-01
2025-11-04 02:59:35,665 [INFO] Epoch 041/1500 | Train: 6.424335e-02 | Val MSE: 4.170585e-02 | Val MAE: 1.094466e-01
2025-11-04 03:00:16,204 [INFO] Epoch 051/1500 | Train: 5.215310e-02 | Val MSE: 3.250196e-02 | Val MAE: 9.437547e-02
2025-11-04 03:00:56,462 [INFO] Epoch 061/1500 | Train: 4.661799e-02 | Val MSE: 2.552979e-02 | Val MAE: 8.443363e-02
2025-11-04 03:01:36,451 [INFO] Epoch 071/1500 | Train: 4.173732e-02 | Val MSE: 2.404049e-02 | Val MAE: 8.120003e-02
2025-11-04 03:02:16,308 [INFO] Epoch 081/1500 | Train: 3.786250e-02 | Val MSE: 2.055115e-02 | Val MAE: 7.457971e-02
2025-11-04 03:02:55,872 [INFO] Epoch 091/1500 | Train: 3.499206e-02 | Val MSE: 1.792994e-02 | Val MAE: 7.152786e-02
2025-11-04 03:03:35,858 [INFO] Epoch 101/1500 | Train: 3.342050e-02 | Val MSE: 2.085921e-02 | Val MAE: 7.440723e-02
2025-11-04 03:04:15,423 [INFO] Epoch 111/1500 | Train: 3.076003e-02 | Val MSE: 1.633801e-02 | Val MAE: 6.655626e-02
2025-11-04 03:04:55,309 [INFO] Epoch 121/1500 | Train: 2.893016e-02 | Val MSE: 1.483299e-02 | Val MAE: 6.188086e-02
2025-11-04 03:05:34,889 [INFO] Epoch 131/1500 | Train: 2.644384e-02 | Val MSE: 1.251636e-02 | Val MAE: 5.743544e-02
2025-11-04 03:06:14,641 [INFO] Epoch 141/1500 | Train: 2.536192e-02 | Val MSE: 1.226411e-02 | Val MAE: 5.676268e-02
2025-11-04 03:06:54,480 [INFO] Epoch 151/1500 | Train: 2.502901e-02 | Val MSE: 1.148058e-02 | Val MAE: 5.429925e-02
2025-11-04 03:07:34,269 [INFO] Epoch 161/1500 | Train: 2.349777e-02 | Val MSE: 1.090718e-02 | Val MAE: 5.163646e-02
2025-11-04 03:08:14,094 [INFO] Epoch 171/1500 | Train: 2.316569e-02 | Val MSE: 1.056867e-02 | Val MAE: 5.137983e-02
2025-11-04 03:08:53,704 [INFO] Epoch 181/1500 | Train: 2.280792e-02 | Val MSE: 1.063640e-02 | Val MAE: 5.091548e-02
2025-11-04 03:09:33,767 [INFO] Epoch 191/1500 | Train: 2.226035e-02 | Val MSE: 1.042114e-02 | Val MAE: 5.111850e-02
2025-11-04 03:09:49,535 [INFO] Early stopping at epoch 195
2025-11-04 03:09:49,535 [INFO] Total training time: 13m 0.20s
2025-11-04 03:09:49,891 [INFO] Loss curve saved to results_ieee30/n_8_m_5000/pretraining_loss_curve.png
2025-11-04 03:09:49,891 [INFO] --- Starting Post-Training Analysis ---
2025-11-04 03:09:50,918 [INFO] Analysis plots saved to results_ieee30/n_8_m_5000/analysis_plots
2025-11-04 03:09:50,919 [INFO] Metrics saved to results_ieee30/n_8_m_5000/metrics.json
