[RUN] n=2 m=10000 at 2025-11-03T23:14:40.451638
[RUN][CMD] /home/psquare_quantum/Desktop/ssl/bin/python check_new_fixed.py --num_views 2 --data_path data/m_10000.npz --outdir results_ieee30/n_2_m_10000 --seed 42 --epochs 1500 --batch_size 128 --mask_ratio 0.75 --embed_dim 128 --num_layers 6 --lr 0.0001 --weight_decay 1e-05 --patience 25 --auto_adjust_batch
2025-11-03 23:14:41,443 [INFO] Device: CUDA
2025-11-03 23:14:41,509 [INFO] token_dim=5, num_buses=30, num_views=2
/home/psquare_quantum/Desktop/ssl/lib/python3.10/site-packages/torch/nn/modules/transformer.py:392: UserWarning: enable_nested_tensor is True, but self.use_nested_tensor is False because encoder_layer.norm_first was True
  warnings.warn(
2025-11-03 23:14:42,171 [INFO] Using GRADIENT ACCUMULATION with 2 steps
2025-11-03 23:14:42,171 [INFO] --- Starting Pre-training ---
2025-11-03 23:14:44,533 [INFO] Epoch 001/1500 | Train: 7.960762e-01 | Val MSE: 6.121804e-01 | Val MAE: 6.034505e-01
2025-11-03 23:15:05,063 [INFO] Epoch 011/1500 | Train: 1.954996e-01 | Val MSE: 1.575005e-01 | Val MAE: 2.606582e-01
2025-11-03 23:15:25,436 [INFO] Epoch 021/1500 | Train: 1.060156e-01 | Val MSE: 8.830255e-02 | Val MAE: 1.652108e-01
2025-11-03 23:15:45,750 [INFO] Epoch 031/1500 | Train: 7.515947e-02 | Val MSE: 5.693027e-02 | Val MAE: 1.312349e-01
2025-11-03 23:16:06,049 [INFO] Epoch 041/1500 | Train: 5.928743e-02 | Val MSE: 4.093375e-02 | Val MAE: 1.119105e-01
2025-11-03 23:16:26,328 [INFO] Epoch 051/1500 | Train: 4.941356e-02 | Val MSE: 3.048047e-02 | Val MAE: 9.404785e-02
2025-11-03 23:16:46,440 [INFO] Epoch 061/1500 | Train: 4.442319e-02 | Val MSE: 2.852359e-02 | Val MAE: 8.989948e-02
2025-11-03 23:17:06,524 [INFO] Epoch 071/1500 | Train: 4.115598e-02 | Val MSE: 2.603220e-02 | Val MAE: 8.595579e-02
2025-11-03 23:17:26,593 [INFO] Epoch 081/1500 | Train: 3.763016e-02 | Val MSE: 2.738378e-02 | Val MAE: 8.097012e-02
2025-11-03 23:17:46,533 [INFO] Epoch 091/1500 | Train: 3.417034e-02 | Val MSE: 1.551556e-02 | Val MAE: 6.707313e-02
2025-11-03 23:18:06,630 [INFO] Epoch 101/1500 | Train: 3.219232e-02 | Val MSE: 1.763890e-02 | Val MAE: 6.638849e-02
2025-11-03 23:18:26,583 [INFO] Epoch 111/1500 | Train: 3.082941e-02 | Val MSE: 1.510924e-02 | Val MAE: 6.389265e-02
2025-11-03 23:18:46,556 [INFO] Epoch 121/1500 | Train: 3.018679e-02 | Val MSE: 1.655536e-02 | Val MAE: 6.681679e-02
2025-11-03 23:19:06,445 [INFO] Epoch 131/1500 | Train: 2.862305e-02 | Val MSE: 1.154327e-02 | Val MAE: 5.501171e-02
2025-11-03 23:19:26,419 [INFO] Epoch 141/1500 | Train: 2.694329e-02 | Val MSE: 1.239956e-02 | Val MAE: 5.848774e-02
2025-11-03 23:19:46,501 [INFO] Epoch 151/1500 | Train: 2.572413e-02 | Val MSE: 1.249333e-02 | Val MAE: 5.444966e-02
2025-11-03 23:20:06,558 [INFO] Epoch 161/1500 | Train: 2.559428e-02 | Val MSE: 1.528388e-02 | Val MAE: 5.788913e-02
2025-11-03 23:20:26,640 [INFO] Epoch 171/1500 | Train: 2.566971e-02 | Val MSE: 1.126747e-02 | Val MAE: 5.490626e-02
2025-11-03 23:20:46,680 [INFO] Epoch 181/1500 | Train: 2.597679e-02 | Val MSE: 1.064685e-02 | Val MAE: 5.335933e-02
2025-11-03 23:21:06,536 [INFO] Epoch 191/1500 | Train: 2.524450e-02 | Val MSE: 1.091587e-02 | Val MAE: 5.392176e-02
2025-11-03 23:21:26,485 [INFO] Epoch 201/1500 | Train: 2.518277e-02 | Val MSE: 1.081689e-02 | Val MAE: 5.323354e-02
2025-11-03 23:21:46,444 [INFO] Epoch 211/1500 | Train: 2.436304e-02 | Val MSE: 1.126195e-02 | Val MAE: 5.189453e-02
2025-11-03 23:22:06,397 [INFO] Epoch 221/1500 | Train: 2.444459e-02 | Val MSE: 1.026823e-02 | Val MAE: 5.082875e-02
2025-11-03 23:22:26,242 [INFO] Epoch 231/1500 | Train: 2.460035e-02 | Val MSE: 9.715906e-03 | Val MAE: 5.068414e-02
2025-11-03 23:22:46,146 [INFO] Epoch 241/1500 | Train: 2.427492e-02 | Val MSE: 9.481219e-03 | Val MAE: 5.007378e-02
2025-11-03 23:22:48,125 [INFO] Early stopping at epoch 242
2025-11-03 23:22:48,125 [INFO] Total training time: 8m 5.95s
2025-11-03 23:22:48,455 [INFO] Loss curve saved to results_ieee30/n_2_m_10000/pretraining_loss_curve.png
2025-11-03 23:22:48,455 [INFO] --- Starting Post-Training Analysis ---
/home/psquare_quantum/Desktop/ssl/lib/python3.10/site-packages/torch/nn/modules/transformer.py:392: UserWarning: enable_nested_tensor is True, but self.use_nested_tensor is False because encoder_layer.norm_first was True
  warnings.warn(
2025-11-03 23:22:49,569 [INFO] Analysis plots saved to results_ieee30/n_2_m_10000/analysis_plots
2025-11-03 23:22:49,569 [INFO] Metrics saved to results_ieee30/n_2_m_10000/metrics.json

[RUN] rc=0, elapsed=489.54s
