2025-11-03 02:52:44,710 [INFO] Device: CUDA
2025-11-03 02:52:44,710 [INFO] Auto-adjusted batch size: 256 -> 42 (for N=15)
2025-11-03 02:52:44,714 [INFO] token_dim=5, num_buses=30, num_views=15
2025-11-03 02:52:45,524 [INFO] Using SEQUENTIAL view processing (memory-efficient)
2025-11-03 02:52:45,524 [INFO] --- Starting Pre-training ---
2025-11-03 02:52:47,990 [INFO] Epoch 001/1500 | Train: 1.472235e+00 | Val MSE: 1.099897e+00 | Val MAE: 8.591021e-01
2025-11-03 02:53:10,235 [INFO] Epoch 011/1500 | Train: 5.373646e-01 | Val MSE: 5.326362e-01 | Val MAE: 5.685197e-01
2025-11-03 02:53:32,407 [INFO] Epoch 021/1500 | Train: 4.241673e-01 | Val MSE: 3.916455e-01 | Val MAE: 4.566419e-01
2025-11-03 02:53:59,592 [INFO] Epoch 031/1500 | Train: 3.787309e-01 | Val MSE: 3.687618e-01 | Val MAE: 4.329821e-01
2025-11-03 02:54:28,676 [INFO] Epoch 041/1500 | Train: 3.235489e-01 | Val MSE: 2.825584e-01 | Val MAE: 3.701048e-01
2025-11-03 02:55:00,801 [INFO] Epoch 051/1500 | Train: 2.745483e-01 | Val MSE: 2.469790e-01 | Val MAE: 3.281279e-01
2025-11-03 02:55:31,505 [INFO] Epoch 061/1500 | Train: 2.320004e-01 | Val MSE: 2.038851e-01 | Val MAE: 2.907290e-01
2025-11-03 02:56:00,618 [INFO] Epoch 071/1500 | Train: 1.862396e-01 | Val MSE: 1.414527e-01 | Val MAE: 2.374640e-01
2025-11-03 02:56:29,339 [INFO] Epoch 081/1500 | Train: 1.580596e-01 | Val MSE: 1.457155e-01 | Val MAE: 2.347267e-01
2025-11-03 02:56:58,396 [INFO] Epoch 091/1500 | Train: 1.426266e-01 | Val MSE: 1.292211e-01 | Val MAE: 2.130709e-01
2025-11-03 02:57:27,407 [INFO] Epoch 101/1500 | Train: 1.274129e-01 | Val MSE: 1.154378e-01 | Val MAE: 1.992246e-01
2025-11-03 02:57:56,517 [INFO] Epoch 111/1500 | Train: 1.164457e-01 | Val MSE: 1.272904e-01 | Val MAE: 1.999308e-01
2025-11-03 02:58:25,827 [INFO] Epoch 121/1500 | Train: 1.105160e-01 | Val MSE: 1.019892e-01 | Val MAE: 1.839504e-01
2025-11-03 02:58:52,524 [INFO] Epoch 131/1500 | Train: 1.019263e-01 | Val MSE: 9.345865e-02 | Val MAE: 1.747912e-01
2025-11-03 02:59:26,196 [INFO] Epoch 141/1500 | Train: 9.241382e-02 | Val MSE: 9.695522e-02 | Val MAE: 1.714487e-01
2025-11-03 03:00:01,547 [INFO] Epoch 151/1500 | Train: 8.685356e-02 | Val MSE: 8.471910e-02 | Val MAE: 1.694455e-01
2025-11-03 03:00:33,812 [INFO] Epoch 161/1500 | Train: 8.028021e-02 | Val MSE: 6.766364e-02 | Val MAE: 1.438676e-01
2025-11-03 03:01:06,048 [INFO] Epoch 171/1500 | Train: 7.581980e-02 | Val MSE: 6.231712e-02 | Val MAE: 1.408359e-01
2025-11-03 03:01:29,424 [INFO] Epoch 181/1500 | Train: 7.437867e-02 | Val MSE: 6.509304e-02 | Val MAE: 1.405043e-01
2025-11-03 03:01:51,199 [INFO] Epoch 191/1500 | Train: 7.212812e-02 | Val MSE: 6.092543e-02 | Val MAE: 1.376971e-01
2025-11-03 03:01:53,480 [INFO] Early stopping at epoch 192
2025-11-03 03:01:53,480 [INFO] Total training time: 9m 7.96s
2025-11-03 03:01:53,852 [INFO] Loss curve saved to results_ieee30/n_15_m_500/pretraining_loss_curve.png
2025-11-03 03:01:53,852 [INFO] --- Starting Post-Training Analysis ---
2025-11-03 03:01:55,237 [INFO] Analysis plots saved to results_ieee30/n_15_m_500/analysis_plots
2025-11-03 03:01:55,238 [INFO] Metrics saved to results_ieee30/n_15_m_500/metrics.json
