2025-11-03 02:41:19,095 [INFO] Device: CUDA
2025-11-03 02:41:19,095 [INFO] Auto-adjusted batch size: 256 -> 64 (for N=10)
2025-11-03 02:41:19,096 [INFO] token_dim=5, num_buses=30, num_views=10
2025-11-03 02:41:20,064 [INFO] Using SEQUENTIAL view processing (memory-efficient)
2025-11-03 02:41:20,064 [INFO] --- Starting Pre-training ---
2025-11-03 02:41:20,993 [INFO] Epoch 001/1500 | Train: 2.291928e+00 | Val MSE: 2.555656e+00 | Val MAE: 1.356195e+00
2025-11-03 02:41:26,045 [INFO] Epoch 011/1500 | Train: 6.884555e-01 | Val MSE: 8.453934e-01 | Val MAE: 7.227674e-01
2025-11-03 02:41:31,116 [INFO] Epoch 021/1500 | Train: 5.750275e-01 | Val MSE: 5.706844e-01 | Val MAE: 5.819557e-01
2025-11-03 02:41:36,044 [INFO] Epoch 031/1500 | Train: 5.129018e-01 | Val MSE: 5.566506e-01 | Val MAE: 5.728546e-01
2025-11-03 02:41:41,031 [INFO] Epoch 041/1500 | Train: 4.941630e-01 | Val MSE: 5.267785e-01 | Val MAE: 5.599136e-01
2025-11-03 02:41:45,941 [INFO] Epoch 051/1500 | Train: 4.851551e-01 | Val MSE: 5.224887e-01 | Val MAE: 5.548853e-01
2025-11-03 02:41:50,789 [INFO] Epoch 061/1500 | Train: 4.720029e-01 | Val MSE: 4.775616e-01 | Val MAE: 5.223505e-01
2025-11-03 02:41:55,819 [INFO] Epoch 071/1500 | Train: 4.839930e-01 | Val MSE: 4.744036e-01 | Val MAE: 5.223101e-01
2025-11-03 02:42:00,658 [INFO] Epoch 081/1500 | Train: 3.957898e-01 | Val MSE: 4.304674e-01 | Val MAE: 4.818372e-01
2025-11-03 02:42:05,592 [INFO] Epoch 091/1500 | Train: 4.128521e-01 | Val MSE: 4.115845e-01 | Val MAE: 4.705272e-01
2025-11-03 02:42:10,407 [INFO] Epoch 101/1500 | Train: 3.880174e-01 | Val MSE: 4.387981e-01 | Val MAE: 4.938389e-01
2025-11-03 02:42:15,365 [INFO] Epoch 111/1500 | Train: 3.657292e-01 | Val MSE: 4.006857e-01 | Val MAE: 4.675116e-01
2025-11-03 02:42:20,283 [INFO] Epoch 121/1500 | Train: 3.721388e-01 | Val MSE: 4.040825e-01 | Val MAE: 4.780778e-01
2025-11-03 02:42:25,160 [INFO] Epoch 131/1500 | Train: 3.553014e-01 | Val MSE: 4.121652e-01 | Val MAE: 4.685705e-01
2025-11-03 02:42:29,164 [INFO] Epoch 141/1500 | Train: 3.617518e-01 | Val MSE: 4.064296e-01 | Val MAE: 4.646768e-01
2025-11-03 02:42:32,818 [INFO] Epoch 151/1500 | Train: 3.446601e-01 | Val MSE: 4.117800e-01 | Val MAE: 4.638637e-01
2025-11-03 02:42:36,441 [INFO] Epoch 161/1500 | Train: 3.612706e-01 | Val MSE: 3.975756e-01 | Val MAE: 4.568235e-01
2025-11-03 02:42:40,162 [INFO] Epoch 171/1500 | Train: 3.391955e-01 | Val MSE: 4.011303e-01 | Val MAE: 4.561523e-01
2025-11-03 02:42:41,193 [INFO] Early stopping at epoch 174
2025-11-03 02:42:41,193 [INFO] Total training time: 1m 21.13s
2025-11-03 02:42:41,582 [INFO] Loss curve saved to results_ieee30/n_10_m_100/pretraining_loss_curve.png
2025-11-03 02:42:41,582 [INFO] --- Starting Post-Training Analysis ---
2025-11-03 02:42:42,955 [INFO] Analysis plots saved to results_ieee30/n_10_m_100/analysis_plots
2025-11-03 02:42:42,955 [INFO] Metrics saved to results_ieee30/n_10_m_100/metrics.json
