[RUN] n=20 m=10000 at 2025-11-04T12:54:33.312030
[RUN][CMD] /home/psquare_quantum/Desktop/ssl/bin/python check_new_fixed.py --num_views 20 --data_path data/m_10000.npz --outdir results_ieee30/n_20_m_10000 --seed 42 --epochs 1500 --batch_size 128 --mask_ratio 0.75 --embed_dim 128 --num_layers 6 --lr 0.0001 --weight_decay 1e-05 --patience 25 --memory_efficient --auto_adjust_batch
2025-11-04 12:54:34,328 [INFO] Device: CUDA
2025-11-04 12:54:34,328 [INFO] Auto-adjusted batch size: 128 -> 32 (for N=20)
2025-11-04 12:54:34,396 [INFO] token_dim=5, num_buses=30, num_views=20
/home/psquare_quantum/Desktop/ssl/lib/python3.10/site-packages/torch/nn/modules/transformer.py:392: UserWarning: enable_nested_tensor is True, but self.use_nested_tensor is False because encoder_layer.norm_first was True
  warnings.warn(
2025-11-04 12:54:35,021 [INFO] Using SEQUENTIAL view processing (memory-efficient)
2025-11-04 12:54:35,021 [INFO] --- Starting Pre-training ---
2025-11-04 12:55:02,634 [INFO] Epoch 001/1500 | Train: 5.588926e-01 | Val MSE: 4.059085e-01 | Val MAE: 4.574076e-01
2025-11-04 12:59:37,634 [INFO] Epoch 011/1500 | Train: 5.743464e-02 | Val MSE: 3.628292e-02 | Val MAE: 1.060950e-01
2025-11-04 13:04:11,352 [INFO] Epoch 021/1500 | Train: 3.521070e-02 | Val MSE: 1.915362e-02 | Val MAE: 7.628675e-02
2025-11-04 13:08:45,876 [INFO] Epoch 031/1500 | Train: 2.716699e-02 | Val MSE: 1.275366e-02 | Val MAE: 5.571656e-02
2025-11-04 13:13:22,071 [INFO] Epoch 041/1500 | Train: 2.280697e-02 | Val MSE: 1.129363e-02 | Val MAE: 5.298507e-02
2025-11-04 13:17:57,324 [INFO] Epoch 051/1500 | Train: 1.983282e-02 | Val MSE: 1.096023e-02 | Val MAE: 5.028953e-02
2025-11-04 13:22:33,945 [INFO] Epoch 061/1500 | Train: 1.798267e-02 | Val MSE: 8.494135e-03 | Val MAE: 4.487444e-02
2025-11-04 13:27:07,366 [INFO] Epoch 071/1500 | Train: 1.674065e-02 | Val MSE: 8.737027e-03 | Val MAE: 4.303712e-02
2025-11-04 13:31:42,313 [INFO] Epoch 081/1500 | Train: 1.534294e-02 | Val MSE: 7.191137e-03 | Val MAE: 3.959640e-02
2025-11-04 13:36:17,579 [INFO] Epoch 091/1500 | Train: 1.419651e-02 | Val MSE: 6.669899e-03 | Val MAE: 4.012909e-02
2025-11-04 13:40:50,924 [INFO] Epoch 101/1500 | Train: 1.385566e-02 | Val MSE: 7.679042e-03 | Val MAE: 4.296536e-02
2025-11-04 13:45:24,275 [INFO] Epoch 111/1500 | Train: 1.177934e-02 | Val MSE: 5.263632e-03 | Val MAE: 3.502502e-02
2025-11-04 13:49:58,534 [INFO] Epoch 121/1500 | Train: 1.049958e-02 | Val MSE: 3.799741e-03 | Val MAE: 2.861599e-02
2025-11-04 13:54:30,362 [INFO] Epoch 131/1500 | Train: 1.033225e-02 | Val MSE: 4.502846e-03 | Val MAE: 3.156971e-02
2025-11-04 13:59:04,323 [INFO] Epoch 141/1500 | Train: 1.004993e-02 | Val MSE: 3.315209e-03 | Val MAE: 2.679204e-02
2025-11-04 14:03:39,215 [INFO] Epoch 151/1500 | Train: 9.585350e-03 | Val MSE: 3.062866e-03 | Val MAE: 2.551114e-02
2025-11-04 14:08:13,357 [INFO] Epoch 161/1500 | Train: 9.524021e-03 | Val MSE: 2.903884e-03 | Val MAE: 2.439954e-02
2025-11-04 14:12:48,749 [INFO] Epoch 171/1500 | Train: 9.338389e-03 | Val MSE: 3.348517e-03 | Val MAE: 2.586787e-02
2025-11-04 14:17:22,381 [INFO] Epoch 181/1500 | Train: 8.989701e-03 | Val MSE: 2.762672e-03 | Val MAE: 2.431831e-02
2025-11-04 14:21:55,903 [INFO] Epoch 191/1500 | Train: 8.920864e-03 | Val MSE: 2.828331e-03 | Val MAE: 2.394187e-02
2025-11-04 14:26:28,548 [INFO] Epoch 201/1500 | Train: 8.926665e-03 | Val MSE: 2.772731e-03 | Val MAE: 2.397619e-02
2025-11-04 14:31:02,949 [INFO] Epoch 211/1500 | Train: 8.843058e-03 | Val MSE: 2.482008e-03 | Val MAE: 2.307438e-02
2025-11-04 14:35:37,235 [INFO] Epoch 221/1500 | Train: 8.855723e-03 | Val MSE: 2.504896e-03 | Val MAE: 2.313864e-02
2025-11-04 14:40:09,213 [INFO] Epoch 231/1500 | Train: 8.711449e-03 | Val MSE: 2.490202e-03 | Val MAE: 2.300612e-02
2025-11-04 14:42:54,839 [INFO] Early stopping at epoch 237
2025-11-04 14:42:54,839 [INFO] Total training time: 108m 19.82s
2025-11-04 14:42:55,167 [INFO] Loss curve saved to results_ieee30/n_20_m_10000/pretraining_loss_curve.png
2025-11-04 14:42:55,167 [INFO] --- Starting Post-Training Analysis ---
/home/psquare_quantum/Desktop/ssl/lib/python3.10/site-packages/torch/nn/modules/transformer.py:392: UserWarning: enable_nested_tensor is True, but self.use_nested_tensor is False because encoder_layer.norm_first was True
  warnings.warn(
2025-11-04 14:42:56,600 [INFO] Analysis plots saved to results_ieee30/n_20_m_10000/analysis_plots
2025-11-04 14:42:56,600 [INFO] Metrics saved to results_ieee30/n_20_m_10000/metrics.json

[RUN] rc=0, elapsed=6503.72s
