[RUN] n=40 m=100 at 2025-11-03T05:27:24.684909
[RUN][CMD] /home/psquare_quantum/Desktop/ssl/bin/python check_new_fixed.py --num_views 40 --data_path data/m_100.npz --outdir results_ieee30/n_40_m_100 --seed 42 --epochs 1500 --batch_size 256 --mask_ratio 0.75 --embed_dim 128 --num_layers 6 --lr 0.0001 --weight_decay 1e-05 --patience 25 --memory_efficient --auto_adjust_batch
2025-11-03 05:27:25,792 [INFO] Device: CUDA
2025-11-03 05:27:25,792 [INFO] Auto-adjusted batch size: 256 -> 16 (for N=40)
2025-11-03 05:27:25,793 [INFO] token_dim=5, num_buses=30, num_views=40
/home/psquare_quantum/Desktop/ssl/lib/python3.10/site-packages/torch/nn/modules/transformer.py:392: UserWarning: enable_nested_tensor is True, but self.use_nested_tensor is False because encoder_layer.norm_first was True
  warnings.warn(
2025-11-03 05:27:26,671 [INFO] Using SEQUENTIAL view processing (memory-efficient)
2025-11-03 05:27:26,671 [INFO] --- Starting Pre-training ---
2025-11-03 05:27:29,377 [INFO] Epoch 001/1500 | Train: 1.847850e+00 | Val MSE: 1.402856e+00 | Val MAE: 9.427061e-01
2025-11-03 05:27:54,415 [INFO] Epoch 011/1500 | Train: 6.021217e-01 | Val MSE: 5.222471e-01 | Val MAE: 5.568908e-01
2025-11-03 05:28:19,307 [INFO] Epoch 021/1500 | Train: 5.262305e-01 | Val MSE: 5.004967e-01 | Val MAE: 5.372278e-01
2025-11-03 05:28:44,717 [INFO] Epoch 031/1500 | Train: 4.372064e-01 | Val MSE: 4.816183e-01 | Val MAE: 5.115173e-01
2025-11-03 05:29:06,959 [INFO] Epoch 041/1500 | Train: 4.522902e-01 | Val MSE: 4.645832e-01 | Val MAE: 5.060650e-01
2025-11-03 05:29:26,376 [INFO] Epoch 051/1500 | Train: 3.893758e-01 | Val MSE: 4.142098e-01 | Val MAE: 4.659271e-01
2025-11-03 05:29:45,534 [INFO] Epoch 061/1500 | Train: 3.507862e-01 | Val MSE: 4.260522e-01 | Val MAE: 4.768844e-01
2025-11-03 05:30:04,609 [INFO] Epoch 071/1500 | Train: 3.081568e-01 | Val MSE: 3.887744e-01 | Val MAE: 4.457507e-01
2025-11-03 05:30:24,286 [INFO] Epoch 081/1500 | Train: 2.980424e-01 | Val MSE: 3.871073e-01 | Val MAE: 4.459795e-01
2025-11-03 05:30:43,237 [INFO] Epoch 091/1500 | Train: 2.848792e-01 | Val MSE: 3.949678e-01 | Val MAE: 4.452360e-01
2025-11-03 05:31:02,634 [INFO] Epoch 101/1500 | Train: 2.871307e-01 | Val MSE: 3.310613e-01 | Val MAE: 4.027508e-01
2025-11-03 05:31:21,754 [INFO] Epoch 111/1500 | Train: 2.575803e-01 | Val MSE: 3.151696e-01 | Val MAE: 3.826840e-01
2025-11-03 05:31:40,932 [INFO] Epoch 121/1500 | Train: 2.347365e-01 | Val MSE: 3.022815e-01 | Val MAE: 3.657585e-01
2025-11-03 05:32:00,236 [INFO] Epoch 131/1500 | Train: 1.891729e-01 | Val MSE: 2.784667e-01 | Val MAE: 3.596408e-01
2025-11-03 05:32:19,323 [INFO] Epoch 141/1500 | Train: 2.081913e-01 | Val MSE: 2.386608e-01 | Val MAE: 3.347070e-01
2025-11-03 05:32:39,011 [INFO] Epoch 151/1500 | Train: 1.736921e-01 | Val MSE: 2.808422e-01 | Val MAE: 3.493847e-01
2025-11-03 05:32:57,760 [INFO] Epoch 161/1500 | Train: 1.631128e-01 | Val MSE: 2.548568e-01 | Val MAE: 3.237474e-01
2025-11-03 05:33:16,999 [INFO] Epoch 171/1500 | Train: 1.362561e-01 | Val MSE: 2.498635e-01 | Val MAE: 3.160969e-01
2025-11-03 05:33:36,329 [INFO] Epoch 181/1500 | Train: 1.402413e-01 | Val MSE: 2.428769e-01 | Val MAE: 3.110211e-01
2025-11-03 05:33:55,389 [INFO] Epoch 191/1500 | Train: 1.516235e-01 | Val MSE: 2.314350e-01 | Val MAE: 3.047202e-01
2025-11-03 05:34:14,737 [INFO] Epoch 201/1500 | Train: 1.278838e-01 | Val MSE: 2.300804e-01 | Val MAE: 3.041762e-01
2025-11-03 05:34:33,199 [INFO] Epoch 211/1500 | Train: 1.330855e-01 | Val MSE: 2.334207e-01 | Val MAE: 3.053523e-01
2025-11-03 05:34:33,199 [INFO] Early stopping at epoch 211
2025-11-03 05:34:33,199 [INFO] Total training time: 7m 6.53s
2025-11-03 05:34:33,534 [INFO] Loss curve saved to results_ieee30/n_40_m_100/pretraining_loss_curve.png
2025-11-03 05:34:33,535 [INFO] --- Starting Post-Training Analysis ---
/home/psquare_quantum/Desktop/ssl/lib/python3.10/site-packages/torch/nn/modules/transformer.py:392: UserWarning: enable_nested_tensor is True, but self.use_nested_tensor is False because encoder_layer.norm_first was True
  warnings.warn(
2025-11-03 05:34:34,782 [INFO] Analysis plots saved to results_ieee30/n_40_m_100/analysis_plots
2025-11-03 05:34:34,783 [INFO] Metrics saved to results_ieee30/n_40_m_100/metrics.json

[RUN] rc=0, elapsed=430.58s
