2025-11-03 04:32:19,959 [INFO] Device: CUDA
2025-11-03 04:32:19,959 [INFO] Auto-adjusted batch size: 256 -> 16 (for N=40)
2025-11-03 04:32:19,964 [INFO] token_dim=5, num_buses=30, num_views=40
2025-11-03 04:32:20,797 [INFO] Using SEQUENTIAL view processing (memory-efficient)
2025-11-03 04:32:20,797 [INFO] --- Starting Pre-training ---
2025-11-03 04:32:31,685 [INFO] Epoch 001/1500 | Train: 1.069552e+00 | Val MSE: 6.367331e-01 | Val MAE: 6.129357e-01
2025-11-03 04:34:26,386 [INFO] Epoch 011/1500 | Train: 4.237159e-01 | Val MSE: 4.642988e-01 | Val MAE: 4.798126e-01
2025-11-03 04:36:20,706 [INFO] Epoch 021/1500 | Train: 3.122960e-01 | Val MSE: 3.293427e-01 | Val MAE: 3.981253e-01
2025-11-03 04:38:15,229 [INFO] Epoch 031/1500 | Train: 2.083603e-01 | Val MSE: 2.029101e-01 | Val MAE: 2.910644e-01
2025-11-03 04:40:09,936 [INFO] Epoch 041/1500 | Train: 1.496650e-01 | Val MSE: 1.393847e-01 | Val MAE: 2.243213e-01
2025-11-03 04:42:05,118 [INFO] Epoch 051/1500 | Train: 1.244773e-01 | Val MSE: 1.283360e-01 | Val MAE: 2.188724e-01
2025-11-03 04:43:59,019 [INFO] Epoch 061/1500 | Train: 1.040782e-01 | Val MSE: 9.921207e-02 | Val MAE: 1.833545e-01
2025-11-03 04:45:53,723 [INFO] Epoch 071/1500 | Train: 9.596959e-02 | Val MSE: 8.516361e-02 | Val MAE: 1.689126e-01
2025-11-03 04:47:47,758 [INFO] Epoch 081/1500 | Train: 8.443965e-02 | Val MSE: 8.358183e-02 | Val MAE: 1.679275e-01
2025-11-03 04:49:42,186 [INFO] Epoch 091/1500 | Train: 7.681923e-02 | Val MSE: 7.150771e-02 | Val MAE: 1.474118e-01
2025-11-03 04:51:37,700 [INFO] Epoch 101/1500 | Train: 6.439851e-02 | Val MSE: 5.716459e-02 | Val MAE: 1.362428e-01
2025-11-03 04:53:31,730 [INFO] Epoch 111/1500 | Train: 5.960120e-02 | Val MSE: 4.980186e-02 | Val MAE: 1.222097e-01
2025-11-03 04:55:26,658 [INFO] Epoch 121/1500 | Train: 5.452459e-02 | Val MSE: 4.660337e-02 | Val MAE: 1.144772e-01
2025-11-03 04:57:20,635 [INFO] Epoch 131/1500 | Train: 5.152444e-02 | Val MSE: 4.211357e-02 | Val MAE: 1.145636e-01
2025-11-03 04:59:14,915 [INFO] Epoch 141/1500 | Train: 4.776512e-02 | Val MSE: 4.659042e-02 | Val MAE: 1.184691e-01
2025-11-03 05:01:09,054 [INFO] Epoch 151/1500 | Train: 4.478094e-02 | Val MSE: 4.048670e-02 | Val MAE: 1.121666e-01
2025-11-03 05:03:03,383 [INFO] Epoch 161/1500 | Train: 3.913579e-02 | Val MSE: 3.955402e-02 | Val MAE: 1.006030e-01
2025-11-03 05:04:56,541 [INFO] Epoch 171/1500 | Train: 3.855954e-02 | Val MSE: 3.805871e-02 | Val MAE: 9.909280e-02
2025-11-03 05:06:50,531 [INFO] Epoch 181/1500 | Train: 3.677197e-02 | Val MSE: 3.613299e-02 | Val MAE: 9.714616e-02
2025-11-03 05:08:44,355 [INFO] Epoch 191/1500 | Train: 3.585795e-02 | Val MSE: 3.882940e-02 | Val MAE: 9.823937e-02
2025-11-03 05:10:37,773 [INFO] Epoch 201/1500 | Train: 3.450074e-02 | Val MSE: 3.506526e-02 | Val MAE: 9.304402e-02
2025-11-03 05:12:32,097 [INFO] Epoch 211/1500 | Train: 3.237788e-02 | Val MSE: 3.436039e-02 | Val MAE: 9.245252e-02
2025-11-03 05:14:25,657 [INFO] Epoch 221/1500 | Train: 3.154775e-02 | Val MSE: 3.429487e-02 | Val MAE: 9.250632e-02
2025-11-03 05:15:00,529 [INFO] Early stopping at epoch 224
2025-11-03 05:15:00,529 [INFO] Total training time: 42m 39.73s
2025-11-03 05:15:00,885 [INFO] Loss curve saved to results_ieee30/n_40_m_500/pretraining_loss_curve.png
2025-11-03 05:15:00,886 [INFO] --- Starting Post-Training Analysis ---
2025-11-03 05:15:02,595 [INFO] Analysis plots saved to results_ieee30/n_40_m_500/analysis_plots
2025-11-03 05:15:02,596 [INFO] Metrics saved to results_ieee30/n_40_m_500/metrics.json
