2025-11-03 02:03:51,465 [INFO] Device: CUDA
2025-11-03 02:03:51,465 [INFO] Auto-adjusted batch size: 256 -> 160 (for N=4)
2025-11-03 02:03:51,473 [INFO] token_dim=5, num_buses=30, num_views=4
2025-11-03 02:03:52,169 [INFO] Using GRADIENT ACCUMULATION with 2 steps
2025-11-03 02:03:52,169 [INFO] --- Starting Pre-training ---
2025-11-03 02:03:53,286 [INFO] Epoch 001/1500 | Train: 1.626102e+00 | Val MSE: 9.336052e-01 | Val MAE: 7.665893e-01
2025-11-03 02:04:03,534 [INFO] Epoch 011/1500 | Train: 5.845041e-01 | Val MSE: 5.956123e-01 | Val MAE: 5.997396e-01
2025-11-03 02:04:14,269 [INFO] Epoch 021/1500 | Train: 5.563854e-01 | Val MSE: 5.433453e-01 | Val MAE: 5.696295e-01
2025-11-03 02:04:25,200 [INFO] Epoch 031/1500 | Train: 4.681192e-01 | Val MSE: 4.251737e-01 | Val MAE: 4.917300e-01
2025-11-03 02:04:33,448 [INFO] Epoch 041/1500 | Train: 4.180288e-01 | Val MSE: 3.660346e-01 | Val MAE: 4.300070e-01
2025-11-03 02:04:43,189 [INFO] Epoch 051/1500 | Train: 3.963478e-01 | Val MSE: 3.679654e-01 | Val MAE: 4.404177e-01
2025-11-03 02:04:53,251 [INFO] Epoch 061/1500 | Train: 3.700084e-01 | Val MSE: 3.232201e-01 | Val MAE: 3.965300e-01
2025-11-03 02:05:03,182 [INFO] Epoch 071/1500 | Train: 3.558022e-01 | Val MSE: 3.070430e-01 | Val MAE: 3.886421e-01
2025-11-03 02:05:12,952 [INFO] Epoch 081/1500 | Train: 2.954811e-01 | Val MSE: 2.703460e-01 | Val MAE: 3.540786e-01
2025-11-03 02:05:22,997 [INFO] Epoch 091/1500 | Train: 2.611669e-01 | Val MSE: 2.396662e-01 | Val MAE: 3.357809e-01
2025-11-03 02:05:32,536 [INFO] Epoch 101/1500 | Train: 2.449143e-01 | Val MSE: 2.104178e-01 | Val MAE: 2.987655e-01
2025-11-03 02:05:41,167 [INFO] Epoch 111/1500 | Train: 2.074633e-01 | Val MSE: 1.833536e-01 | Val MAE: 2.782068e-01
2025-11-03 02:05:50,651 [INFO] Epoch 121/1500 | Train: 1.858760e-01 | Val MSE: 1.518302e-01 | Val MAE: 2.572513e-01
2025-11-03 02:05:59,031 [INFO] Epoch 131/1500 | Train: 1.620893e-01 | Val MSE: 1.566458e-01 | Val MAE: 2.537197e-01
2025-11-03 02:06:06,297 [INFO] Epoch 141/1500 | Train: 1.519985e-01 | Val MSE: 1.273216e-01 | Val MAE: 2.212160e-01
2025-11-03 02:06:13,709 [INFO] Epoch 151/1500 | Train: 1.434585e-01 | Val MSE: 1.200901e-01 | Val MAE: 2.093790e-01
2025-11-03 02:06:18,722 [INFO] Epoch 161/1500 | Train: 1.448386e-01 | Val MSE: 1.241156e-01 | Val MAE: 2.100251e-01
2025-11-03 02:06:22,842 [INFO] Epoch 171/1500 | Train: 1.264538e-01 | Val MSE: 1.114836e-01 | Val MAE: 1.950631e-01
2025-11-03 02:06:26,908 [INFO] Epoch 181/1500 | Train: 1.268812e-01 | Val MSE: 1.045400e-01 | Val MAE: 1.948653e-01
2025-11-03 02:06:31,044 [INFO] Epoch 191/1500 | Train: 1.228693e-01 | Val MSE: 9.698889e-02 | Val MAE: 1.859494e-01
2025-11-03 02:06:35,165 [INFO] Epoch 201/1500 | Train: 1.152115e-01 | Val MSE: 9.314711e-02 | Val MAE: 1.768940e-01
2025-11-03 02:06:39,233 [INFO] Epoch 211/1500 | Train: 1.212846e-01 | Val MSE: 9.260905e-02 | Val MAE: 1.758719e-01
2025-11-03 02:06:43,319 [INFO] Epoch 221/1500 | Train: 1.113968e-01 | Val MSE: 9.105031e-02 | Val MAE: 1.720181e-01
2025-11-03 02:06:47,377 [INFO] Epoch 231/1500 | Train: 1.130352e-01 | Val MSE: 9.142192e-02 | Val MAE: 1.698939e-01
2025-11-03 02:06:51,468 [INFO] Epoch 241/1500 | Train: 1.094146e-01 | Val MSE: 8.810286e-02 | Val MAE: 1.673282e-01
2025-11-03 02:06:55,565 [INFO] Epoch 251/1500 | Train: 1.069190e-01 | Val MSE: 8.552929e-02 | Val MAE: 1.660207e-01
2025-11-03 02:06:59,636 [INFO] Epoch 261/1500 | Train: 1.066724e-01 | Val MSE: 8.111682e-02 | Val MAE: 1.608249e-01
2025-11-03 02:07:02,089 [INFO] Early stopping at epoch 267
2025-11-03 02:07:02,089 [INFO] Total training time: 3m 9.92s
2025-11-03 02:07:02,426 [INFO] Loss curve saved to results_ieee30/n_4_m_1000/pretraining_loss_curve.png
2025-11-03 02:07:02,426 [INFO] --- Starting Post-Training Analysis ---
2025-11-03 02:07:03,330 [INFO] Analysis plots saved to results_ieee30/n_4_m_1000/analysis_plots
2025-11-03 02:07:03,331 [INFO] Metrics saved to results_ieee30/n_4_m_1000/metrics.json
