2025-11-03 02:45:25,935 [INFO] Device: CUDA
2025-11-03 02:45:25,935 [INFO] Auto-adjusted batch size: 256 -> 42 (for N=15)
2025-11-03 02:45:25,950 [INFO] token_dim=5, num_buses=30, num_views=15
2025-11-03 02:45:26,528 [INFO] Using SEQUENTIAL view processing (memory-efficient)
2025-11-03 02:45:26,528 [INFO] --- Starting Pre-training ---
2025-11-03 02:45:30,472 [INFO] Epoch 001/1500 | Train: 9.979521e-01 | Val MSE: 6.206348e-01 | Val MAE: 6.052031e-01
2025-11-03 02:46:05,829 [INFO] Epoch 011/1500 | Train: 3.295066e-01 | Val MSE: 3.155980e-01 | Val MAE: 3.786554e-01
2025-11-03 02:46:41,159 [INFO] Epoch 021/1500 | Train: 1.609430e-01 | Val MSE: 1.361794e-01 | Val MAE: 2.263732e-01
2025-11-03 02:47:16,317 [INFO] Epoch 031/1500 | Train: 1.145036e-01 | Val MSE: 9.167281e-02 | Val MAE: 1.791461e-01
2025-11-03 02:47:51,585 [INFO] Epoch 041/1500 | Train: 8.583320e-02 | Val MSE: 6.488656e-02 | Val MAE: 1.484423e-01
2025-11-03 02:48:27,119 [INFO] Epoch 051/1500 | Train: 6.924952e-02 | Val MSE: 4.868931e-02 | Val MAE: 1.206001e-01
2025-11-03 02:49:02,646 [INFO] Epoch 061/1500 | Train: 5.892392e-02 | Val MSE: 3.809681e-02 | Val MAE: 1.059561e-01
2025-11-03 02:49:37,728 [INFO] Epoch 071/1500 | Train: 5.177826e-02 | Val MSE: 3.372096e-02 | Val MAE: 9.891608e-02
2025-11-03 02:50:12,811 [INFO] Epoch 081/1500 | Train: 4.575755e-02 | Val MSE: 2.982917e-02 | Val MAE: 9.217195e-02
2025-11-03 02:50:47,887 [INFO] Epoch 091/1500 | Train: 4.271058e-02 | Val MSE: 2.541537e-02 | Val MAE: 9.085418e-02
2025-11-03 02:51:23,194 [INFO] Epoch 101/1500 | Train: 3.936315e-02 | Val MSE: 2.143230e-02 | Val MAE: 8.033443e-02
2025-11-03 02:52:02,268 [INFO] Epoch 111/1500 | Train: 3.759263e-02 | Val MSE: 2.187446e-02 | Val MAE: 8.158166e-02
2025-11-03 02:52:41,424 [INFO] Epoch 121/1500 | Train: 3.254865e-02 | Val MSE: 2.012979e-02 | Val MAE: 7.199805e-02
2025-11-03 02:54:09,973 [INFO] Epoch 131/1500 | Train: 3.205148e-02 | Val MSE: 1.751752e-02 | Val MAE: 6.985919e-02
2025-11-03 02:56:04,124 [INFO] Epoch 141/1500 | Train: 3.111017e-02 | Val MSE: 1.586809e-02 | Val MAE: 6.639492e-02
2025-11-03 02:57:53,938 [INFO] Epoch 151/1500 | Train: 3.053077e-02 | Val MSE: 1.651756e-02 | Val MAE: 6.658732e-02
2025-11-03 02:59:51,165 [INFO] Epoch 161/1500 | Train: 2.890199e-02 | Val MSE: 1.604143e-02 | Val MAE: 6.459094e-02
2025-11-03 03:01:40,346 [INFO] Epoch 171/1500 | Train: 2.794701e-02 | Val MSE: 1.275091e-02 | Val MAE: 5.922160e-02
2025-11-03 03:02:42,034 [INFO] Epoch 181/1500 | Train: 2.858001e-02 | Val MSE: 1.548179e-02 | Val MAE: 6.400971e-02
2025-11-03 03:03:44,958 [INFO] Epoch 191/1500 | Train: 2.743584e-02 | Val MSE: 1.379713e-02 | Val MAE: 6.044474e-02
2025-11-03 03:04:13,967 [INFO] Early stopping at epoch 196
2025-11-03 03:04:13,967 [INFO] Total training time: 18m 47.44s
2025-11-03 03:04:14,330 [INFO] Loss curve saved to results_ieee30/n_15_m_2000/pretraining_loss_curve.png
2025-11-03 03:04:14,330 [INFO] --- Starting Post-Training Analysis ---
2025-11-03 03:04:15,457 [INFO] Analysis plots saved to results_ieee30/n_15_m_2000/analysis_plots
2025-11-03 03:04:15,458 [INFO] Metrics saved to results_ieee30/n_15_m_2000/metrics.json
