[RUN] n=50 m=500 at 2025-11-03T05:48:58.401697
[RUN][CMD] /home/psquare_quantum/Desktop/ssl/bin/python check_new_fixed.py --num_views 50 --data_path data/m_500.npz --outdir results_ieee30/n_50_m_500 --seed 42 --epochs 1500 --batch_size 256 --mask_ratio 0.75 --embed_dim 128 --num_layers 6 --lr 0.0001 --weight_decay 1e-05 --patience 25 --memory_efficient --auto_adjust_batch
2025-11-03 05:48:59,475 [INFO] Device: CUDA
2025-11-03 05:48:59,475 [INFO] Auto-adjusted batch size: 256 -> 12 (for N=50)
2025-11-03 05:48:59,479 [INFO] token_dim=5, num_buses=30, num_views=50
/home/psquare_quantum/Desktop/ssl/lib/python3.10/site-packages/torch/nn/modules/transformer.py:392: UserWarning: enable_nested_tensor is True, but self.use_nested_tensor is False because encoder_layer.norm_first was True
  warnings.warn(
2025-11-03 05:49:00,313 [INFO] Using SEQUENTIAL view processing (memory-efficient)
2025-11-03 05:49:00,313 [INFO] --- Starting Pre-training ---
2025-11-03 05:49:13,918 [INFO] Epoch 001/1500 | Train: 9.728560e-01 | Val MSE: 6.963400e-01 | Val MAE: 6.424388e-01
2025-11-03 05:51:29,315 [INFO] Epoch 011/1500 | Train: 4.177262e-01 | Val MSE: 4.165976e-01 | Val MAE: 4.567726e-01
2025-11-03 05:53:42,422 [INFO] Epoch 021/1500 | Train: 2.774287e-01 | Val MSE: 3.102394e-01 | Val MAE: 3.829051e-01
2025-11-03 05:55:56,193 [INFO] Epoch 031/1500 | Train: 1.673404e-01 | Val MSE: 1.643337e-01 | Val MAE: 2.586408e-01
2025-11-03 05:58:11,656 [INFO] Epoch 041/1500 | Train: 1.326183e-01 | Val MSE: 1.342359e-01 | Val MAE: 2.181397e-01
2025-11-03 06:00:24,599 [INFO] Epoch 051/1500 | Train: 1.065459e-01 | Val MSE: 1.011423e-01 | Val MAE: 1.841782e-01
2025-11-03 06:02:38,583 [INFO] Epoch 061/1500 | Train: 8.993470e-02 | Val MSE: 8.588734e-02 | Val MAE: 1.660783e-01
2025-11-03 06:04:53,283 [INFO] Epoch 071/1500 | Train: 8.214031e-02 | Val MSE: 7.016545e-02 | Val MAE: 1.474054e-01
2025-11-03 06:07:06,596 [INFO] Epoch 081/1500 | Train: 6.931174e-02 | Val MSE: 6.713290e-02 | Val MAE: 1.435373e-01
2025-11-03 06:09:19,946 [INFO] Epoch 091/1500 | Train: 6.267734e-02 | Val MSE: 5.959110e-02 | Val MAE: 1.318391e-01
2025-11-03 06:11:34,362 [INFO] Epoch 101/1500 | Train: 5.339819e-02 | Val MSE: 5.561894e-02 | Val MAE: 1.227197e-01
2025-11-03 06:13:48,599 [INFO] Epoch 111/1500 | Train: 5.029051e-02 | Val MSE: 4.544952e-02 | Val MAE: 1.140989e-01
2025-11-03 06:16:04,852 [INFO] Epoch 121/1500 | Train: 4.638566e-02 | Val MSE: 4.062328e-02 | Val MAE: 1.078001e-01
2025-11-03 06:18:19,124 [INFO] Epoch 131/1500 | Train: 4.383466e-02 | Val MSE: 4.096340e-02 | Val MAE: 1.065278e-01
2025-11-03 06:20:31,071 [INFO] Epoch 141/1500 | Train: 3.795713e-02 | Val MSE: 3.654713e-02 | Val MAE: 9.943804e-02
2025-11-03 06:22:44,728 [INFO] Epoch 151/1500 | Train: 3.669912e-02 | Val MSE: 3.560000e-02 | Val MAE: 9.530588e-02
2025-11-03 06:24:58,852 [INFO] Epoch 161/1500 | Train: 3.577722e-02 | Val MSE: 3.841817e-02 | Val MAE: 1.029098e-01
2025-11-03 06:27:12,810 [INFO] Epoch 171/1500 | Train: 3.332409e-02 | Val MSE: 3.405755e-02 | Val MAE: 9.166030e-02
2025-11-03 06:29:27,034 [INFO] Epoch 181/1500 | Train: 3.164176e-02 | Val MSE: 3.427099e-02 | Val MAE: 9.199646e-02
2025-11-03 06:29:54,006 [INFO] Early stopping at epoch 183
2025-11-03 06:29:54,006 [INFO] Total training time: 40m 53.69s
2025-11-03 06:29:54,374 [INFO] Loss curve saved to results_ieee30/n_50_m_500/pretraining_loss_curve.png
2025-11-03 06:29:54,374 [INFO] --- Starting Post-Training Analysis ---
/home/psquare_quantum/Desktop/ssl/lib/python3.10/site-packages/torch/nn/modules/transformer.py:392: UserWarning: enable_nested_tensor is True, but self.use_nested_tensor is False because encoder_layer.norm_first was True
  warnings.warn(
2025-11-03 06:29:56,035 [INFO] Analysis plots saved to results_ieee30/n_50_m_500/analysis_plots
2025-11-03 06:29:56,036 [INFO] Metrics saved to results_ieee30/n_50_m_500/metrics.json

[RUN] rc=0, elapsed=2458.10s
